running develop
Removing /special/ros2_ws/install/tracking_broadcast/lib/python3.10/site-packages/tracking-broadcast.egg-link (link to .)
running egg_info
writing ../../build/tracking_broadcast/tracking_broadcast.egg-info/PKG-INFO
writing dependency_links to ../../build/tracking_broadcast/tracking_broadcast.egg-info/dependency_links.txt
writing entry points to ../../build/tracking_broadcast/tracking_broadcast.egg-info/entry_points.txt
writing requirements to ../../build/tracking_broadcast/tracking_broadcast.egg-info/requires.txt
writing top-level names to ../../build/tracking_broadcast/tracking_broadcast.egg-info/top_level.txt
reading manifest file '../../build/tracking_broadcast/tracking_broadcast.egg-info/SOURCES.txt'
writing manifest file '../../build/tracking_broadcast/tracking_broadcast.egg-info/SOURCES.txt'
running build
running build_py
creating /special/ros2_ws/build/tracking_broadcast/build
creating /special/ros2_ws/build/tracking_broadcast/build/lib
creating /special/ros2_ws/build/tracking_broadcast/build/lib/tracking_broadcast
copying tracking_broadcast/tracker.py -> /special/ros2_ws/build/tracking_broadcast/build/lib/tracking_broadcast
copying tracking_broadcast/__init__.py -> /special/ros2_ws/build/tracking_broadcast/build/lib/tracking_broadcast
running install
running install_lib
creating /special/ros2_ws/install/tracking_broadcast/lib/python3.10/site-packages/tracking_broadcast
copying /special/ros2_ws/build/tracking_broadcast/build/lib/tracking_broadcast/tracker.py -> /special/ros2_ws/install/tracking_broadcast/lib/python3.10/site-packages/tracking_broadcast
copying /special/ros2_ws/build/tracking_broadcast/build/lib/tracking_broadcast/__init__.py -> /special/ros2_ws/install/tracking_broadcast/lib/python3.10/site-packages/tracking_broadcast
byte-compiling /special/ros2_ws/install/tracking_broadcast/lib/python3.10/site-packages/tracking_broadcast/tracker.py to tracker.cpython-310.pyc
byte-compiling /special/ros2_ws/install/tracking_broadcast/lib/python3.10/site-packages/tracking_broadcast/__init__.py to __init__.cpython-310.pyc
running install_data
running install_egg_info
Copying ../../build/tracking_broadcast/tracking_broadcast.egg-info to /special/ros2_ws/install/tracking_broadcast/lib/python3.10/site-packages/tracking_broadcast-0.0.0-py3.10.egg-info
running install_scripts
Installing tracker script to /special/ros2_ws/install/tracking_broadcast/lib/tracking_broadcast
writing list of installed files to '/special/ros2_ws/build/tracking_broadcast/install.log'
