[0.009s] Invoking command in '/special/ros2_ws/build/motion_capture_tracking': CMAKE_PREFIX_PATH=/special/ros2_ws/install/motion_capture_tracking_interfaces:/special/ros2_ws/install/motion_capture_tracking:/special/ros2_ws/install/crazyflie:/special/ros2_ws/install/crazyflie_sim:/special/ros2_ws/install/crazyflie_examples:/special/ros2_ws/install/crazyflie_interfaces:/special/ros2_ws/install/tracking_broadcast:/special/ros2_ws/install/crazyflie_py:/opt/ros/humble /usr/bin/cmake /special/ros2_ws/src/motion_capture_tracking/motion_capture_tracking -DCMAKE_INSTALL_PREFIX=/special/ros2_ws/install/motion_capture_tracking
[0.018s] -- Found ament_cmake: 1.3.5 (/opt/ros/humble/share/ament_cmake/cmake)
[0.071s] -- Found Python3: /usr/bin/python3.10 (found version "3.10.6") found components: Interpreter 
[0.116s] -- Override CMake install command with custom implementation using symlinks instead of copying resources
[0.124s] -- Found rclcpp: 16.0.4 (/opt/ros/humble/share/rclcpp/cmake)
[0.152s] -- Found rosidl_generator_c: 3.1.4 (/opt/ros/humble/share/rosidl_generator_c/cmake)
[0.155s] -- Found rosidl_adapter: 3.1.4 (/opt/ros/humble/share/rosidl_adapter/cmake)
[0.161s] -- Found rosidl_generator_cpp: 3.1.4 (/opt/ros/humble/share/rosidl_generator_cpp/cmake)
[0.172s] -- Using all available rosidl_typesupport_c: rosidl_typesupport_fastrtps_c;rosidl_typesupport_introspection_c
[0.187s] -- Using all available rosidl_typesupport_cpp: rosidl_typesupport_fastrtps_cpp;rosidl_typesupport_introspection_cpp
[0.233s] -- Found rmw_implementation_cmake: 6.1.1 (/opt/ros/humble/share/rmw_implementation_cmake/cmake)
[0.235s] -- Found rmw_fastrtps_cpp: 6.2.2 (/opt/ros/humble/share/rmw_fastrtps_cpp/cmake)
[0.316s] -- Using RMW implementation 'rmw_fastrtps_cpp' as default
[0.425s] -- Found tf2_ros: 0.25.2 (/opt/ros/humble/share/tf2_ros/cmake)
[0.702s] -- Found sensor_msgs: 4.2.3 (/opt/ros/humble/share/sensor_msgs/cmake)
[0.798s] -- Found motion_capture_tracking_interfaces: 1.0.0 (/special/ros2_ws/install/motion_capture_tracking_interfaces/share/motion_capture_tracking_interfaces/cmake)
[0.910s] -- Eigen found (include: /usr/include/eigen3, version: 3.4.0)
[0.922s] -- Found Boost: /usr/lib/x86_64-linux-gnu/cmake/Boost-1.74.0/BoostConfig.cmake (found suitable version "1.74.0", minimum required is "1.65.0") found components: system filesystem date_time iostreams serialization 
[0.923s] -- looking for PCL_COMMON
[0.924s] -- Found PCL: pcl_common;Boost::system;Boost::filesystem;Boost::date_time;Boost::iostreams;Boost::serialization  
[0.926s] [33mCMake Warning (dev) at deps/librigidbodytracker/CMakeLists.txt:7 (find_package):
[0.926s]   Policy CMP0074 is not set: find_package uses <PackageName>_ROOT variables.
[0.926s]   Run "cmake --help-policy CMP0074" for policy details.  Use the cmake_policy
[0.926s]   command to set the policy and suppress this warning.
[0.926s] 
[0.926s]   CMake variable PCL_ROOT is set to:
[0.927s] 
[0.927s]     /usr
[0.927s] 
[0.927s]   For compatibility, CMake is ignoring the variable.
[0.927s] This warning is for project developers.  Use -Wno-dev to suppress it.
[0.927s] [0m
[0.951s] -- FLANN found (include: /usr/include, lib: /usr/lib/x86_64-linux-gnu/libflann_cpp.so)
[1.280s] -- OpenNI found (version: 1.5.4.0, include: /usr/include/ni, lib: /usr/lib/libOpenNI.so;libusb::libusb)
[1.285s] -- OpenNI2 found (version: 2.2.0.33, include: /usr/include/openni2, lib: /usr/lib/x86_64-linux-gnu/libOpenNI2.so;libusb::libusb)
[1.285s] [0m** WARNING ** io features related to pcap will be disabled[0m
[1.437s] -- Eigen found (include: /usr/include/eigen3, version: 3.4.0)
[1.442s] -- OpenNI found (version: 1.5.4.0, include: /usr/include/ni, lib: /usr/lib/libOpenNI.so;libusb::libusb)
[1.447s] -- OpenNI2 found (version: 2.2.0.33, include: /usr/include/openni2, lib: /usr/lib/x86_64-linux-gnu/libOpenNI2.so;libusb::libusb)
[1.592s] -- Found Qhull version 8.0.2
[1.743s] -- OpenNI found (version: 1.5.4.0, include: /usr/include/ni, lib: /usr/lib/libOpenNI.so;libusb::libusb)
[1.864s] -- looking for PCL_KDTREE
[1.864s] -- looking for PCL_OCTREE
[1.864s] -- looking for PCL_SEARCH
[1.865s] -- looking for PCL_SAMPLE_CONSENSUS
[1.865s] -- looking for PCL_FILTERS
[1.865s] -- looking for PCL_2D
[1.866s] -- looking for PCL_GEOMETRY
[1.866s] -- looking for PCL_IO
[1.866s] -- looking for PCL_FEATURES
[1.867s] -- looking for PCL_ML
[1.867s] -- looking for PCL_SEGMENTATION
[1.868s] -- looking for PCL_VISUALIZATION
[1.868s] -- looking for PCL_SURFACE
[1.868s] -- looking for PCL_REGISTRATION
[1.869s] -- looking for PCL_KEYPOINTS
[1.869s] -- looking for PCL_TRACKING
[1.870s] -- looking for PCL_RECOGNITION
[1.870s] -- looking for PCL_STEREO
[1.870s] -- looking for PCL_APPS
[1.871s] -- looking for PCL_IN_HAND_SCANNER
[1.871s] -- looking for PCL_MODELER
[1.872s] -- looking for PCL_POINT_CLOUD_EDITOR
[1.872s] -- looking for PCL_OUTOFCORE
[1.872s] -- looking for PCL_PEOPLE
[1.873s] -- Found PCL: pcl_common;pcl_kdtree;pcl_octree;pcl_search;pcl_sample_consensus;pcl_filters;pcl_io;pcl_features;pcl_ml;pcl_segmentation;pcl_visualization;pcl_surface;pcl_registration;pcl_keypoints;pcl_tracking;pcl_recognition;pcl_stereo;pcl_apps;pcl_outofcore;pcl_people;Boost::system;Boost::filesystem;Boost::date_time;Boost::iostreams;Boost::serialization;/usr/lib/libOpenNI.so;libusb::libusb;/usr/lib/x86_64-linux-gnu/libOpenNI2.so;libusb::libusb;VTK::ChartsCore;VTK::CommonColor;VTK::CommonComputationalGeometry;VTK::CommonCore;VTK::CommonDataModel;VTK::CommonExecutionModel;VTK::CommonMath;VTK::CommonMisc;VTK::CommonTransforms;VTK::FiltersCore;VTK::FiltersExtraction;VTK::FiltersGeneral;VTK::FiltersGeometry;VTK::FiltersModeling;VTK::FiltersSources;VTK::ImagingCore;VTK::ImagingSources;VTK::InteractionImage;VTK::InteractionStyle;VTK::InteractionWidgets;VTK::IOCore;VTK::IOGeometry;VTK::IOImage;VTK::IOLegacy;VTK::IOPLY;VTK::RenderingAnnotation;VTK::RenderingCore;VTK::RenderingContext2D;VTK::RenderingLOD;VTK::RenderingFreeType;VTK::ViewsCore;VTK::ViewsContext2D;VTK::RenderingOpenGL2;VTK::GUISupportQt;FLANN::FLANN;QHULL::QHULL  
[1.880s] -- Found Boost: /usr/lib/x86_64-linux-gnu/cmake/Boost-1.74.0/BoostConfig.cmake (found suitable version "1.74.0", minimum required is "1.5") found components: system 
[1.890s] -- Found Boost: /usr/lib/x86_64-linux-gnu/cmake/Boost-1.74.0/BoostConfig.cmake (found suitable version "1.74.0", minimum required is "1.5") found components: system thread 
[1.897s] [0mCMake Deprecation Warning at deps/libmotioncapture/deps/vrpn/CMakeLists.txt:1 (cmake_minimum_required):
[1.898s]   Compatibility with CMake < 2.8.12 will be removed from a future version of
[1.898s]   CMake.
[1.898s] 
[1.898s]   Update the VERSION argument <min> value or use a ...<max> suffix to tell
[1.898s]   CMake that the project does not need compatibility with older versions.
[1.898s] 
[1.898s] [0m
[1.949s] [0mCMake Deprecation Warning at deps/libmotioncapture/deps/vrpn/quat/CMakeLists.txt:1 (cmake_minimum_required):
[1.949s]   Compatibility with CMake < 2.8.12 will be removed from a future version of
[1.949s]   CMake.
[1.949s] 
[1.949s]   Update the VERSION argument <min> value or use a ...<max> suffix to tell
[1.949s]   CMake that the project does not need compatibility with older versions.
[1.949s] 
[1.949s] [0m
[2.823s] -- NOTE: You have VRPN_USE_LOCAL_HIDAPI enabled, but VRPN_USE_HID disabled: HIDAPI will only be built if you enable HID support for VRPN
[2.823s] [0mCMake Deprecation Warning at deps/libmotioncapture/deps/vrpn/cmake/FindOpenHaptics.cmake:56 (cmake_minimum_required):
[2.823s]   Compatibility with CMake < 2.8.12 will be removed from a future version of
[2.823s]   CMake.
[2.823s] 
[2.823s]   Update the VERSION argument <min> value or use a ...<max> suffix to tell
[2.823s]   CMake that the project does not need compatibility with older versions.
[2.823s] Call Stack (most recent call first):
[2.823s]   deps/libmotioncapture/deps/vrpn/CMakeLists.txt:468 (find_package)
[2.823s] 
[2.823s] [0m
[2.835s] [33mCMake Warning (dev) at /usr/share/cmake-3.22/Modules/FindPackageHandleStandardArgs.cmake:438 (message):
[2.836s]   The package name passed to `find_package_handle_standard_args` (I2CDEV)
[2.836s]   does not match the name of the calling package (libi2c-dev).  This can lead
[2.836s]   to problems in calling code that expects `find_package` result variables
[2.836s]   (e.g., `_FOUND`) to follow a certain pattern.
[2.836s] Call Stack (most recent call first):
[2.836s]   deps/libmotioncapture/deps/vrpn/cmake/Findlibi2c-dev.cmake:43 (find_package_handle_standard_args)
[2.836s]   deps/libmotioncapture/deps/vrpn/CMakeLists.txt:518 (find_package)
[2.836s] This warning is for project developers.  Use -Wno-dev to suppress it.
[2.836s] [0m
[2.866s] [0mCMake Deprecation Warning at deps/libmotioncapture/deps/vrpn/client_src/CMakeLists.txt:1 (cmake_minimum_required):
[2.866s]   Compatibility with CMake < 2.8.12 will be removed from a future version of
[2.866s]   CMake.
[2.866s] 
[2.866s]   Update the VERSION argument <min> value or use a ...<max> suffix to tell
[2.866s]   CMake that the project does not need compatibility with older versions.
[2.866s] 
[2.866s] [0m
[2.917s] -- Configuring done
[2.983s] -- Generating done
[2.990s] -- Build files have been written to: /special/ros2_ws/build/motion_capture_tracking
[3.013s] Invoked command in '/special/ros2_ws/build/motion_capture_tracking' returned '0': CMAKE_PREFIX_PATH=/special/ros2_ws/install/motion_capture_tracking_interfaces:/special/ros2_ws/install/motion_capture_tracking:/special/ros2_ws/install/crazyflie:/special/ros2_ws/install/crazyflie_sim:/special/ros2_ws/install/crazyflie_examples:/special/ros2_ws/install/crazyflie_interfaces:/special/ros2_ws/install/tracking_broadcast:/special/ros2_ws/install/crazyflie_py:/opt/ros/humble /usr/bin/cmake /special/ros2_ws/src/motion_capture_tracking/motion_capture_tracking -DCMAKE_INSTALL_PREFIX=/special/ros2_ws/install/motion_capture_tracking
[3.015s] Invoking command in '/special/ros2_ws/build/motion_capture_tracking': CMAKE_PREFIX_PATH=/special/ros2_ws/install/motion_capture_tracking_interfaces:/special/ros2_ws/install/motion_capture_tracking:/special/ros2_ws/install/crazyflie:/special/ros2_ws/install/crazyflie_sim:/special/ros2_ws/install/crazyflie_examples:/special/ros2_ws/install/crazyflie_interfaces:/special/ros2_ws/install/tracking_broadcast:/special/ros2_ws/install/crazyflie_py:/opt/ros/humble /usr/bin/cmake --build /special/ros2_ws/build/motion_capture_tracking -- -j8 -l8
[3.044s] [35m[1mConsolidate compiler generated dependencies of target quat[0m
[3.045s] [35m[1mConsolidate compiler generated dependencies of target qualisys_cpp_sdk[0m
[3.045s] [35m[1mConsolidate compiler generated dependencies of target librigidbodytracker[0m
[3.050s] [  8%] Built target quat
[3.052s] [35m[1mConsolidate compiler generated dependencies of target ViconDataStreamSDK_CPP[0m
[3.057s] [ 16%] Built target qualisys_cpp_sdk
[3.062s] [35m[1mConsolidate compiler generated dependencies of target vrpn[0m
[3.063s] [ 19%] Built target librigidbodytracker
[3.079s] [ 66%] Built target vrpn
[3.092s] [ 83%] Built target ViconDataStreamSDK_CPP
[3.102s] [35m[1mConsolidate compiler generated dependencies of target libmotioncapture[0m
[3.125s] [ 96%] Built target libmotioncapture
[3.133s] [35m[1mConsolidate compiler generated dependencies of target motion_capture_tracking_node[0m
[3.149s] [100%] Built target motion_capture_tracking_node
[3.156s] Invoked command in '/special/ros2_ws/build/motion_capture_tracking' returned '0': CMAKE_PREFIX_PATH=/special/ros2_ws/install/motion_capture_tracking_interfaces:/special/ros2_ws/install/motion_capture_tracking:/special/ros2_ws/install/crazyflie:/special/ros2_ws/install/crazyflie_sim:/special/ros2_ws/install/crazyflie_examples:/special/ros2_ws/install/crazyflie_interfaces:/special/ros2_ws/install/tracking_broadcast:/special/ros2_ws/install/crazyflie_py:/opt/ros/humble /usr/bin/cmake --build /special/ros2_ws/build/motion_capture_tracking -- -j8 -l8
[3.185s] Invoking command in '/special/ros2_ws/build/motion_capture_tracking': CMAKE_PREFIX_PATH=/special/ros2_ws/install/motion_capture_tracking_interfaces:/special/ros2_ws/install/motion_capture_tracking:/special/ros2_ws/install/crazyflie:/special/ros2_ws/install/crazyflie_sim:/special/ros2_ws/install/crazyflie_examples:/special/ros2_ws/install/crazyflie_interfaces:/special/ros2_ws/install/tracking_broadcast:/special/ros2_ws/install/crazyflie_py:/opt/ros/humble /usr/bin/cmake --install /special/ros2_ws/build/motion_capture_tracking
[3.189s] -- Install configuration: ""
[3.189s] -- Execute custom install script
[3.190s] -- Up-to-date symlink: /special/ros2_ws/install/motion_capture_tracking/lib/motion_capture_tracking/motion_capture_tracking_node
[3.190s] -- Up-to-date symlink: /special/ros2_ws/install/motion_capture_tracking/share/motion_capture_tracking//launch/launch.py
[3.190s] -- Up-to-date symlink: /special/ros2_ws/install/motion_capture_tracking/share/motion_capture_tracking//launch/node.launch
[3.190s] -- Up-to-date symlink: /special/ros2_ws/install/motion_capture_tracking/share/motion_capture_tracking//config/cfg.yaml
[3.190s] -- Up-to-date symlink: /special/ros2_ws/install/motion_capture_tracking/share/motion_capture_tracking//config/rviz.rviz
[3.190s] -- Up-to-date symlink: /special/ros2_ws/install/motion_capture_tracking/share/ament_index/resource_index/package_run_dependencies/motion_capture_tracking
[3.190s] -- Up-to-date symlink: /special/ros2_ws/install/motion_capture_tracking/share/ament_index/resource_index/parent_prefix_path/motion_capture_tracking
[3.190s] -- Up-to-date symlink: /special/ros2_ws/install/motion_capture_tracking/share/motion_capture_tracking/environment/ament_prefix_path.sh
[3.190s] -- Up-to-date symlink: /special/ros2_ws/install/motion_capture_tracking/share/motion_capture_tracking/environment/ament_prefix_path.dsv
[3.190s] -- Up-to-date symlink: /special/ros2_ws/install/motion_capture_tracking/share/motion_capture_tracking/environment/path.sh
[3.191s] -- Up-to-date symlink: /special/ros2_ws/install/motion_capture_tracking/share/motion_capture_tracking/environment/path.dsv
[3.191s] -- Up-to-date symlink: /special/ros2_ws/install/motion_capture_tracking/share/motion_capture_tracking/local_setup.bash
[3.191s] -- Up-to-date symlink: /special/ros2_ws/install/motion_capture_tracking/share/motion_capture_tracking/local_setup.sh
[3.191s] -- Up-to-date symlink: /special/ros2_ws/install/motion_capture_tracking/share/motion_capture_tracking/local_setup.zsh
[3.191s] -- Up-to-date symlink: /special/ros2_ws/install/motion_capture_tracking/share/motion_capture_tracking/local_setup.dsv
[3.191s] -- Symlinking: /special/ros2_ws/install/motion_capture_tracking/share/motion_capture_tracking/package.dsv
[3.197s] -- Up-to-date symlink: /special/ros2_ws/install/motion_capture_tracking/share/ament_index/resource_index/packages/motion_capture_tracking
[3.198s] -- Up-to-date symlink: /special/ros2_ws/install/motion_capture_tracking/share/motion_capture_tracking/cmake/motion_capture_trackingConfig.cmake
[3.198s] -- Up-to-date symlink: /special/ros2_ws/install/motion_capture_tracking/share/motion_capture_tracking/cmake/motion_capture_trackingConfig-version.cmake
[3.198s] -- Up-to-date symlink: /special/ros2_ws/install/motion_capture_tracking/share/motion_capture_tracking/package.xml
[3.200s] Invoked command in '/special/ros2_ws/build/motion_capture_tracking' returned '0': CMAKE_PREFIX_PATH=/special/ros2_ws/install/motion_capture_tracking_interfaces:/special/ros2_ws/install/motion_capture_tracking:/special/ros2_ws/install/crazyflie:/special/ros2_ws/install/crazyflie_sim:/special/ros2_ws/install/crazyflie_examples:/special/ros2_ws/install/crazyflie_interfaces:/special/ros2_ws/install/tracking_broadcast:/special/ros2_ws/install/crazyflie_py:/opt/ros/humble /usr/bin/cmake --install /special/ros2_ws/build/motion_capture_tracking
