[0.757s] Invoking command in '/special/ros2_ws/src/build/crazyflie_sim': AMENT_PREFIX_PATH=/special/ros2_ws/src/install/crazyflie_interfaces:${AMENT_PREFIX_PATH} CMAKE_PREFIX_PATH=/special/ros2_ws/src/install/crazyflie_interfaces:/special/ros2_ws/install/motion_capture_tracking:/special/ros2_ws/install/crazyflie:/special/ros2_ws/install/motion_capture_tracking_interfaces:/special/ros2_ws/install/crazyflie_sim:/special/ros2_ws/install/crazyflie_examples:/special/ros2_ws/install/crazyflie_interfaces:/special/ros2_ws/install/crazyflie_py:/opt/ros/humble LD_LIBRARY_PATH=/special/ros2_ws/src/install/crazyflie_interfaces/lib:${LD_LIBRARY_PATH} PYTHONPATH=/special/ros2_ws/src/install/crazyflie_interfaces/local/lib/python3.10/dist-packages:${PYTHONPATH} /usr/bin/cmake /special/ros2_ws/src/crazyswarm2/crazyflie_sim -DCMAKE_INSTALL_PREFIX=/special/ros2_ws/src/install/crazyflie_sim
[0.955s] -- The C compiler identification is GNU 11.3.0
[1.129s] -- The CXX compiler identification is GNU 11.3.0
[1.152s] -- Detecting C compiler ABI info
[1.382s] -- Detecting C compiler ABI info - done
[1.406s] -- Check for working C compiler: /usr/bin/cc - skipped
[1.406s] -- Detecting C compile features
[1.406s] -- Detecting C compile features - done
[1.415s] -- Detecting CXX compiler ABI info
[1.668s] -- Detecting CXX compiler ABI info - done
[1.679s] -- Check for working CXX compiler: /usr/bin/c++ - skipped
[1.680s] -- Detecting CXX compile features
[1.680s] -- Detecting CXX compile features - done
[1.683s] -- Found ament_cmake: 1.3.5 (/opt/ros/humble/share/ament_cmake/cmake)
[2.365s] -- Found Python3: /usr/bin/python3.10 (found version "3.10.6") found components: Interpreter 
[2.967s] -- Configuring done
[2.987s] -- Generating done
[2.995s] -- Build files have been written to: /special/ros2_ws/src/build/crazyflie_sim
[3.014s] Invoked command in '/special/ros2_ws/src/build/crazyflie_sim' returned '0': AMENT_PREFIX_PATH=/special/ros2_ws/src/install/crazyflie_interfaces:${AMENT_PREFIX_PATH} CMAKE_PREFIX_PATH=/special/ros2_ws/src/install/crazyflie_interfaces:/special/ros2_ws/install/motion_capture_tracking:/special/ros2_ws/install/crazyflie:/special/ros2_ws/install/motion_capture_tracking_interfaces:/special/ros2_ws/install/crazyflie_sim:/special/ros2_ws/install/crazyflie_examples:/special/ros2_ws/install/crazyflie_interfaces:/special/ros2_ws/install/crazyflie_py:/opt/ros/humble LD_LIBRARY_PATH=/special/ros2_ws/src/install/crazyflie_interfaces/lib:${LD_LIBRARY_PATH} PYTHONPATH=/special/ros2_ws/src/install/crazyflie_interfaces/local/lib/python3.10/dist-packages:${PYTHONPATH} /usr/bin/cmake /special/ros2_ws/src/crazyswarm2/crazyflie_sim -DCMAKE_INSTALL_PREFIX=/special/ros2_ws/src/install/crazyflie_sim
[3.014s] Invoking command in '/special/ros2_ws/src/build/crazyflie_sim': AMENT_PREFIX_PATH=/special/ros2_ws/src/install/crazyflie_interfaces:${AMENT_PREFIX_PATH} CMAKE_PREFIX_PATH=/special/ros2_ws/src/install/crazyflie_interfaces:/special/ros2_ws/install/motion_capture_tracking:/special/ros2_ws/install/crazyflie:/special/ros2_ws/install/motion_capture_tracking_interfaces:/special/ros2_ws/install/crazyflie_sim:/special/ros2_ws/install/crazyflie_examples:/special/ros2_ws/install/crazyflie_interfaces:/special/ros2_ws/install/crazyflie_py:/opt/ros/humble LD_LIBRARY_PATH=/special/ros2_ws/src/install/crazyflie_interfaces/lib:${LD_LIBRARY_PATH} PYTHONPATH=/special/ros2_ws/src/install/crazyflie_interfaces/local/lib/python3.10/dist-packages:${PYTHONPATH} /usr/bin/cmake --build /special/ros2_ws/src/build/crazyflie_sim -- -j8 -l8
[3.222s] Built target ament_cmake_python_copy_crazyflie_sim_setup
[3.247s] Built target ament_cmake_python_copy_crazyflie_sim
[3.839s] running egg_info
[3.843s] creating crazyflie_sim.egg-info
[3.844s] writing crazyflie_sim.egg-info/PKG-INFO
[3.845s] writing dependency_links to crazyflie_sim.egg-info/dependency_links.txt
[3.847s] writing entry points to crazyflie_sim.egg-info/entry_points.txt
[3.851s] writing top-level names to crazyflie_sim.egg-info/top_level.txt
[3.853s] writing manifest file 'crazyflie_sim.egg-info/SOURCES.txt'
[3.863s] reading manifest file 'crazyflie_sim.egg-info/SOURCES.txt'
[3.864s] writing manifest file 'crazyflie_sim.egg-info/SOURCES.txt'
[3.929s] running install_scripts
[3.962s] running egg_info
[3.963s] writing crazyflie_sim.egg-info/PKG-INFO
[3.963s] writing dependency_links to crazyflie_sim.egg-info/dependency_links.txt
[3.964s] writing entry points to crazyflie_sim.egg-info/entry_points.txt
[3.964s] writing top-level names to crazyflie_sim.egg-info/top_level.txt
[3.967s] reading manifest file 'crazyflie_sim.egg-info/SOURCES.txt'
[3.968s] writing manifest file 'crazyflie_sim.egg-info/SOURCES.txt'
[3.969s] Installing crazyflie_server script to scripts
[3.979s] Built target ament_cmake_python_build_crazyflie_sim_egg
[4.050s] Built target ament_cmake_python_build_crazyflie_sim_scripts
[4.093s] Invoked command in '/special/ros2_ws/src/build/crazyflie_sim' returned '0': AMENT_PREFIX_PATH=/special/ros2_ws/src/install/crazyflie_interfaces:${AMENT_PREFIX_PATH} CMAKE_PREFIX_PATH=/special/ros2_ws/src/install/crazyflie_interfaces:/special/ros2_ws/install/motion_capture_tracking:/special/ros2_ws/install/crazyflie:/special/ros2_ws/install/motion_capture_tracking_interfaces:/special/ros2_ws/install/crazyflie_sim:/special/ros2_ws/install/crazyflie_examples:/special/ros2_ws/install/crazyflie_interfaces:/special/ros2_ws/install/crazyflie_py:/opt/ros/humble LD_LIBRARY_PATH=/special/ros2_ws/src/install/crazyflie_interfaces/lib:${LD_LIBRARY_PATH} PYTHONPATH=/special/ros2_ws/src/install/crazyflie_interfaces/local/lib/python3.10/dist-packages:${PYTHONPATH} /usr/bin/cmake --build /special/ros2_ws/src/build/crazyflie_sim -- -j8 -l8
[4.224s] Invoking command in '/special/ros2_ws/src/build/crazyflie_sim': AMENT_PREFIX_PATH=/special/ros2_ws/src/install/crazyflie_interfaces:${AMENT_PREFIX_PATH} CMAKE_PREFIX_PATH=/special/ros2_ws/src/install/crazyflie_interfaces:/special/ros2_ws/install/motion_capture_tracking:/special/ros2_ws/install/crazyflie:/special/ros2_ws/install/motion_capture_tracking_interfaces:/special/ros2_ws/install/crazyflie_sim:/special/ros2_ws/install/crazyflie_examples:/special/ros2_ws/install/crazyflie_interfaces:/special/ros2_ws/install/crazyflie_py:/opt/ros/humble LD_LIBRARY_PATH=/special/ros2_ws/src/install/crazyflie_interfaces/lib:${LD_LIBRARY_PATH} PYTHONPATH=/special/ros2_ws/src/install/crazyflie_interfaces/local/lib/python3.10/dist-packages:${PYTHONPATH} /usr/bin/cmake --install /special/ros2_ws/src/build/crazyflie_sim
[4.265s] -- Install configuration: ""
[4.265s] -- Installing: /special/ros2_ws/src/install/crazyflie_sim/share/crazyflie_sim/environment/pythonpath.sh
[4.266s] -- Installing: /special/ros2_ws/src/install/crazyflie_sim/share/crazyflie_sim/environment/pythonpath.dsv
[4.266s] -- Installing: /special/ros2_ws/src/install/crazyflie_sim/local/lib/python3.10/dist-packages/crazyflie_sim-2.0.0-py3.10.egg-info
[4.266s] -- Installing: /special/ros2_ws/src/install/crazyflie_sim/local/lib/python3.10/dist-packages/crazyflie_sim-2.0.0-py3.10.egg-info/PKG-INFO
[4.266s] -- Installing: /special/ros2_ws/src/install/crazyflie_sim/local/lib/python3.10/dist-packages/crazyflie_sim-2.0.0-py3.10.egg-info/top_level.txt
[4.267s] -- Installing: /special/ros2_ws/src/install/crazyflie_sim/local/lib/python3.10/dist-packages/crazyflie_sim-2.0.0-py3.10.egg-info/entry_points.txt
[4.267s] -- Installing: /special/ros2_ws/src/install/crazyflie_sim/local/lib/python3.10/dist-packages/crazyflie_sim-2.0.0-py3.10.egg-info/dependency_links.txt
[4.267s] -- Installing: /special/ros2_ws/src/install/crazyflie_sim/local/lib/python3.10/dist-packages/crazyflie_sim-2.0.0-py3.10.egg-info/SOURCES.txt
[4.267s] -- Installing: /special/ros2_ws/src/install/crazyflie_sim/lib/crazyflie_sim/
[4.267s] -- Installing: /special/ros2_ws/src/install/crazyflie_sim/lib/crazyflie_sim//crazyflie_server
[4.268s] -- Installing: /special/ros2_ws/src/install/crazyflie_sim/local/lib/python3.10/dist-packages/crazyflie_sim
[4.268s] -- Installing: /special/ros2_ws/src/install/crazyflie_sim/local/lib/python3.10/dist-packages/crazyflie_sim/sim_data_types.py
[4.268s] -- Installing: /special/ros2_ws/src/install/crazyflie_sim/local/lib/python3.10/dist-packages/crazyflie_sim/backend
[4.268s] -- Installing: /special/ros2_ws/src/install/crazyflie_sim/local/lib/python3.10/dist-packages/crazyflie_sim/backend/none.py
[4.268s] -- Installing: /special/ros2_ws/src/install/crazyflie_sim/local/lib/python3.10/dist-packages/crazyflie_sim/backend/np.py
[4.268s] -- Installing: /special/ros2_ws/src/install/crazyflie_sim/local/lib/python3.10/dist-packages/crazyflie_sim/visualization
[4.269s] -- Installing: /special/ros2_ws/src/install/crazyflie_sim/local/lib/python3.10/dist-packages/crazyflie_sim/visualization/blender.py
[4.269s] -- Installing: /special/ros2_ws/src/install/crazyflie_sim/local/lib/python3.10/dist-packages/crazyflie_sim/visualization/pdf.py
[4.269s] -- Installing: /special/ros2_ws/src/install/crazyflie_sim/local/lib/python3.10/dist-packages/crazyflie_sim/visualization/data
[4.269s] -- Installing: /special/ros2_ws/src/install/crazyflie_sim/local/lib/python3.10/dist-packages/crazyflie_sim/visualization/data/env
[4.269s] -- Installing: /special/ros2_ws/src/install/crazyflie_sim/local/lib/python3.10/dist-packages/crazyflie_sim/visualization/data/env/derelict_overpass.jpg
[4.270s] -- Installing: /special/ros2_ws/src/install/crazyflie_sim/local/lib/python3.10/dist-packages/crazyflie_sim/visualization/data/env/aerodynamics_workshop.jpg
[4.270s] -- Installing: /special/ros2_ws/src/install/crazyflie_sim/local/lib/python3.10/dist-packages/crazyflie_sim/visualization/data/env/museumplein.jpg
[4.270s] -- Installing: /special/ros2_ws/src/install/crazyflie_sim/local/lib/python3.10/dist-packages/crazyflie_sim/visualization/data/env/abandoned_greenhouse.jpg
[4.271s] -- Installing: /special/ros2_ws/src/install/crazyflie_sim/local/lib/python3.10/dist-packages/crazyflie_sim/visualization/data/env/crosswalk.jpg
[4.271s] -- Installing: /special/ros2_ws/src/install/crazyflie_sim/local/lib/python3.10/dist-packages/crazyflie_sim/visualization/data/env/aviation_museum.jpg
[4.271s] -- Installing: /special/ros2_ws/src/install/crazyflie_sim/local/lib/python3.10/dist-packages/crazyflie_sim/visualization/data/env/env.jpg
[4.272s] -- Installing: /special/ros2_ws/src/install/crazyflie_sim/local/lib/python3.10/dist-packages/crazyflie_sim/visualization/data/env/studio_garden.jpg
[4.272s] -- Installing: /special/ros2_ws/src/install/crazyflie_sim/local/lib/python3.10/dist-packages/crazyflie_sim/visualization/data/env/lago_disola.jpg
[4.272s] -- Installing: /special/ros2_ws/src/install/crazyflie_sim/local/lib/python3.10/dist-packages/crazyflie_sim/visualization/data/env/machine_shop.jpg
[4.273s] -- Installing: /special/ros2_ws/src/install/crazyflie_sim/local/lib/python3.10/dist-packages/crazyflie_sim/visualization/data/env/lake_pier.jpg
[4.273s] -- Installing: /special/ros2_ws/src/install/crazyflie_sim/local/lib/python3.10/dist-packages/crazyflie_sim/visualization/data/env/peppermint_powerplant.jpg
[4.273s] -- Installing: /special/ros2_ws/src/install/crazyflie_sim/local/lib/python3.10/dist-packages/crazyflie_sim/visualization/data/model
[4.273s] -- Installing: /special/ros2_ws/src/install/crazyflie_sim/local/lib/python3.10/dist-packages/crazyflie_sim/visualization/data/model/cf.obj
[4.274s] -- Installing: /special/ros2_ws/src/install/crazyflie_sim/local/lib/python3.10/dist-packages/crazyflie_sim/visualization/data/model/cf.mtl
[4.274s] -- Installing: /special/ros2_ws/src/install/crazyflie_sim/local/lib/python3.10/dist-packages/crazyflie_sim/visualization/data/README.md
[4.274s] -- Installing: /special/ros2_ws/src/install/crazyflie_sim/local/lib/python3.10/dist-packages/crazyflie_sim/visualization/rviz.py
[4.274s] -- Installing: /special/ros2_ws/src/install/crazyflie_sim/local/lib/python3.10/dist-packages/crazyflie_sim/visualization/README.md
[4.275s] -- Installing: /special/ros2_ws/src/install/crazyflie_sim/local/lib/python3.10/dist-packages/crazyflie_sim/visualization/record_states.py
[4.275s] -- Installing: /special/ros2_ws/src/install/crazyflie_sim/local/lib/python3.10/dist-packages/crazyflie_sim/crazyflie_sil.py
[4.275s] -- Installing: /special/ros2_ws/src/install/crazyflie_sim/local/lib/python3.10/dist-packages/crazyflie_sim/crazyflie_server.py
[4.275s] -- Installing: /special/ros2_ws/src/install/crazyflie_sim/local/lib/python3.10/dist-packages/crazyflie_sim/__init__.py
[4.387s] Listing '/special/ros2_ws/src/install/crazyflie_sim/local/lib/python3.10/dist-packages/crazyflie_sim'...
[4.387s] Compiling '/special/ros2_ws/src/install/crazyflie_sim/local/lib/python3.10/dist-packages/crazyflie_sim/__init__.py'...
[4.387s] Listing '/special/ros2_ws/src/install/crazyflie_sim/local/lib/python3.10/dist-packages/crazyflie_sim/backend'...
[4.387s] Compiling '/special/ros2_ws/src/install/crazyflie_sim/local/lib/python3.10/dist-packages/crazyflie_sim/backend/none.py'...
[4.387s] Compiling '/special/ros2_ws/src/install/crazyflie_sim/local/lib/python3.10/dist-packages/crazyflie_sim/backend/np.py'...
[4.387s] Compiling '/special/ros2_ws/src/install/crazyflie_sim/local/lib/python3.10/dist-packages/crazyflie_sim/crazyflie_server.py'...
[4.387s] Compiling '/special/ros2_ws/src/install/crazyflie_sim/local/lib/python3.10/dist-packages/crazyflie_sim/crazyflie_sil.py'...
[4.388s] Compiling '/special/ros2_ws/src/install/crazyflie_sim/local/lib/python3.10/dist-packages/crazyflie_sim/sim_data_types.py'...
[4.388s] Listing '/special/ros2_ws/src/install/crazyflie_sim/local/lib/python3.10/dist-packages/crazyflie_sim/visualization'...
[4.388s] Compiling '/special/ros2_ws/src/install/crazyflie_sim/local/lib/python3.10/dist-packages/crazyflie_sim/visualization/blender.py'...
[4.388s] Listing '/special/ros2_ws/src/install/crazyflie_sim/local/lib/python3.10/dist-packages/crazyflie_sim/visualization/data'...
[4.388s] Listing '/special/ros2_ws/src/install/crazyflie_sim/local/lib/python3.10/dist-packages/crazyflie_sim/visualization/data/env'...
[4.388s] Listing '/special/ros2_ws/src/install/crazyflie_sim/local/lib/python3.10/dist-packages/crazyflie_sim/visualization/data/model'...
[4.388s] Compiling '/special/ros2_ws/src/install/crazyflie_sim/local/lib/python3.10/dist-packages/crazyflie_sim/visualization/pdf.py'...
[4.388s] Compiling '/special/ros2_ws/src/install/crazyflie_sim/local/lib/python3.10/dist-packages/crazyflie_sim/visualization/record_states.py'...
[4.388s] Compiling '/special/ros2_ws/src/install/crazyflie_sim/local/lib/python3.10/dist-packages/crazyflie_sim/visualization/rviz.py'...
[4.395s] -- Installing: /special/ros2_ws/src/install/crazyflie_sim/share/ament_index/resource_index/package_run_dependencies/crazyflie_sim
[4.395s] -- Installing: /special/ros2_ws/src/install/crazyflie_sim/share/ament_index/resource_index/parent_prefix_path/crazyflie_sim
[4.395s] -- Installing: /special/ros2_ws/src/install/crazyflie_sim/share/crazyflie_sim/environment/ament_prefix_path.sh
[4.396s] -- Installing: /special/ros2_ws/src/install/crazyflie_sim/share/crazyflie_sim/environment/ament_prefix_path.dsv
[4.396s] -- Installing: /special/ros2_ws/src/install/crazyflie_sim/share/crazyflie_sim/environment/path.sh
[4.396s] -- Installing: /special/ros2_ws/src/install/crazyflie_sim/share/crazyflie_sim/environment/path.dsv
[4.396s] -- Installing: /special/ros2_ws/src/install/crazyflie_sim/share/crazyflie_sim/local_setup.bash
[4.397s] -- Installing: /special/ros2_ws/src/install/crazyflie_sim/share/crazyflie_sim/local_setup.sh
[4.397s] -- Installing: /special/ros2_ws/src/install/crazyflie_sim/share/crazyflie_sim/local_setup.zsh
[4.397s] -- Installing: /special/ros2_ws/src/install/crazyflie_sim/share/crazyflie_sim/local_setup.dsv
[4.397s] -- Installing: /special/ros2_ws/src/install/crazyflie_sim/share/crazyflie_sim/package.dsv
[4.398s] -- Installing: /special/ros2_ws/src/install/crazyflie_sim/share/ament_index/resource_index/packages/crazyflie_sim
[4.398s] -- Installing: /special/ros2_ws/src/install/crazyflie_sim/share/crazyflie_sim/cmake/crazyflie_simConfig.cmake
[4.398s] -- Installing: /special/ros2_ws/src/install/crazyflie_sim/share/crazyflie_sim/cmake/crazyflie_simConfig-version.cmake
[4.398s] -- Installing: /special/ros2_ws/src/install/crazyflie_sim/share/crazyflie_sim/package.xml
[4.413s] Invoked command in '/special/ros2_ws/src/build/crazyflie_sim' returned '0': AMENT_PREFIX_PATH=/special/ros2_ws/src/install/crazyflie_interfaces:${AMENT_PREFIX_PATH} CMAKE_PREFIX_PATH=/special/ros2_ws/src/install/crazyflie_interfaces:/special/ros2_ws/install/motion_capture_tracking:/special/ros2_ws/install/crazyflie:/special/ros2_ws/install/motion_capture_tracking_interfaces:/special/ros2_ws/install/crazyflie_sim:/special/ros2_ws/install/crazyflie_examples:/special/ros2_ws/install/crazyflie_interfaces:/special/ros2_ws/install/crazyflie_py:/opt/ros/humble LD_LIBRARY_PATH=/special/ros2_ws/src/install/crazyflie_interfaces/lib:${LD_LIBRARY_PATH} PYTHONPATH=/special/ros2_ws/src/install/crazyflie_interfaces/local/lib/python3.10/dist-packages:${PYTHONPATH} /usr/bin/cmake --install /special/ros2_ws/src/build/crazyflie_sim
