-- The C compiler identification is GNU 11.3.0
-- The CXX compiler identification is GNU 11.3.0
-- Detecting C compiler ABI info
-- Detecting C compiler ABI info - done
-- Check for working C compiler: /usr/bin/cc - skipped
-- Detecting C compile features
-- Detecting C compile features - done
-- Detecting CXX compiler ABI info
-- Detecting CXX compiler ABI info - done
-- Check for working CXX compiler: /usr/bin/c++ - skipped
-- Detecting CXX compile features
-- Detecting CXX compile features - done
-- Found libusb: /usr/lib/x86_64-linux-gnu/libusb-1.0.so  
-- pybind11 v2.10.4 
-- Found PythonInterp: /usr/bin/python3 (found suitable version "3.10.6", minimum required is "3.6") 
-- Found PythonLibs: /usr/lib/x86_64-linux-gnu/libpython3.10.so
-- Performing Test HAS_FLTO
-- Performing Test HAS_FLTO - Success
-- Configuring done
-- Generating done
-- Build files have been written to: /special/ros2_ws/src/build/crazyflie-link-cpp
[ 15%] [32mBuilding CXX object CMakeFiles/crazyflieLinkCpp.dir/src/Crazyradio.cpp.o[0m
[ 15%] [32mBuilding CXX object CMakeFiles/crazyflieLinkCpp.dir/src/CrazyradioThread.cpp.o[0m
[ 15%] [32mBuilding CXX object CMakeFiles/crazyflieLinkCpp.dir/src/CrazyflieUSB.cpp.o[0m
[ 21%] [32mBuilding CXX object CMakeFiles/crazyflieLinkCpp.dir/src/USBManager.cpp.o[0m
[ 26%] [32mBuilding CXX object CMakeFiles/crazyflieLinkCpp.dir/src/USBDevice.cpp.o[0m
[ 31%] [32mBuilding CXX object CMakeFiles/crazyflieLinkCpp.dir/src/Connection.cpp.o[0m
[ 36%] [32mBuilding CXX object CMakeFiles/crazyflieLinkCpp.dir/src/CrazyflieUSBThread.cpp.o[0m
[ 42%] [32mBuilding CXX object CMakeFiles/crazyflieLinkCpp.dir/src/Version.cpp.o[0m
[ 47%] [32m[1mLinking CXX static library libcrazyflieLinkCpp.a[0m
[ 47%] Built target crazyflieLinkCpp
[ 52%] [32mBuilding CXX object CMakeFiles/example_scan.dir/examples/scan.cpp.o[0m
[ 57%] [32mBuilding CXX object CMakeFiles/example_broadcast.dir/examples/broadcast.cpp.o[0m
[ 63%] [32mBuilding CXX object CMakeFiles/example_console.dir/examples/console.cpp.o[0m
[ 68%] [32mBuilding CXX object CMakeFiles/example_benchmark.dir/examples/benchmark.cpp.o[0m
[ 73%] [32mBuilding CXX object CMakeFiles/cflinkcpp.dir/src/python_bindings.cpp.o[0m
[ 78%] [32m[1mLinking CXX executable example_console[0m
[ 84%] [32m[1mLinking CXX executable example_broadcast[0m
[ 89%] [32m[1mLinking CXX executable example_scan[0m
[ 94%] [32m[1mLinking CXX executable example_benchmark[0m
[ 94%] Built target example_console
[ 94%] Built target example_broadcast
[ 94%] Built target example_scan
[ 94%] Built target example_benchmark
[100%] [32m[1mLinking CXX shared module cflinkcpp.cpython-310-x86_64-linux-gnu.so[0m
[100%] Built target cflinkcpp
