-- The C compiler identification is GNU 11.4.0
-- The CXX compiler identification is GNU 11.4.0
-- Detecting C compiler ABI info
-- Detecting C compiler ABI info - done
-- Check for working C compiler: /usr/bin/cc - skipped
-- Detecting C compile features
-- Detecting C compile features - done
-- Detecting CXX compiler ABI info
-- Detecting CXX compiler ABI info - done
-- Check for working CXX compiler: /usr/bin/c++ - skipped
-- Detecting CXX compile features
-- Detecting CXX compile features - done
-- Found ament_cmake: 1.3.9 (/opt/ros/humble/share/ament_cmake/cmake)
-- Found Python3: /usr/bin/python3 (found version "3.10.12") found components: Interpreter 
-- Found rclcpp: 16.0.9 (/opt/ros/humble/share/rclcpp/cmake)
-- Found rosidl_generator_c: 3.1.5 (/opt/ros/humble/share/rosidl_generator_c/cmake)
-- Found rosidl_adapter: 3.1.5 (/opt/ros/humble/share/rosidl_adapter/cmake)
-- Found rosidl_generator_cpp: 3.1.5 (/opt/ros/humble/share/rosidl_generator_cpp/cmake)
-- Using all available rosidl_typesupport_c: rosidl_typesupport_fastrtps_c;rosidl_typesupport_introspection_c
-- Using all available rosidl_typesupport_cpp: rosidl_typesupport_fastrtps_cpp;rosidl_typesupport_introspection_cpp
-- Found rmw_implementation_cmake: 6.1.2 (/opt/ros/humble/share/rmw_implementation_cmake/cmake)
-- Found rmw_fastrtps_cpp: 6.2.6 (/opt/ros/humble/share/rmw_fastrtps_cpp/cmake)
-- Found OpenSSL: /usr/lib/x86_64-linux-gnu/libcrypto.so (found version "3.0.2")  
-- Found FastRTPS: /opt/ros/humble/include  
-- Using RMW implementation 'rmw_fastrtps_cpp' as default
-- Looking for pthread.h
-- Looking for pthread.h - found
-- Performing Test CMAKE_HAVE_LIBC_PTHREAD
-- Performing Test CMAKE_HAVE_LIBC_PTHREAD - Success
-- Found Threads: TRUE  
-- Found tf2_ros: 0.25.7 (/opt/ros/humble/share/tf2_ros/cmake)
-- Configuring done
-- Generating done
-- Build files have been written to: /home/thinkpad/aerostack2ws/build/mocap_optitrack
[ 33%] [32mBuilding CXX object src/CMakeFiles/mocap_optitrack_mocap_node.dir/socket.cpp.o[0m
[ 33%] [32mBuilding CXX object src/CMakeFiles/mocap_optitrack_mocap_node.dir/natnet/natnet_packet_definition.cpp.o[0m
[ 44%] [32mBuilding CXX object src/CMakeFiles/mocap_optitrack_mocap_node.dir/version.cpp.o[0m
[ 44%] [32mBuilding CXX object src/CMakeFiles/mocap_optitrack_mocap_node.dir/natnet/natnet_messages.cpp.o[0m
[ 55%] [32mBuilding CXX object src/CMakeFiles/mocap_optitrack_mocap_node.dir/mocap_config.cpp.o[0m
[ 66%] [32mBuilding CXX object src/CMakeFiles/mocap_optitrack_mocap_node.dir/rigid_body_publisher.cpp.o[0m
[ 77%] [32mBuilding CXX object src/CMakeFiles/mocap_optitrack_mocap_node.dir/mocap_node.cpp.o[0m
[ 88%] [32mBuilding CXX object src/CMakeFiles/mocap_optitrack_mocap_node.dir/data_model.cpp.o[0m
[100%] [32m[1mLinking CXX executable mocap_node[0m
[100%] Built target mocap_optitrack_mocap_node
-- Install configuration: ""
-- Installing: /home/thinkpad/aerostack2ws/install/mocap_optitrack/share/mocap_optitrack//launch
-- Installing: /home/thinkpad/aerostack2ws/install/mocap_optitrack/share/mocap_optitrack//launch/mocap.launch.py
-- Installing: /home/thinkpad/aerostack2ws/install/mocap_optitrack/share/mocap_optitrack//launch/__pycache__
-- Installing: /home/thinkpad/aerostack2ws/install/mocap_optitrack/share/mocap_optitrack//launch/__pycache__/mocap.launch.cpython-310.pyc
-- Installing: /home/thinkpad/aerostack2ws/install/mocap_optitrack/share/mocap_optitrack//config
-- Installing: /home/thinkpad/aerostack2ws/install/mocap_optitrack/share/mocap_optitrack//config/mocap.yaml
-- Installing: /home/thinkpad/aerostack2ws/install/mocap_optitrack/share/ament_index/resource_index/package_run_dependencies/mocap_optitrack
-- Installing: /home/thinkpad/aerostack2ws/install/mocap_optitrack/share/ament_index/resource_index/parent_prefix_path/mocap_optitrack
-- Installing: /home/thinkpad/aerostack2ws/install/mocap_optitrack/share/mocap_optitrack/environment/ament_prefix_path.sh
-- Installing: /home/thinkpad/aerostack2ws/install/mocap_optitrack/share/mocap_optitrack/environment/ament_prefix_path.dsv
-- Installing: /home/thinkpad/aerostack2ws/install/mocap_optitrack/share/mocap_optitrack/environment/path.sh
-- Installing: /home/thinkpad/aerostack2ws/install/mocap_optitrack/share/mocap_optitrack/environment/path.dsv
-- Installing: /home/thinkpad/aerostack2ws/install/mocap_optitrack/share/mocap_optitrack/local_setup.bash
-- Installing: /home/thinkpad/aerostack2ws/install/mocap_optitrack/share/mocap_optitrack/local_setup.sh
-- Installing: /home/thinkpad/aerostack2ws/install/mocap_optitrack/share/mocap_optitrack/local_setup.zsh
-- Installing: /home/thinkpad/aerostack2ws/install/mocap_optitrack/share/mocap_optitrack/local_setup.dsv
-- Installing: /home/thinkpad/aerostack2ws/install/mocap_optitrack/share/mocap_optitrack/package.dsv
-- Installing: /home/thinkpad/aerostack2ws/install/mocap_optitrack/share/ament_index/resource_index/packages/mocap_optitrack
-- Installing: /home/thinkpad/aerostack2ws/install/mocap_optitrack/share/mocap_optitrack/cmake/mocap_optitrackConfig.cmake
-- Installing: /home/thinkpad/aerostack2ws/install/mocap_optitrack/share/mocap_optitrack/cmake/mocap_optitrackConfig-version.cmake
-- Installing: /home/thinkpad/aerostack2ws/install/mocap_optitrack/share/mocap_optitrack/package.xml
-- Installing: /home/thinkpad/aerostack2ws/install/mocap_optitrack/lib/mocap_optitrack/mocap_node
-- Set runtime path of "/home/thinkpad/aerostack2ws/install/mocap_optitrack/lib/mocap_optitrack/mocap_node" to ""
