[0.011s] Invoking command in '/special/ros2_ws/src/build/motion_capture_tracking_interfaces': CMAKE_PREFIX_PATH=${CMAKE_PREFIX_PATH}:/special/ros2_ws/install/crazyflie_py:/opt/ros/humble /usr/bin/cmake /special/ros2_ws/src/motion_capture_tracking/motion_capture_tracking_interfaces -DCMAKE_INSTALL_PREFIX=/special/ros2_ws/src/install/motion_capture_tracking_interfaces
[0.044s] -- The C compiler identification is GNU 11.3.0
[0.081s] -- The CXX compiler identification is GNU 11.3.0
[0.088s] -- Detecting C compiler ABI info
[0.131s] -- Detecting C compiler ABI info - done
[0.140s] -- Check for working C compiler: /usr/bin/cc - skipped
[0.140s] -- Detecting C compile features
[0.140s] -- Detecting C compile features - done
[0.143s] -- Detecting CXX compiler ABI info
[0.194s] -- Detecting CXX compiler ABI info - done
[0.199s] -- Check for working CXX compiler: /usr/bin/c++ - skipped
[0.199s] -- Detecting CXX compile features
[0.199s] -- Detecting CXX compile features - done
[0.201s] -- Found ament_cmake: 1.3.5 (/opt/ros/humble/share/ament_cmake/cmake)
[0.323s] -- Found Python3: /usr/bin/python3.10 (found version "3.10.6") found components: Interpreter 
[0.404s] -- Found builtin_interfaces: 1.2.1 (/opt/ros/humble/share/builtin_interfaces/cmake)
[0.443s] -- Found rosidl_generator_c: 3.1.4 (/opt/ros/humble/share/rosidl_generator_c/cmake)
[0.449s] -- Found rosidl_adapter: 3.1.4 (/opt/ros/humble/share/rosidl_adapter/cmake)
[0.485s] -- Found rosidl_generator_cpp: 3.1.4 (/opt/ros/humble/share/rosidl_generator_cpp/cmake)
[0.522s] -- Using all available rosidl_typesupport_c: rosidl_typesupport_fastrtps_c;rosidl_typesupport_introspection_c
[0.546s] -- Using all available rosidl_typesupport_cpp: rosidl_typesupport_fastrtps_cpp;rosidl_typesupport_introspection_cpp
[0.576s] -- Found geometry_msgs: 4.2.3 (/opt/ros/humble/share/geometry_msgs/cmake)
[0.732s] -- Found rosidl_default_generators: 1.2.0 (/opt/ros/humble/share/rosidl_default_generators/cmake)
[1.080s] -- Found ament_cmake_cppcheck: 0.12.6 (/opt/ros/humble/share/ament_cmake_cppcheck/cmake)
[1.086s] -- Found ament_cmake_cpplint: 0.12.6 (/opt/ros/humble/share/ament_cmake_cpplint/cmake)
[1.088s] -- Found ament_cmake_uncrustify: 0.12.6 (/opt/ros/humble/share/ament_cmake_uncrustify/cmake)
[1.092s] -- Found ament_cmake_ros: 0.10.0 (/opt/ros/humble/share/ament_cmake_ros/cmake)
[1.524s] -- Using all available rosidl_typesupport_c: rosidl_typesupport_fastrtps_c;rosidl_typesupport_introspection_c
[1.657s] -- Using all available rosidl_typesupport_cpp: rosidl_typesupport_fastrtps_cpp;rosidl_typesupport_introspection_cpp
[1.679s] -- Found PythonInterp: /usr/bin/python3 (found suitable version "3.10.6", minimum required is "3.6") 
[1.680s] -- Found python_cmake_module: 0.10.0 (/opt/ros/humble/share/python_cmake_module/cmake)
[1.699s] -- Found PythonLibs: /usr/lib/x86_64-linux-gnu/libpython3.10.so (found suitable version "3.10.6", minimum required is "3.5") 
[1.699s] -- Using PYTHON_EXECUTABLE: /usr/bin/python3
[1.699s] -- Using PYTHON_INCLUDE_DIRS: /usr/include/python3.10
[1.699s] -- Using PYTHON_LIBRARIES: /usr/lib/x86_64-linux-gnu/libpython3.10.so
[1.714s] -- Found PythonExtra: .so  
[1.771s] -- Found ament_cmake_flake8: 0.12.6 (/opt/ros/humble/share/ament_cmake_flake8/cmake)
[1.774s] -- Found ament_cmake_pep257: 0.12.6 (/opt/ros/humble/share/ament_cmake_pep257/cmake)
[1.782s] -- Configuring done
[1.817s] -- Generating done
[1.819s] -- Build files have been written to: /special/ros2_ws/src/build/motion_capture_tracking_interfaces
[1.830s] Invoked command in '/special/ros2_ws/src/build/motion_capture_tracking_interfaces' returned '0': CMAKE_PREFIX_PATH=${CMAKE_PREFIX_PATH}:/special/ros2_ws/install/crazyflie_py:/opt/ros/humble /usr/bin/cmake /special/ros2_ws/src/motion_capture_tracking/motion_capture_tracking_interfaces -DCMAKE_INSTALL_PREFIX=/special/ros2_ws/src/install/motion_capture_tracking_interfaces
[1.831s] Invoking command in '/special/ros2_ws/src/build/motion_capture_tracking_interfaces': CMAKE_PREFIX_PATH=${CMAKE_PREFIX_PATH}:/special/ros2_ws/install/crazyflie_py:/opt/ros/humble /usr/bin/cmake --build /special/ros2_ws/src/build/motion_capture_tracking_interfaces -- -j8 -l8
[1.860s] [  2%] [34m[1mGenerating C code for ROS interfaces[0m
[1.869s] [  5%] [34m[1mGenerating C++ code for ROS interfaces[0m
[1.876s] [  5%] Built target ament_cmake_python_copy_motion_capture_tracking_interfaces
[2.186s] running egg_info
[2.187s] creating motion_capture_tracking_interfaces.egg-info
[2.187s] writing motion_capture_tracking_interfaces.egg-info/PKG-INFO
[2.187s] writing dependency_links to motion_capture_tracking_interfaces.egg-info/dependency_links.txt
[2.187s] writing top-level names to motion_capture_tracking_interfaces.egg-info/top_level.txt
[2.187s] writing manifest file 'motion_capture_tracking_interfaces.egg-info/SOURCES.txt'
[2.190s] reading manifest file 'motion_capture_tracking_interfaces.egg-info/SOURCES.txt'
[2.190s] writing manifest file 'motion_capture_tracking_interfaces.egg-info/SOURCES.txt'
[2.234s] [  5%] Built target ament_cmake_python_build_motion_capture_tracking_interfaces_egg
[2.234s] [  5%] Built target motion_capture_tracking_interfaces__cpp
[2.246s] [ 10%] [34m[1mGenerating C++ introspection for ROS interfaces[0m
[2.246s] [ 10%] [34m[1mGenerating C++ type support dispatch for ROS interfaces[0m
[2.247s] [ 12%] [34m[1mGenerating C++ type support for eProsima Fast-RTPS[0m
[2.296s] [ 15%] [32mBuilding C object CMakeFiles/motion_capture_tracking_interfaces__rosidl_generator_c.dir/rosidl_generator_c/motion_capture_tracking_interfaces/msg/detail/named_pose__functions.c.o[0m
[2.296s] [ 17%] [32mBuilding C object CMakeFiles/motion_capture_tracking_interfaces__rosidl_generator_c.dir/rosidl_generator_c/motion_capture_tracking_interfaces/msg/detail/named_pose_array__functions.c.o[0m
[2.352s] [ 20%] [32m[1mLinking C shared library libmotion_capture_tracking_interfaces__rosidl_generator_c.so[0m
[2.391s] [ 20%] Built target motion_capture_tracking_interfaces__rosidl_generator_c
[2.410s] [ 23%] [34m[1mGenerating C type support for eProsima Fast-RTPS[0m
[2.410s] [ 25%] [34m[1mGenerating C type support dispatch for ROS interfaces[0m
[2.451s] [ 28%] [34m[1mGenerating C introspection for ROS interfaces[0m
[2.638s] [ 30%] [32mBuilding CXX object CMakeFiles/motion_capture_tracking_interfaces__rosidl_typesupport_cpp.dir/rosidl_typesupport_cpp/motion_capture_tracking_interfaces/msg/named_pose__type_support.cpp.o[0m
[2.654s] [ 33%] [32mBuilding CXX object CMakeFiles/motion_capture_tracking_interfaces__rosidl_typesupport_cpp.dir/rosidl_typesupport_cpp/motion_capture_tracking_interfaces/msg/named_pose_array__type_support.cpp.o[0m
[2.715s] [ 35%] [32mBuilding CXX object CMakeFiles/motion_capture_tracking_interfaces__rosidl_typesupport_fastrtps_cpp.dir/rosidl_typesupport_fastrtps_cpp/motion_capture_tracking_interfaces/msg/detail/dds_fastrtps/named_pose__type_support.cpp.o[0m
[2.726s] [ 38%] [32mBuilding CXX object CMakeFiles/motion_capture_tracking_interfaces__rosidl_typesupport_introspection_cpp.dir/rosidl_typesupport_introspection_cpp/motion_capture_tracking_interfaces/msg/detail/named_pose__type_support.cpp.o[0m
[2.755s] [ 41%] [32mBuilding CXX object CMakeFiles/motion_capture_tracking_interfaces__rosidl_typesupport_fastrtps_cpp.dir/rosidl_typesupport_fastrtps_cpp/motion_capture_tracking_interfaces/msg/detail/dds_fastrtps/named_pose_array__type_support.cpp.o[0m
[2.926s] [ 43%] [32mBuilding CXX object CMakeFiles/motion_capture_tracking_interfaces__rosidl_typesupport_c.dir/rosidl_typesupport_c/motion_capture_tracking_interfaces/msg/named_pose__type_support.cpp.o[0m
[2.984s] [ 46%] [32mBuilding CXX object CMakeFiles/motion_capture_tracking_interfaces__rosidl_typesupport_c.dir/rosidl_typesupport_c/motion_capture_tracking_interfaces/msg/named_pose_array__type_support.cpp.o[0m
[3.009s] [ 48%] [32mBuilding CXX object CMakeFiles/motion_capture_tracking_interfaces__rosidl_typesupport_introspection_cpp.dir/rosidl_typesupport_introspection_cpp/motion_capture_tracking_interfaces/msg/detail/named_pose_array__type_support.cpp.o[0m
[3.023s] [ 51%] [32m[1mLinking CXX shared library libmotion_capture_tracking_interfaces__rosidl_typesupport_c.so[0m
[3.042s] [ 53%] [32mBuilding CXX object CMakeFiles/motion_capture_tracking_interfaces__rosidl_typesupport_fastrtps_c.dir/rosidl_typesupport_fastrtps_c/motion_capture_tracking_interfaces/msg/detail/named_pose__type_support_c.cpp.o[0m
[3.129s] [ 56%] [32mBuilding C object CMakeFiles/motion_capture_tracking_interfaces__rosidl_typesupport_introspection_c.dir/rosidl_typesupport_introspection_c/motion_capture_tracking_interfaces/msg/detail/named_pose__type_support.c.o[0m
[3.132s] [ 56%] Built target motion_capture_tracking_interfaces__rosidl_typesupport_c
[3.142s] [ 58%] [32mBuilding CXX object CMakeFiles/motion_capture_tracking_interfaces__rosidl_typesupport_fastrtps_c.dir/rosidl_typesupport_fastrtps_c/motion_capture_tracking_interfaces/msg/detail/named_pose_array__type_support_c.cpp.o[0m
[3.271s] [ 61%] [32mBuilding C object CMakeFiles/motion_capture_tracking_interfaces__rosidl_typesupport_introspection_c.dir/rosidl_typesupport_introspection_c/motion_capture_tracking_interfaces/msg/detail/named_pose_array__type_support.c.o[0m
[3.334s] [ 64%] [32m[1mLinking CXX shared library libmotion_capture_tracking_interfaces__rosidl_typesupport_cpp.so[0m
[3.363s] [ 66%] [32m[1mLinking C shared library libmotion_capture_tracking_interfaces__rosidl_typesupport_introspection_c.so[0m
[3.399s] [ 66%] Built target motion_capture_tracking_interfaces__rosidl_typesupport_introspection_c
[3.411s] [ 66%] Built target motion_capture_tracking_interfaces__rosidl_typesupport_cpp
[3.464s] [ 69%] [32m[1mLinking CXX shared library libmotion_capture_tracking_interfaces__rosidl_typesupport_fastrtps_cpp.so[0m
[3.593s] [ 71%] [32m[1mLinking CXX shared library libmotion_capture_tracking_interfaces__rosidl_typesupport_fastrtps_c.so[0m
[3.600s] [ 71%] Built target motion_capture_tracking_interfaces__rosidl_typesupport_fastrtps_cpp
[3.605s] [ 74%] [32m[1mLinking CXX shared library libmotion_capture_tracking_interfaces__rosidl_typesupport_introspection_cpp.so[0m
[3.687s] [ 74%] Built target motion_capture_tracking_interfaces__rosidl_typesupport_fastrtps_c
[3.699s] [ 74%] Built target motion_capture_tracking_interfaces__rosidl_typesupport_introspection_cpp
[3.726s] [ 74%] Built target motion_capture_tracking_interfaces
[3.777s] [ 76%] [34m[1mGenerating Python code for ROS interfaces[0m
[4.331s] [ 76%] Built target motion_capture_tracking_interfaces__py
[4.375s] [ 79%] [32mBuilding C object CMakeFiles/motion_capture_tracking_interfaces__rosidl_generator_py.dir/rosidl_generator_py/motion_capture_tracking_interfaces/msg/_named_pose_array_s.c.o[0m
[4.383s] [ 82%] [32mBuilding C object CMakeFiles/motion_capture_tracking_interfaces__rosidl_generator_py.dir/rosidl_generator_py/motion_capture_tracking_interfaces/msg/_named_pose_s.c.o[0m
[4.610s] [ 84%] [32m[1mLinking C shared library rosidl_generator_py/motion_capture_tracking_interfaces/libmotion_capture_tracking_interfaces__rosidl_generator_py.so[0m
[4.685s] [ 84%] Built target motion_capture_tracking_interfaces__rosidl_generator_py
[4.726s] [ 87%] [32mBuilding C object CMakeFiles/motion_capture_tracking_interfaces__rosidl_typesupport_fastrtps_c__pyext.dir/rosidl_generator_py/motion_capture_tracking_interfaces/_motion_capture_tracking_interfaces_s.ep.rosidl_typesupport_fastrtps_c.c.o[0m
[4.743s] [ 89%] [32mBuilding C object CMakeFiles/motion_capture_tracking_interfaces__rosidl_typesupport_introspection_c__pyext.dir/rosidl_generator_py/motion_capture_tracking_interfaces/_motion_capture_tracking_interfaces_s.ep.rosidl_typesupport_introspection_c.c.o[0m
[4.757s] [ 92%] [32mBuilding C object CMakeFiles/motion_capture_tracking_interfaces__rosidl_typesupport_c__pyext.dir/rosidl_generator_py/motion_capture_tracking_interfaces/_motion_capture_tracking_interfaces_s.ep.rosidl_typesupport_c.c.o[0m
[4.897s] [ 94%] [32m[1mLinking C shared library rosidl_generator_py/motion_capture_tracking_interfaces/motion_capture_tracking_interfaces_s__rosidl_typesupport_introspection_c.cpython-310-x86_64-linux-gnu.so[0m
[4.903s] [100%] [32m[1mLinking C shared library rosidl_generator_py/motion_capture_tracking_interfaces/motion_capture_tracking_interfaces_s__rosidl_typesupport_c.cpython-310-x86_64-linux-gnu.so[0m
[4.903s] [100%] [32m[1mLinking C shared library rosidl_generator_py/motion_capture_tracking_interfaces/motion_capture_tracking_interfaces_s__rosidl_typesupport_fastrtps_c.cpython-310-x86_64-linux-gnu.so[0m
[4.960s] [100%] Built target motion_capture_tracking_interfaces__rosidl_typesupport_fastrtps_c__pyext
[4.994s] [100%] Built target motion_capture_tracking_interfaces__rosidl_typesupport_c__pyext
[4.996s] [100%] Built target motion_capture_tracking_interfaces__rosidl_typesupport_introspection_c__pyext
[5.021s] Invoked command in '/special/ros2_ws/src/build/motion_capture_tracking_interfaces' returned '0': CMAKE_PREFIX_PATH=${CMAKE_PREFIX_PATH}:/special/ros2_ws/install/crazyflie_py:/opt/ros/humble /usr/bin/cmake --build /special/ros2_ws/src/build/motion_capture_tracking_interfaces -- -j8 -l8
[5.111s] Invoking command in '/special/ros2_ws/src/build/motion_capture_tracking_interfaces': CMAKE_PREFIX_PATH=${CMAKE_PREFIX_PATH}:/special/ros2_ws/install/crazyflie_py:/opt/ros/humble /usr/bin/cmake --install /special/ros2_ws/src/build/motion_capture_tracking_interfaces
[5.118s] -- Install configuration: ""
[5.118s] -- Installing: /special/ros2_ws/src/install/motion_capture_tracking_interfaces/share/ament_index/resource_index/rosidl_interfaces/motion_capture_tracking_interfaces
[5.119s] -- Installing: /special/ros2_ws/src/install/motion_capture_tracking_interfaces/include/motion_capture_tracking_interfaces/motion_capture_tracking_interfaces
[5.119s] -- Installing: /special/ros2_ws/src/install/motion_capture_tracking_interfaces/include/motion_capture_tracking_interfaces/motion_capture_tracking_interfaces/msg
[5.119s] -- Installing: /special/ros2_ws/src/install/motion_capture_tracking_interfaces/include/motion_capture_tracking_interfaces/motion_capture_tracking_interfaces/msg/detail
[5.119s] -- Installing: /special/ros2_ws/src/install/motion_capture_tracking_interfaces/include/motion_capture_tracking_interfaces/motion_capture_tracking_interfaces/msg/detail/named_pose__functions.h
[5.119s] -- Installing: /special/ros2_ws/src/install/motion_capture_tracking_interfaces/include/motion_capture_tracking_interfaces/motion_capture_tracking_interfaces/msg/detail/named_pose_array__type_support.h
[5.119s] -- Installing: /special/ros2_ws/src/install/motion_capture_tracking_interfaces/include/motion_capture_tracking_interfaces/motion_capture_tracking_interfaces/msg/detail/named_pose_array__functions.h
[5.119s] -- Installing: /special/ros2_ws/src/install/motion_capture_tracking_interfaces/include/motion_capture_tracking_interfaces/motion_capture_tracking_interfaces/msg/detail/named_pose_array__struct.h
[5.119s] -- Installing: /special/ros2_ws/src/install/motion_capture_tracking_interfaces/include/motion_capture_tracking_interfaces/motion_capture_tracking_interfaces/msg/detail/named_pose__struct.h
[5.119s] -- Installing: /special/ros2_ws/src/install/motion_capture_tracking_interfaces/include/motion_capture_tracking_interfaces/motion_capture_tracking_interfaces/msg/detail/named_pose__type_support.h
[5.119s] -- Installing: /special/ros2_ws/src/install/motion_capture_tracking_interfaces/include/motion_capture_tracking_interfaces/motion_capture_tracking_interfaces/msg/detail/named_pose_array__functions.c
[5.119s] -- Installing: /special/ros2_ws/src/install/motion_capture_tracking_interfaces/include/motion_capture_tracking_interfaces/motion_capture_tracking_interfaces/msg/detail/named_pose__functions.c
[5.120s] -- Installing: /special/ros2_ws/src/install/motion_capture_tracking_interfaces/include/motion_capture_tracking_interfaces/motion_capture_tracking_interfaces/msg/named_pose_array.h
[5.120s] -- Installing: /special/ros2_ws/src/install/motion_capture_tracking_interfaces/include/motion_capture_tracking_interfaces/motion_capture_tracking_interfaces/msg/named_pose.h
[5.120s] -- Installing: /special/ros2_ws/src/install/motion_capture_tracking_interfaces/include/motion_capture_tracking_interfaces/motion_capture_tracking_interfaces/msg/rosidl_generator_c__visibility_control.h
[5.120s] -- Installing: /special/ros2_ws/src/install/motion_capture_tracking_interfaces/share/motion_capture_tracking_interfaces/environment/library_path.sh
[5.120s] -- Installing: /special/ros2_ws/src/install/motion_capture_tracking_interfaces/share/motion_capture_tracking_interfaces/environment/library_path.dsv
[5.120s] -- Installing: /special/ros2_ws/src/install/motion_capture_tracking_interfaces/lib/libmotion_capture_tracking_interfaces__rosidl_generator_c.so
[5.120s] -- Set runtime path of "/special/ros2_ws/src/install/motion_capture_tracking_interfaces/lib/libmotion_capture_tracking_interfaces__rosidl_generator_c.so" to ""
[5.120s] -- Up-to-date: /special/ros2_ws/src/install/motion_capture_tracking_interfaces/include/motion_capture_tracking_interfaces/motion_capture_tracking_interfaces
[5.120s] -- Up-to-date: /special/ros2_ws/src/install/motion_capture_tracking_interfaces/include/motion_capture_tracking_interfaces/motion_capture_tracking_interfaces/msg
[5.120s] -- Up-to-date: /special/ros2_ws/src/install/motion_capture_tracking_interfaces/include/motion_capture_tracking_interfaces/motion_capture_tracking_interfaces/msg/detail
[5.120s] -- Installing: /special/ros2_ws/src/install/motion_capture_tracking_interfaces/include/motion_capture_tracking_interfaces/motion_capture_tracking_interfaces/msg/detail/named_pose_array__rosidl_typesupport_fastrtps_c.h
[5.121s] -- Installing: /special/ros2_ws/src/install/motion_capture_tracking_interfaces/include/motion_capture_tracking_interfaces/motion_capture_tracking_interfaces/msg/detail/named_pose__rosidl_typesupport_fastrtps_c.h
[5.121s] -- Installing: /special/ros2_ws/src/install/motion_capture_tracking_interfaces/include/motion_capture_tracking_interfaces/motion_capture_tracking_interfaces/msg/rosidl_typesupport_fastrtps_c__visibility_control.h
[5.121s] -- Installing: /special/ros2_ws/src/install/motion_capture_tracking_interfaces/lib/libmotion_capture_tracking_interfaces__rosidl_typesupport_fastrtps_c.so
[5.126s] -- Set runtime path of "/special/ros2_ws/src/install/motion_capture_tracking_interfaces/lib/libmotion_capture_tracking_interfaces__rosidl_typesupport_fastrtps_c.so" to ""
[5.126s] -- Up-to-date: /special/ros2_ws/src/install/motion_capture_tracking_interfaces/include/motion_capture_tracking_interfaces/motion_capture_tracking_interfaces
[5.126s] -- Up-to-date: /special/ros2_ws/src/install/motion_capture_tracking_interfaces/include/motion_capture_tracking_interfaces/motion_capture_tracking_interfaces/msg
[5.126s] -- Up-to-date: /special/ros2_ws/src/install/motion_capture_tracking_interfaces/include/motion_capture_tracking_interfaces/motion_capture_tracking_interfaces/msg/detail
[5.126s] -- Installing: /special/ros2_ws/src/install/motion_capture_tracking_interfaces/include/motion_capture_tracking_interfaces/motion_capture_tracking_interfaces/msg/detail/named_pose__builder.hpp
[5.126s] -- Installing: /special/ros2_ws/src/install/motion_capture_tracking_interfaces/include/motion_capture_tracking_interfaces/motion_capture_tracking_interfaces/msg/detail/named_pose_array__traits.hpp
[5.127s] -- Installing: /special/ros2_ws/src/install/motion_capture_tracking_interfaces/include/motion_capture_tracking_interfaces/motion_capture_tracking_interfaces/msg/detail/named_pose_array__builder.hpp
[5.127s] -- Installing: /special/ros2_ws/src/install/motion_capture_tracking_interfaces/include/motion_capture_tracking_interfaces/motion_capture_tracking_interfaces/msg/detail/named_pose_array__struct.hpp
[5.127s] -- Installing: /special/ros2_ws/src/install/motion_capture_tracking_interfaces/include/motion_capture_tracking_interfaces/motion_capture_tracking_interfaces/msg/detail/named_pose__struct.hpp
[5.127s] -- Installing: /special/ros2_ws/src/install/motion_capture_tracking_interfaces/include/motion_capture_tracking_interfaces/motion_capture_tracking_interfaces/msg/detail/named_pose__traits.hpp
[5.127s] -- Installing: /special/ros2_ws/src/install/motion_capture_tracking_interfaces/include/motion_capture_tracking_interfaces/motion_capture_tracking_interfaces/msg/named_pose.hpp
[5.127s] -- Installing: /special/ros2_ws/src/install/motion_capture_tracking_interfaces/include/motion_capture_tracking_interfaces/motion_capture_tracking_interfaces/msg/named_pose_array.hpp
[5.127s] -- Up-to-date: /special/ros2_ws/src/install/motion_capture_tracking_interfaces/include/motion_capture_tracking_interfaces/motion_capture_tracking_interfaces
[5.127s] -- Up-to-date: /special/ros2_ws/src/install/motion_capture_tracking_interfaces/include/motion_capture_tracking_interfaces/motion_capture_tracking_interfaces/msg
[5.127s] -- Up-to-date: /special/ros2_ws/src/install/motion_capture_tracking_interfaces/include/motion_capture_tracking_interfaces/motion_capture_tracking_interfaces/msg/detail
[5.127s] -- Installing: /special/ros2_ws/src/install/motion_capture_tracking_interfaces/include/motion_capture_tracking_interfaces/motion_capture_tracking_interfaces/msg/detail/dds_fastrtps
[5.127s] -- Installing: /special/ros2_ws/src/install/motion_capture_tracking_interfaces/include/motion_capture_tracking_interfaces/motion_capture_tracking_interfaces/msg/detail/named_pose_array__rosidl_typesupport_fastrtps_cpp.hpp
[5.127s] -- Installing: /special/ros2_ws/src/install/motion_capture_tracking_interfaces/include/motion_capture_tracking_interfaces/motion_capture_tracking_interfaces/msg/detail/named_pose__rosidl_typesupport_fastrtps_cpp.hpp
[5.127s] -- Installing: /special/ros2_ws/src/install/motion_capture_tracking_interfaces/include/motion_capture_tracking_interfaces/motion_capture_tracking_interfaces/msg/rosidl_typesupport_fastrtps_cpp__visibility_control.h
[5.128s] -- Installing: /special/ros2_ws/src/install/motion_capture_tracking_interfaces/lib/libmotion_capture_tracking_interfaces__rosidl_typesupport_fastrtps_cpp.so
[5.131s] -- Set runtime path of "/special/ros2_ws/src/install/motion_capture_tracking_interfaces/lib/libmotion_capture_tracking_interfaces__rosidl_typesupport_fastrtps_cpp.so" to ""
[5.131s] -- Up-to-date: /special/ros2_ws/src/install/motion_capture_tracking_interfaces/include/motion_capture_tracking_interfaces/motion_capture_tracking_interfaces
[5.131s] -- Up-to-date: /special/ros2_ws/src/install/motion_capture_tracking_interfaces/include/motion_capture_tracking_interfaces/motion_capture_tracking_interfaces/msg
[5.131s] -- Installing: /special/ros2_ws/src/install/motion_capture_tracking_interfaces/include/motion_capture_tracking_interfaces/motion_capture_tracking_interfaces/msg/rosidl_typesupport_introspection_c__visibility_control.h
[5.131s] -- Up-to-date: /special/ros2_ws/src/install/motion_capture_tracking_interfaces/include/motion_capture_tracking_interfaces/motion_capture_tracking_interfaces/msg/detail
[5.131s] -- Installing: /special/ros2_ws/src/install/motion_capture_tracking_interfaces/include/motion_capture_tracking_interfaces/motion_capture_tracking_interfaces/msg/detail/named_pose__rosidl_typesupport_introspection_c.h
[5.131s] -- Installing: /special/ros2_ws/src/install/motion_capture_tracking_interfaces/include/motion_capture_tracking_interfaces/motion_capture_tracking_interfaces/msg/detail/named_pose_array__rosidl_typesupport_introspection_c.h
[5.131s] -- Installing: /special/ros2_ws/src/install/motion_capture_tracking_interfaces/include/motion_capture_tracking_interfaces/motion_capture_tracking_interfaces/msg/detail/named_pose__type_support.c
[5.131s] -- Installing: /special/ros2_ws/src/install/motion_capture_tracking_interfaces/include/motion_capture_tracking_interfaces/motion_capture_tracking_interfaces/msg/detail/named_pose_array__type_support.c
[5.131s] -- Installing: /special/ros2_ws/src/install/motion_capture_tracking_interfaces/lib/libmotion_capture_tracking_interfaces__rosidl_typesupport_introspection_c.so
[5.131s] -- Set runtime path of "/special/ros2_ws/src/install/motion_capture_tracking_interfaces/lib/libmotion_capture_tracking_interfaces__rosidl_typesupport_introspection_c.so" to ""
[5.131s] -- Installing: /special/ros2_ws/src/install/motion_capture_tracking_interfaces/lib/libmotion_capture_tracking_interfaces__rosidl_typesupport_c.so
[5.132s] -- Set runtime path of "/special/ros2_ws/src/install/motion_capture_tracking_interfaces/lib/libmotion_capture_tracking_interfaces__rosidl_typesupport_c.so" to ""
[5.132s] -- Up-to-date: /special/ros2_ws/src/install/motion_capture_tracking_interfaces/include/motion_capture_tracking_interfaces/motion_capture_tracking_interfaces
[5.132s] -- Up-to-date: /special/ros2_ws/src/install/motion_capture_tracking_interfaces/include/motion_capture_tracking_interfaces/motion_capture_tracking_interfaces/msg
[5.132s] -- Up-to-date: /special/ros2_ws/src/install/motion_capture_tracking_interfaces/include/motion_capture_tracking_interfaces/motion_capture_tracking_interfaces/msg/detail
[5.132s] -- Installing: /special/ros2_ws/src/install/motion_capture_tracking_interfaces/include/motion_capture_tracking_interfaces/motion_capture_tracking_interfaces/msg/detail/named_pose__rosidl_typesupport_introspection_cpp.hpp
[5.132s] -- Installing: /special/ros2_ws/src/install/motion_capture_tracking_interfaces/include/motion_capture_tracking_interfaces/motion_capture_tracking_interfaces/msg/detail/named_pose__type_support.cpp
[5.132s] -- Installing: /special/ros2_ws/src/install/motion_capture_tracking_interfaces/include/motion_capture_tracking_interfaces/motion_capture_tracking_interfaces/msg/detail/named_pose_array__rosidl_typesupport_introspection_cpp.hpp
[5.132s] -- Installing: /special/ros2_ws/src/install/motion_capture_tracking_interfaces/include/motion_capture_tracking_interfaces/motion_capture_tracking_interfaces/msg/detail/named_pose_array__type_support.cpp
[5.132s] -- Installing: /special/ros2_ws/src/install/motion_capture_tracking_interfaces/lib/libmotion_capture_tracking_interfaces__rosidl_typesupport_introspection_cpp.so
[5.133s] -- Set runtime path of "/special/ros2_ws/src/install/motion_capture_tracking_interfaces/lib/libmotion_capture_tracking_interfaces__rosidl_typesupport_introspection_cpp.so" to ""
[5.133s] -- Installing: /special/ros2_ws/src/install/motion_capture_tracking_interfaces/lib/libmotion_capture_tracking_interfaces__rosidl_typesupport_cpp.so
[5.133s] -- Set runtime path of "/special/ros2_ws/src/install/motion_capture_tracking_interfaces/lib/libmotion_capture_tracking_interfaces__rosidl_typesupport_cpp.so" to ""
[5.133s] -- Installing: /special/ros2_ws/src/install/motion_capture_tracking_interfaces/share/motion_capture_tracking_interfaces/environment/pythonpath.sh
[5.133s] -- Installing: /special/ros2_ws/src/install/motion_capture_tracking_interfaces/share/motion_capture_tracking_interfaces/environment/pythonpath.dsv
[5.133s] -- Installing: /special/ros2_ws/src/install/motion_capture_tracking_interfaces/local/lib/python3.10/dist-packages/motion_capture_tracking_interfaces-1.0.0-py3.10.egg-info
[5.133s] -- Installing: /special/ros2_ws/src/install/motion_capture_tracking_interfaces/local/lib/python3.10/dist-packages/motion_capture_tracking_interfaces-1.0.0-py3.10.egg-info/PKG-INFO
[5.133s] -- Installing: /special/ros2_ws/src/install/motion_capture_tracking_interfaces/local/lib/python3.10/dist-packages/motion_capture_tracking_interfaces-1.0.0-py3.10.egg-info/top_level.txt
[5.133s] -- Installing: /special/ros2_ws/src/install/motion_capture_tracking_interfaces/local/lib/python3.10/dist-packages/motion_capture_tracking_interfaces-1.0.0-py3.10.egg-info/dependency_links.txt
[5.133s] -- Installing: /special/ros2_ws/src/install/motion_capture_tracking_interfaces/local/lib/python3.10/dist-packages/motion_capture_tracking_interfaces-1.0.0-py3.10.egg-info/SOURCES.txt
[5.134s] -- Installing: /special/ros2_ws/src/install/motion_capture_tracking_interfaces/local/lib/python3.10/dist-packages/motion_capture_tracking_interfaces
[5.134s] -- Installing: /special/ros2_ws/src/install/motion_capture_tracking_interfaces/local/lib/python3.10/dist-packages/motion_capture_tracking_interfaces/_motion_capture_tracking_interfaces_s.ep.rosidl_typesupport_fastrtps_c.c
[5.134s] -- Installing: /special/ros2_ws/src/install/motion_capture_tracking_interfaces/local/lib/python3.10/dist-packages/motion_capture_tracking_interfaces/motion_capture_tracking_interfaces_s__rosidl_typesupport_c.cpython-310-x86_64-linux-gnu.so
[5.134s] -- Installing: /special/ros2_ws/src/install/motion_capture_tracking_interfaces/local/lib/python3.10/dist-packages/motion_capture_tracking_interfaces/_motion_capture_tracking_interfaces_s.ep.rosidl_typesupport_c.c
[5.134s] -- Installing: /special/ros2_ws/src/install/motion_capture_tracking_interfaces/local/lib/python3.10/dist-packages/motion_capture_tracking_interfaces/motion_capture_tracking_interfaces_s__rosidl_typesupport_introspection_c.cpython-310-x86_64-linux-gnu.so
[5.134s] -- Installing: /special/ros2_ws/src/install/motion_capture_tracking_interfaces/local/lib/python3.10/dist-packages/motion_capture_tracking_interfaces/_motion_capture_tracking_interfaces_s.ep.rosidl_typesupport_introspection_c.c
[5.134s] -- Installing: /special/ros2_ws/src/install/motion_capture_tracking_interfaces/local/lib/python3.10/dist-packages/motion_capture_tracking_interfaces/motion_capture_tracking_interfaces_s__rosidl_typesupport_fastrtps_c.cpython-310-x86_64-linux-gnu.so
[5.134s] -- Installing: /special/ros2_ws/src/install/motion_capture_tracking_interfaces/local/lib/python3.10/dist-packages/motion_capture_tracking_interfaces/msg
[5.134s] -- Installing: /special/ros2_ws/src/install/motion_capture_tracking_interfaces/local/lib/python3.10/dist-packages/motion_capture_tracking_interfaces/msg/_named_pose_array.py
[5.134s] -- Installing: /special/ros2_ws/src/install/motion_capture_tracking_interfaces/local/lib/python3.10/dist-packages/motion_capture_tracking_interfaces/msg/_named_pose_array_s.c
[5.134s] -- Installing: /special/ros2_ws/src/install/motion_capture_tracking_interfaces/local/lib/python3.10/dist-packages/motion_capture_tracking_interfaces/msg/_named_pose_s.c
[5.134s] -- Installing: /special/ros2_ws/src/install/motion_capture_tracking_interfaces/local/lib/python3.10/dist-packages/motion_capture_tracking_interfaces/msg/_named_pose.py
[5.134s] -- Installing: /special/ros2_ws/src/install/motion_capture_tracking_interfaces/local/lib/python3.10/dist-packages/motion_capture_tracking_interfaces/msg/__init__.py
[5.135s] -- Installing: /special/ros2_ws/src/install/motion_capture_tracking_interfaces/local/lib/python3.10/dist-packages/motion_capture_tracking_interfaces/__init__.py
[5.135s] -- Installing: /special/ros2_ws/src/install/motion_capture_tracking_interfaces/local/lib/python3.10/dist-packages/motion_capture_tracking_interfaces/libmotion_capture_tracking_interfaces__rosidl_generator_py.so
[5.179s] Listing '/special/ros2_ws/src/install/motion_capture_tracking_interfaces/local/lib/python3.10/dist-packages/motion_capture_tracking_interfaces'...
[5.179s] Compiling '/special/ros2_ws/src/install/motion_capture_tracking_interfaces/local/lib/python3.10/dist-packages/motion_capture_tracking_interfaces/__init__.py'...
[5.179s] Listing '/special/ros2_ws/src/install/motion_capture_tracking_interfaces/local/lib/python3.10/dist-packages/motion_capture_tracking_interfaces/msg'...
[5.179s] Compiling '/special/ros2_ws/src/install/motion_capture_tracking_interfaces/local/lib/python3.10/dist-packages/motion_capture_tracking_interfaces/msg/__init__.py'...
[5.179s] Compiling '/special/ros2_ws/src/install/motion_capture_tracking_interfaces/local/lib/python3.10/dist-packages/motion_capture_tracking_interfaces/msg/_named_pose.py'...
[5.179s] Compiling '/special/ros2_ws/src/install/motion_capture_tracking_interfaces/local/lib/python3.10/dist-packages/motion_capture_tracking_interfaces/msg/_named_pose_array.py'...
[5.183s] -- Installing: /special/ros2_ws/src/install/motion_capture_tracking_interfaces/local/lib/python3.10/dist-packages/motion_capture_tracking_interfaces/motion_capture_tracking_interfaces_s__rosidl_typesupport_fastrtps_c.cpython-310-x86_64-linux-gnu.so
[5.184s] -- Set runtime path of "/special/ros2_ws/src/install/motion_capture_tracking_interfaces/local/lib/python3.10/dist-packages/motion_capture_tracking_interfaces/motion_capture_tracking_interfaces_s__rosidl_typesupport_fastrtps_c.cpython-310-x86_64-linux-gnu.so" to ""
[5.184s] -- Installing: /special/ros2_ws/src/install/motion_capture_tracking_interfaces/local/lib/python3.10/dist-packages/motion_capture_tracking_interfaces/motion_capture_tracking_interfaces_s__rosidl_typesupport_introspection_c.cpython-310-x86_64-linux-gnu.so
[5.184s] -- Set runtime path of "/special/ros2_ws/src/install/motion_capture_tracking_interfaces/local/lib/python3.10/dist-packages/motion_capture_tracking_interfaces/motion_capture_tracking_interfaces_s__rosidl_typesupport_introspection_c.cpython-310-x86_64-linux-gnu.so" to ""
[5.184s] -- Installing: /special/ros2_ws/src/install/motion_capture_tracking_interfaces/local/lib/python3.10/dist-packages/motion_capture_tracking_interfaces/motion_capture_tracking_interfaces_s__rosidl_typesupport_c.cpython-310-x86_64-linux-gnu.so
[5.184s] -- Set runtime path of "/special/ros2_ws/src/install/motion_capture_tracking_interfaces/local/lib/python3.10/dist-packages/motion_capture_tracking_interfaces/motion_capture_tracking_interfaces_s__rosidl_typesupport_c.cpython-310-x86_64-linux-gnu.so" to ""
[5.185s] -- Installing: /special/ros2_ws/src/install/motion_capture_tracking_interfaces/lib/libmotion_capture_tracking_interfaces__rosidl_generator_py.so
[5.185s] -- Set runtime path of "/special/ros2_ws/src/install/motion_capture_tracking_interfaces/lib/libmotion_capture_tracking_interfaces__rosidl_generator_py.so" to ""
[5.185s] -- Installing: /special/ros2_ws/src/install/motion_capture_tracking_interfaces/share/motion_capture_tracking_interfaces/msg/NamedPose.idl
[5.185s] -- Installing: /special/ros2_ws/src/install/motion_capture_tracking_interfaces/share/motion_capture_tracking_interfaces/msg/NamedPoseArray.idl
[5.185s] -- Installing: /special/ros2_ws/src/install/motion_capture_tracking_interfaces/share/motion_capture_tracking_interfaces/msg/NamedPose.msg
[5.185s] -- Installing: /special/ros2_ws/src/install/motion_capture_tracking_interfaces/share/motion_capture_tracking_interfaces/msg/NamedPoseArray.msg
[5.185s] -- Installing: /special/ros2_ws/src/install/motion_capture_tracking_interfaces/share/ament_index/resource_index/package_run_dependencies/motion_capture_tracking_interfaces
[5.185s] -- Installing: /special/ros2_ws/src/install/motion_capture_tracking_interfaces/share/ament_index/resource_index/parent_prefix_path/motion_capture_tracking_interfaces
[5.186s] -- Installing: /special/ros2_ws/src/install/motion_capture_tracking_interfaces/share/motion_capture_tracking_interfaces/environment/ament_prefix_path.sh
[5.186s] -- Installing: /special/ros2_ws/src/install/motion_capture_tracking_interfaces/share/motion_capture_tracking_interfaces/environment/ament_prefix_path.dsv
[5.186s] -- Installing: /special/ros2_ws/src/install/motion_capture_tracking_interfaces/share/motion_capture_tracking_interfaces/environment/path.sh
[5.186s] -- Installing: /special/ros2_ws/src/install/motion_capture_tracking_interfaces/share/motion_capture_tracking_interfaces/environment/path.dsv
[5.186s] -- Installing: /special/ros2_ws/src/install/motion_capture_tracking_interfaces/share/motion_capture_tracking_interfaces/local_setup.bash
[5.186s] -- Installing: /special/ros2_ws/src/install/motion_capture_tracking_interfaces/share/motion_capture_tracking_interfaces/local_setup.sh
[5.186s] -- Installing: /special/ros2_ws/src/install/motion_capture_tracking_interfaces/share/motion_capture_tracking_interfaces/local_setup.zsh
[5.187s] -- Installing: /special/ros2_ws/src/install/motion_capture_tracking_interfaces/share/motion_capture_tracking_interfaces/local_setup.dsv
[5.187s] -- Installing: /special/ros2_ws/src/install/motion_capture_tracking_interfaces/share/motion_capture_tracking_interfaces/package.dsv
[5.187s] -- Installing: /special/ros2_ws/src/install/motion_capture_tracking_interfaces/share/ament_index/resource_index/packages/motion_capture_tracking_interfaces
[5.187s] -- Installing: /special/ros2_ws/src/install/motion_capture_tracking_interfaces/share/motion_capture_tracking_interfaces/cmake/export_motion_capture_tracking_interfaces__rosidl_generator_cExport.cmake
[5.189s] -- Installing: /special/ros2_ws/src/install/motion_capture_tracking_interfaces/share/motion_capture_tracking_interfaces/cmake/export_motion_capture_tracking_interfaces__rosidl_generator_cExport-noconfig.cmake
[5.189s] -- Installing: /special/ros2_ws/src/install/motion_capture_tracking_interfaces/share/motion_capture_tracking_interfaces/cmake/export_motion_capture_tracking_interfaces__rosidl_typesupport_fastrtps_cExport.cmake
[5.189s] -- Installing: /special/ros2_ws/src/install/motion_capture_tracking_interfaces/share/motion_capture_tracking_interfaces/cmake/export_motion_capture_tracking_interfaces__rosidl_typesupport_fastrtps_cExport-noconfig.cmake
[5.189s] -- Installing: /special/ros2_ws/src/install/motion_capture_tracking_interfaces/share/motion_capture_tracking_interfaces/cmake/export_motion_capture_tracking_interfaces__rosidl_generator_cppExport.cmake
[5.189s] -- Installing: /special/ros2_ws/src/install/motion_capture_tracking_interfaces/share/motion_capture_tracking_interfaces/cmake/export_motion_capture_tracking_interfaces__rosidl_typesupport_fastrtps_cppExport.cmake
[5.189s] -- Installing: /special/ros2_ws/src/install/motion_capture_tracking_interfaces/share/motion_capture_tracking_interfaces/cmake/export_motion_capture_tracking_interfaces__rosidl_typesupport_fastrtps_cppExport-noconfig.cmake
[5.189s] -- Installing: /special/ros2_ws/src/install/motion_capture_tracking_interfaces/share/motion_capture_tracking_interfaces/cmake/motion_capture_tracking_interfaces__rosidl_typesupport_introspection_cExport.cmake
[5.189s] -- Installing: /special/ros2_ws/src/install/motion_capture_tracking_interfaces/share/motion_capture_tracking_interfaces/cmake/motion_capture_tracking_interfaces__rosidl_typesupport_introspection_cExport-noconfig.cmake
[5.190s] -- Installing: /special/ros2_ws/src/install/motion_capture_tracking_interfaces/share/motion_capture_tracking_interfaces/cmake/motion_capture_tracking_interfaces__rosidl_typesupport_cExport.cmake
[5.190s] -- Installing: /special/ros2_ws/src/install/motion_capture_tracking_interfaces/share/motion_capture_tracking_interfaces/cmake/motion_capture_tracking_interfaces__rosidl_typesupport_cExport-noconfig.cmake
[5.190s] -- Installing: /special/ros2_ws/src/install/motion_capture_tracking_interfaces/share/motion_capture_tracking_interfaces/cmake/motion_capture_tracking_interfaces__rosidl_typesupport_introspection_cppExport.cmake
[5.190s] -- Installing: /special/ros2_ws/src/install/motion_capture_tracking_interfaces/share/motion_capture_tracking_interfaces/cmake/motion_capture_tracking_interfaces__rosidl_typesupport_introspection_cppExport-noconfig.cmake
[5.190s] -- Installing: /special/ros2_ws/src/install/motion_capture_tracking_interfaces/share/motion_capture_tracking_interfaces/cmake/motion_capture_tracking_interfaces__rosidl_typesupport_cppExport.cmake
[5.190s] -- Installing: /special/ros2_ws/src/install/motion_capture_tracking_interfaces/share/motion_capture_tracking_interfaces/cmake/motion_capture_tracking_interfaces__rosidl_typesupport_cppExport-noconfig.cmake
[5.190s] -- Installing: /special/ros2_ws/src/install/motion_capture_tracking_interfaces/share/motion_capture_tracking_interfaces/cmake/export_motion_capture_tracking_interfaces__rosidl_generator_pyExport.cmake
[5.190s] -- Installing: /special/ros2_ws/src/install/motion_capture_tracking_interfaces/share/motion_capture_tracking_interfaces/cmake/export_motion_capture_tracking_interfaces__rosidl_generator_pyExport-noconfig.cmake
[5.190s] -- Installing: /special/ros2_ws/src/install/motion_capture_tracking_interfaces/share/motion_capture_tracking_interfaces/cmake/rosidl_cmake-extras.cmake
[5.190s] -- Installing: /special/ros2_ws/src/install/motion_capture_tracking_interfaces/share/motion_capture_tracking_interfaces/cmake/ament_cmake_export_dependencies-extras.cmake
[5.191s] -- Installing: /special/ros2_ws/src/install/motion_capture_tracking_interfaces/share/motion_capture_tracking_interfaces/cmake/ament_cmake_export_include_directories-extras.cmake
[5.191s] -- Installing: /special/ros2_ws/src/install/motion_capture_tracking_interfaces/share/motion_capture_tracking_interfaces/cmake/ament_cmake_export_libraries-extras.cmake
[5.191s] -- Installing: /special/ros2_ws/src/install/motion_capture_tracking_interfaces/share/motion_capture_tracking_interfaces/cmake/ament_cmake_export_targets-extras.cmake
[5.191s] -- Installing: /special/ros2_ws/src/install/motion_capture_tracking_interfaces/share/motion_capture_tracking_interfaces/cmake/rosidl_cmake_export_typesupport_targets-extras.cmake
[5.191s] -- Installing: /special/ros2_ws/src/install/motion_capture_tracking_interfaces/share/motion_capture_tracking_interfaces/cmake/rosidl_cmake_export_typesupport_libraries-extras.cmake
[5.191s] -- Installing: /special/ros2_ws/src/install/motion_capture_tracking_interfaces/share/motion_capture_tracking_interfaces/cmake/motion_capture_tracking_interfacesConfig.cmake
[5.191s] -- Installing: /special/ros2_ws/src/install/motion_capture_tracking_interfaces/share/motion_capture_tracking_interfaces/cmake/motion_capture_tracking_interfacesConfig-version.cmake
[5.191s] -- Installing: /special/ros2_ws/src/install/motion_capture_tracking_interfaces/share/motion_capture_tracking_interfaces/package.xml
[5.201s] Invoked command in '/special/ros2_ws/src/build/motion_capture_tracking_interfaces' returned '0': CMAKE_PREFIX_PATH=${CMAKE_PREFIX_PATH}:/special/ros2_ws/install/crazyflie_py:/opt/ros/humble /usr/bin/cmake --install /special/ros2_ws/src/build/motion_capture_tracking_interfaces
