[0.228s] Invoking command in '/special/ros2_ws/build/crazyflie_sim': CMAKE_PREFIX_PATH=/special/ros2_ws/install/crazyflie_interfaces:/special/ros2_ws/install/crazyflie_sim:/special/ros2_ws/install/crazyflie_examples:/special/ros2_ws/install/motion_capture_tracking:/special/ros2_ws/install/crazyflie:/special/ros2_ws/install/motion_capture_tracking_interfaces:/special/ros2_ws/install/crazyflie_py:/opt/ros/humble LD_LIBRARY_PATH=/special/ros2_ws/install/crazyflie_interfaces/lib:/special/ros2_ws/install/motion_capture_tracking_interfaces/lib:/opt/ros/humble/opt/rviz_ogre_vendor/lib:/opt/ros/humble/lib/x86_64-linux-gnu:/opt/ros/humble/lib /usr/bin/cmake --build /special/ros2_ws/build/crazyflie_sim -- -j8 -l8
[0.267s] Built target ament_cmake_python_symlink_crazyflie_sim_setup
[0.268s] Built target ament_cmake_python_symlink_crazyflie_sim
[0.513s] running install_scripts
[0.531s] running egg_info
[0.532s] writing crazyflie_sim.egg-info/PKG-INFO
[0.532s] writing dependency_links to crazyflie_sim.egg-info/dependency_links.txt
[0.532s] writing entry points to crazyflie_sim.egg-info/entry_points.txt
[0.532s] writing top-level names to crazyflie_sim.egg-info/top_level.txt
[0.534s] reading manifest file 'crazyflie_sim.egg-info/SOURCES.txt'
[0.534s] writing manifest file 'crazyflie_sim.egg-info/SOURCES.txt'
[0.535s] Installing crazyflie_server script to scripts
[0.562s] Built target ament_cmake_python_build_crazyflie_sim_scripts
[0.582s] running egg_info
[0.583s] writing crazyflie_sim.egg-info/PKG-INFO
[0.583s] writing dependency_links to crazyflie_sim.egg-info/dependency_links.txt
[0.583s] writing entry points to crazyflie_sim.egg-info/entry_points.txt
[0.583s] writing top-level names to crazyflie_sim.egg-info/top_level.txt
[0.585s] reading manifest file 'crazyflie_sim.egg-info/SOURCES.txt'
[0.585s] writing manifest file 'crazyflie_sim.egg-info/SOURCES.txt'
[0.607s] Built target ament_cmake_python_build_crazyflie_sim_egg
[0.614s] Invoked command in '/special/ros2_ws/build/crazyflie_sim' returned '0': CMAKE_PREFIX_PATH=/special/ros2_ws/install/crazyflie_interfaces:/special/ros2_ws/install/crazyflie_sim:/special/ros2_ws/install/crazyflie_examples:/special/ros2_ws/install/motion_capture_tracking:/special/ros2_ws/install/crazyflie:/special/ros2_ws/install/motion_capture_tracking_interfaces:/special/ros2_ws/install/crazyflie_py:/opt/ros/humble LD_LIBRARY_PATH=/special/ros2_ws/install/crazyflie_interfaces/lib:/special/ros2_ws/install/motion_capture_tracking_interfaces/lib:/opt/ros/humble/opt/rviz_ogre_vendor/lib:/opt/ros/humble/lib/x86_64-linux-gnu:/opt/ros/humble/lib /usr/bin/cmake --build /special/ros2_ws/build/crazyflie_sim -- -j8 -l8
[0.630s] Invoking command in '/special/ros2_ws/build/crazyflie_sim': CMAKE_PREFIX_PATH=/special/ros2_ws/install/crazyflie_interfaces:/special/ros2_ws/install/crazyflie_sim:/special/ros2_ws/install/crazyflie_examples:/special/ros2_ws/install/motion_capture_tracking:/special/ros2_ws/install/crazyflie:/special/ros2_ws/install/motion_capture_tracking_interfaces:/special/ros2_ws/install/crazyflie_py:/opt/ros/humble LD_LIBRARY_PATH=/special/ros2_ws/install/crazyflie_interfaces/lib:/special/ros2_ws/install/motion_capture_tracking_interfaces/lib:/opt/ros/humble/opt/rviz_ogre_vendor/lib:/opt/ros/humble/lib/x86_64-linux-gnu:/opt/ros/humble/lib /usr/bin/cmake --install /special/ros2_ws/build/crazyflie_sim
[0.635s] -- Install configuration: ""
[0.635s] -- Execute custom install script
[0.635s] -- Up-to-date symlink: /special/ros2_ws/install/crazyflie_sim/share/crazyflie_sim/environment/pythonpath.sh
[0.635s] -- Up-to-date symlink: /special/ros2_ws/install/crazyflie_sim/share/crazyflie_sim/environment/pythonpath.dsv
[0.636s] -- Up-to-date symlink: /special/ros2_ws/install/crazyflie_sim/local/lib/python3.10/dist-packages/crazyflie_sim-2.0.0-py3.10.egg-info/PKG-INFO
[0.636s] -- Up-to-date symlink: /special/ros2_ws/install/crazyflie_sim/local/lib/python3.10/dist-packages/crazyflie_sim-2.0.0-py3.10.egg-info/SOURCES.txt
[0.636s] -- Up-to-date symlink: /special/ros2_ws/install/crazyflie_sim/local/lib/python3.10/dist-packages/crazyflie_sim-2.0.0-py3.10.egg-info/dependency_links.txt
[0.636s] -- Up-to-date symlink: /special/ros2_ws/install/crazyflie_sim/local/lib/python3.10/dist-packages/crazyflie_sim-2.0.0-py3.10.egg-info/entry_points.txt
[0.636s] -- Up-to-date symlink: /special/ros2_ws/install/crazyflie_sim/local/lib/python3.10/dist-packages/crazyflie_sim-2.0.0-py3.10.egg-info/top_level.txt
[0.636s] -- Up-to-date symlink: /special/ros2_ws/install/crazyflie_sim/lib/crazyflie_sim//crazyflie_server
[0.637s] -- Up-to-date symlink: /special/ros2_ws/install/crazyflie_sim/local/lib/python3.10/dist-packages/crazyflie_sim/__init__.py
[0.637s] -- Up-to-date symlink: /special/ros2_ws/install/crazyflie_sim/local/lib/python3.10/dist-packages/crazyflie_sim/backend/none.py
[0.637s] -- Up-to-date symlink: /special/ros2_ws/install/crazyflie_sim/local/lib/python3.10/dist-packages/crazyflie_sim/backend/np.py
[0.637s] -- Up-to-date symlink: /special/ros2_ws/install/crazyflie_sim/local/lib/python3.10/dist-packages/crazyflie_sim/crazyflie_server.py
[0.637s] -- Up-to-date symlink: /special/ros2_ws/install/crazyflie_sim/local/lib/python3.10/dist-packages/crazyflie_sim/crazyflie_sil.py
[0.637s] -- Up-to-date symlink: /special/ros2_ws/install/crazyflie_sim/local/lib/python3.10/dist-packages/crazyflie_sim/sim_data_types.py
[0.637s] -- Up-to-date symlink: /special/ros2_ws/install/crazyflie_sim/local/lib/python3.10/dist-packages/crazyflie_sim/visualization/README.md
[0.637s] -- Up-to-date symlink: /special/ros2_ws/install/crazyflie_sim/local/lib/python3.10/dist-packages/crazyflie_sim/visualization/blender.py
[0.637s] -- Up-to-date symlink: /special/ros2_ws/install/crazyflie_sim/local/lib/python3.10/dist-packages/crazyflie_sim/visualization/data/README.md
[0.637s] -- Up-to-date symlink: /special/ros2_ws/install/crazyflie_sim/local/lib/python3.10/dist-packages/crazyflie_sim/visualization/data/env/abandoned_greenhouse.jpg
[0.638s] -- Up-to-date symlink: /special/ros2_ws/install/crazyflie_sim/local/lib/python3.10/dist-packages/crazyflie_sim/visualization/data/env/aerodynamics_workshop.jpg
[0.638s] -- Up-to-date symlink: /special/ros2_ws/install/crazyflie_sim/local/lib/python3.10/dist-packages/crazyflie_sim/visualization/data/env/aviation_museum.jpg
[0.638s] -- Up-to-date symlink: /special/ros2_ws/install/crazyflie_sim/local/lib/python3.10/dist-packages/crazyflie_sim/visualization/data/env/crosswalk.jpg
[0.638s] -- Up-to-date symlink: /special/ros2_ws/install/crazyflie_sim/local/lib/python3.10/dist-packages/crazyflie_sim/visualization/data/env/derelict_overpass.jpg
[0.638s] -- Up-to-date symlink: /special/ros2_ws/install/crazyflie_sim/local/lib/python3.10/dist-packages/crazyflie_sim/visualization/data/env/env.jpg
[0.638s] -- Up-to-date symlink: /special/ros2_ws/install/crazyflie_sim/local/lib/python3.10/dist-packages/crazyflie_sim/visualization/data/env/lago_disola.jpg
[0.638s] -- Up-to-date symlink: /special/ros2_ws/install/crazyflie_sim/local/lib/python3.10/dist-packages/crazyflie_sim/visualization/data/env/lake_pier.jpg
[0.638s] -- Up-to-date symlink: /special/ros2_ws/install/crazyflie_sim/local/lib/python3.10/dist-packages/crazyflie_sim/visualization/data/env/machine_shop.jpg
[0.638s] -- Up-to-date symlink: /special/ros2_ws/install/crazyflie_sim/local/lib/python3.10/dist-packages/crazyflie_sim/visualization/data/env/museumplein.jpg
[0.638s] -- Up-to-date symlink: /special/ros2_ws/install/crazyflie_sim/local/lib/python3.10/dist-packages/crazyflie_sim/visualization/data/env/peppermint_powerplant.jpg
[0.638s] -- Up-to-date symlink: /special/ros2_ws/install/crazyflie_sim/local/lib/python3.10/dist-packages/crazyflie_sim/visualization/data/env/studio_garden.jpg
[0.639s] -- Up-to-date symlink: /special/ros2_ws/install/crazyflie_sim/local/lib/python3.10/dist-packages/crazyflie_sim/visualization/data/model/cf.mtl
[0.639s] -- Up-to-date symlink: /special/ros2_ws/install/crazyflie_sim/local/lib/python3.10/dist-packages/crazyflie_sim/visualization/data/model/cf.obj
[0.639s] -- Up-to-date symlink: /special/ros2_ws/install/crazyflie_sim/local/lib/python3.10/dist-packages/crazyflie_sim/visualization/pdf.py
[0.639s] -- Up-to-date symlink: /special/ros2_ws/install/crazyflie_sim/local/lib/python3.10/dist-packages/crazyflie_sim/visualization/record_states.py
[0.639s] -- Up-to-date symlink: /special/ros2_ws/install/crazyflie_sim/local/lib/python3.10/dist-packages/crazyflie_sim/visualization/rviz.py
[0.639s] -- Up-to-date symlink: /special/ros2_ws/install/crazyflie_sim/share/ament_index/resource_index/package_run_dependencies/crazyflie_sim
[0.639s] -- Up-to-date symlink: /special/ros2_ws/install/crazyflie_sim/share/ament_index/resource_index/parent_prefix_path/crazyflie_sim
[0.639s] -- Up-to-date symlink: /special/ros2_ws/install/crazyflie_sim/share/crazyflie_sim/environment/ament_prefix_path.sh
[0.639s] -- Up-to-date symlink: /special/ros2_ws/install/crazyflie_sim/share/crazyflie_sim/environment/ament_prefix_path.dsv
[0.640s] -- Up-to-date symlink: /special/ros2_ws/install/crazyflie_sim/share/crazyflie_sim/environment/path.sh
[0.640s] -- Up-to-date symlink: /special/ros2_ws/install/crazyflie_sim/share/crazyflie_sim/environment/path.dsv
[0.640s] -- Up-to-date symlink: /special/ros2_ws/install/crazyflie_sim/share/crazyflie_sim/local_setup.bash
[0.640s] -- Up-to-date symlink: /special/ros2_ws/install/crazyflie_sim/share/crazyflie_sim/local_setup.sh
[0.640s] -- Up-to-date symlink: /special/ros2_ws/install/crazyflie_sim/share/crazyflie_sim/local_setup.zsh
[0.640s] -- Up-to-date symlink: /special/ros2_ws/install/crazyflie_sim/share/crazyflie_sim/local_setup.dsv
[0.640s] -- Symlinking: /special/ros2_ws/install/crazyflie_sim/share/crazyflie_sim/package.dsv
[0.647s] -- Up-to-date symlink: /special/ros2_ws/install/crazyflie_sim/share/ament_index/resource_index/packages/crazyflie_sim
[0.647s] -- Up-to-date symlink: /special/ros2_ws/install/crazyflie_sim/share/crazyflie_sim/cmake/crazyflie_simConfig.cmake
[0.647s] -- Up-to-date symlink: /special/ros2_ws/install/crazyflie_sim/share/crazyflie_sim/cmake/crazyflie_simConfig-version.cmake
[0.647s] -- Up-to-date symlink: /special/ros2_ws/install/crazyflie_sim/share/crazyflie_sim/package.xml
[0.671s] Listing '/special/ros2_ws/install/crazyflie_sim/local/lib/python3.10/dist-packages/crazyflie_sim'...
[0.671s] Listing '/special/ros2_ws/install/crazyflie_sim/local/lib/python3.10/dist-packages/crazyflie_sim/backend'...
[0.671s] Listing '/special/ros2_ws/install/crazyflie_sim/local/lib/python3.10/dist-packages/crazyflie_sim/visualization'...
[0.672s] Listing '/special/ros2_ws/install/crazyflie_sim/local/lib/python3.10/dist-packages/crazyflie_sim/visualization/data'...
[0.672s] Listing '/special/ros2_ws/install/crazyflie_sim/local/lib/python3.10/dist-packages/crazyflie_sim/visualization/data/env'...
[0.672s] Listing '/special/ros2_ws/install/crazyflie_sim/local/lib/python3.10/dist-packages/crazyflie_sim/visualization/data/model'...
[0.681s] Invoked command in '/special/ros2_ws/build/crazyflie_sim' returned '0': CMAKE_PREFIX_PATH=/special/ros2_ws/install/crazyflie_interfaces:/special/ros2_ws/install/crazyflie_sim:/special/ros2_ws/install/crazyflie_examples:/special/ros2_ws/install/motion_capture_tracking:/special/ros2_ws/install/crazyflie:/special/ros2_ws/install/motion_capture_tracking_interfaces:/special/ros2_ws/install/crazyflie_py:/opt/ros/humble LD_LIBRARY_PATH=/special/ros2_ws/install/crazyflie_interfaces/lib:/special/ros2_ws/install/motion_capture_tracking_interfaces/lib:/opt/ros/humble/opt/rviz_ogre_vendor/lib:/opt/ros/humble/lib/x86_64-linux-gnu:/opt/ros/humble/lib /usr/bin/cmake --install /special/ros2_ws/build/crazyflie_sim
