[0.130s] Invoking command in '/special/ros2_ws/build/crazyflie_examples': AMENT_PREFIX_PATH=/special/ros2_ws/install/crazyflie_py:/special/ros2_ws/install/crazyflie_sim:/special/ros2_ws/install/crazyflie_examples:/special/ros2_ws/install/motion_capture_tracking:/special/ros2_ws/install/crazyflie:/special/ros2_ws/install/motion_capture_tracking_interfaces:/special/ros2_ws/install/crazyflie_interfaces:/opt/ros/humble CMAKE_PREFIX_PATH=/special/ros2_ws/install/crazyflie_interfaces:/special/ros2_ws/install/crazyflie_sim:/special/ros2_ws/install/crazyflie_examples:/special/ros2_ws/install/motion_capture_tracking:/special/ros2_ws/install/crazyflie:/special/ros2_ws/install/motion_capture_tracking_interfaces:/special/ros2_ws/install/crazyflie_py:/opt/ros/humble LD_LIBRARY_PATH=/special/ros2_ws/install/crazyflie_interfaces/lib:/special/ros2_ws/install/motion_capture_tracking_interfaces/lib:/opt/ros/humble/opt/rviz_ogre_vendor/lib:/opt/ros/humble/lib/x86_64-linux-gnu:/opt/ros/humble/lib PYTHONPATH=/special/ros2_ws/build/crazyflie_py:/special/ros2_ws/install/crazyflie_py/lib/python3.10/site-packages:/special/ros2_ws/install/crazyflie_sim/local/lib/python3.10/dist-packages:/special/ros2_ws/install/crazyflie_examples/local/lib/python3.10/dist-packages:/special/ros2_ws/install/motion_capture_tracking_interfaces/local/lib/python3.10/dist-packages:/special/ros2_ws/install/crazyflie_interfaces/local/lib/python3.10/dist-packages:/opt/ros/humble/lib/python3.10/site-packages:/opt/ros/humble/local/lib/python3.10/dist-packages /usr/bin/cmake /special/ros2_ws/src/crazyswarm2/crazyflie_examples -DAMENT_CMAKE_SYMLINK_INSTALL=1 -DCMAKE_INSTALL_PREFIX=/special/ros2_ws/install/crazyflie_examples
[0.378s] -- The C compiler identification is GNU 11.3.0
[0.619s] -- The CXX compiler identification is GNU 11.3.0
[0.650s] -- Detecting C compiler ABI info
[0.931s] -- Detecting C compiler ABI info - done
[0.983s] -- Check for working C compiler: /usr/bin/cc - skipped
[0.983s] -- Detecting C compile features
[0.987s] -- Detecting C compile features - done
[0.995s] -- Detecting CXX compiler ABI info
[1.283s] -- Detecting CXX compiler ABI info - done
[1.316s] -- Check for working CXX compiler: /usr/bin/c++ - skipped
[1.316s] -- Detecting CXX compile features
[1.317s] -- Detecting CXX compile features - done
[1.325s] -- Found ament_cmake: 1.3.5 (/opt/ros/humble/share/ament_cmake/cmake)
[1.586s] -- Found Python3: /usr/bin/python3.10 (found version "3.10.6") found components: Interpreter 
[1.679s] -- Override CMake install command with custom implementation using symlinks instead of copying resources
[2.261s] -- Configuring done
[2.292s] -- Generating done
[2.293s] -- Build files have been written to: /special/ros2_ws/build/crazyflie_examples
[2.311s] Invoked command in '/special/ros2_ws/build/crazyflie_examples' returned '0': AMENT_PREFIX_PATH=/special/ros2_ws/install/crazyflie_py:/special/ros2_ws/install/crazyflie_sim:/special/ros2_ws/install/crazyflie_examples:/special/ros2_ws/install/motion_capture_tracking:/special/ros2_ws/install/crazyflie:/special/ros2_ws/install/motion_capture_tracking_interfaces:/special/ros2_ws/install/crazyflie_interfaces:/opt/ros/humble CMAKE_PREFIX_PATH=/special/ros2_ws/install/crazyflie_interfaces:/special/ros2_ws/install/crazyflie_sim:/special/ros2_ws/install/crazyflie_examples:/special/ros2_ws/install/motion_capture_tracking:/special/ros2_ws/install/crazyflie:/special/ros2_ws/install/motion_capture_tracking_interfaces:/special/ros2_ws/install/crazyflie_py:/opt/ros/humble LD_LIBRARY_PATH=/special/ros2_ws/install/crazyflie_interfaces/lib:/special/ros2_ws/install/motion_capture_tracking_interfaces/lib:/opt/ros/humble/opt/rviz_ogre_vendor/lib:/opt/ros/humble/lib/x86_64-linux-gnu:/opt/ros/humble/lib PYTHONPATH=/special/ros2_ws/build/crazyflie_py:/special/ros2_ws/install/crazyflie_py/lib/python3.10/site-packages:/special/ros2_ws/install/crazyflie_sim/local/lib/python3.10/dist-packages:/special/ros2_ws/install/crazyflie_examples/local/lib/python3.10/dist-packages:/special/ros2_ws/install/motion_capture_tracking_interfaces/local/lib/python3.10/dist-packages:/special/ros2_ws/install/crazyflie_interfaces/local/lib/python3.10/dist-packages:/opt/ros/humble/lib/python3.10/site-packages:/opt/ros/humble/local/lib/python3.10/dist-packages /usr/bin/cmake /special/ros2_ws/src/crazyswarm2/crazyflie_examples -DAMENT_CMAKE_SYMLINK_INSTALL=1 -DCMAKE_INSTALL_PREFIX=/special/ros2_ws/install/crazyflie_examples
[2.311s] Invoking command in '/special/ros2_ws/build/crazyflie_examples': AMENT_PREFIX_PATH=/special/ros2_ws/install/crazyflie_py:/special/ros2_ws/install/crazyflie_sim:/special/ros2_ws/install/crazyflie_examples:/special/ros2_ws/install/motion_capture_tracking:/special/ros2_ws/install/crazyflie:/special/ros2_ws/install/motion_capture_tracking_interfaces:/special/ros2_ws/install/crazyflie_interfaces:/opt/ros/humble CMAKE_PREFIX_PATH=/special/ros2_ws/install/crazyflie_interfaces:/special/ros2_ws/install/crazyflie_sim:/special/ros2_ws/install/crazyflie_examples:/special/ros2_ws/install/motion_capture_tracking:/special/ros2_ws/install/crazyflie:/special/ros2_ws/install/motion_capture_tracking_interfaces:/special/ros2_ws/install/crazyflie_py:/opt/ros/humble LD_LIBRARY_PATH=/special/ros2_ws/install/crazyflie_interfaces/lib:/special/ros2_ws/install/motion_capture_tracking_interfaces/lib:/opt/ros/humble/opt/rviz_ogre_vendor/lib:/opt/ros/humble/lib/x86_64-linux-gnu:/opt/ros/humble/lib PYTHONPATH=/special/ros2_ws/build/crazyflie_py:/special/ros2_ws/install/crazyflie_py/lib/python3.10/site-packages:/special/ros2_ws/install/crazyflie_sim/local/lib/python3.10/dist-packages:/special/ros2_ws/install/crazyflie_examples/local/lib/python3.10/dist-packages:/special/ros2_ws/install/motion_capture_tracking_interfaces/local/lib/python3.10/dist-packages:/special/ros2_ws/install/crazyflie_interfaces/local/lib/python3.10/dist-packages:/opt/ros/humble/lib/python3.10/site-packages:/opt/ros/humble/local/lib/python3.10/dist-packages /usr/bin/cmake --build /special/ros2_ws/build/crazyflie_examples -- -j8 -l8
[2.393s] Built target ament_cmake_python_symlink_crazyflie_examples_setup
[2.483s] Built target ament_cmake_python_symlink_crazyflie_examples
[2.913s] running egg_info
[2.915s] creating crazyflie_examples.egg-info
[2.915s] writing crazyflie_examples.egg-info/PKG-INFO
[2.916s] writing dependency_links to crazyflie_examples.egg-info/dependency_links.txt
[2.916s] writing entry points to crazyflie_examples.egg-info/entry_points.txt
[2.917s] writing top-level names to crazyflie_examples.egg-info/top_level.txt
[2.917s] writing manifest file 'crazyflie_examples.egg-info/SOURCES.txt'
[2.929s] reading manifest file 'crazyflie_examples.egg-info/SOURCES.txt'
[2.930s] writing manifest file 'crazyflie_examples.egg-info/SOURCES.txt'
[2.989s] Built target ament_cmake_python_build_crazyflie_examples_egg
[3.377s] running install_scripts
[3.408s] running egg_info
[3.410s] writing crazyflie_examples.egg-info/PKG-INFO
[3.410s] writing dependency_links to crazyflie_examples.egg-info/dependency_links.txt
[3.413s] writing entry points to crazyflie_examples.egg-info/entry_points.txt
[3.419s] writing top-level names to crazyflie_examples.egg-info/top_level.txt
[3.420s] reading manifest file 'crazyflie_examples.egg-info/SOURCES.txt'
[3.420s] writing manifest file 'crazyflie_examples.egg-info/SOURCES.txt'
[3.420s] Installing cmd_full_state script to scripts
[3.420s] Installing figure8 script to scripts
[3.420s] Installing hello_world script to scripts
[3.420s] Installing multi_trajectory script to scripts
[3.420s] Installing nice_hover script to scripts
[3.420s] Installing set_param script to scripts
[3.462s] Built target ament_cmake_python_build_crazyflie_examples_scripts
[3.479s] Invoked command in '/special/ros2_ws/build/crazyflie_examples' returned '0': AMENT_PREFIX_PATH=/special/ros2_ws/install/crazyflie_py:/special/ros2_ws/install/crazyflie_sim:/special/ros2_ws/install/crazyflie_examples:/special/ros2_ws/install/motion_capture_tracking:/special/ros2_ws/install/crazyflie:/special/ros2_ws/install/motion_capture_tracking_interfaces:/special/ros2_ws/install/crazyflie_interfaces:/opt/ros/humble CMAKE_PREFIX_PATH=/special/ros2_ws/install/crazyflie_interfaces:/special/ros2_ws/install/crazyflie_sim:/special/ros2_ws/install/crazyflie_examples:/special/ros2_ws/install/motion_capture_tracking:/special/ros2_ws/install/crazyflie:/special/ros2_ws/install/motion_capture_tracking_interfaces:/special/ros2_ws/install/crazyflie_py:/opt/ros/humble LD_LIBRARY_PATH=/special/ros2_ws/install/crazyflie_interfaces/lib:/special/ros2_ws/install/motion_capture_tracking_interfaces/lib:/opt/ros/humble/opt/rviz_ogre_vendor/lib:/opt/ros/humble/lib/x86_64-linux-gnu:/opt/ros/humble/lib PYTHONPATH=/special/ros2_ws/build/crazyflie_py:/special/ros2_ws/install/crazyflie_py/lib/python3.10/site-packages:/special/ros2_ws/install/crazyflie_sim/local/lib/python3.10/dist-packages:/special/ros2_ws/install/crazyflie_examples/local/lib/python3.10/dist-packages:/special/ros2_ws/install/motion_capture_tracking_interfaces/local/lib/python3.10/dist-packages:/special/ros2_ws/install/crazyflie_interfaces/local/lib/python3.10/dist-packages:/opt/ros/humble/lib/python3.10/site-packages:/opt/ros/humble/local/lib/python3.10/dist-packages /usr/bin/cmake --build /special/ros2_ws/build/crazyflie_examples -- -j8 -l8
[3.522s] Invoking command in '/special/ros2_ws/build/crazyflie_examples': AMENT_PREFIX_PATH=/special/ros2_ws/install/crazyflie_py:/special/ros2_ws/install/crazyflie_sim:/special/ros2_ws/install/crazyflie_examples:/special/ros2_ws/install/motion_capture_tracking:/special/ros2_ws/install/crazyflie:/special/ros2_ws/install/motion_capture_tracking_interfaces:/special/ros2_ws/install/crazyflie_interfaces:/opt/ros/humble CMAKE_PREFIX_PATH=/special/ros2_ws/install/crazyflie_interfaces:/special/ros2_ws/install/crazyflie_sim:/special/ros2_ws/install/crazyflie_examples:/special/ros2_ws/install/motion_capture_tracking:/special/ros2_ws/install/crazyflie:/special/ros2_ws/install/motion_capture_tracking_interfaces:/special/ros2_ws/install/crazyflie_py:/opt/ros/humble LD_LIBRARY_PATH=/special/ros2_ws/install/crazyflie_interfaces/lib:/special/ros2_ws/install/motion_capture_tracking_interfaces/lib:/opt/ros/humble/opt/rviz_ogre_vendor/lib:/opt/ros/humble/lib/x86_64-linux-gnu:/opt/ros/humble/lib PYTHONPATH=/special/ros2_ws/build/crazyflie_py:/special/ros2_ws/install/crazyflie_py/lib/python3.10/site-packages:/special/ros2_ws/install/crazyflie_sim/local/lib/python3.10/dist-packages:/special/ros2_ws/install/crazyflie_examples/local/lib/python3.10/dist-packages:/special/ros2_ws/install/motion_capture_tracking_interfaces/local/lib/python3.10/dist-packages:/special/ros2_ws/install/crazyflie_interfaces/local/lib/python3.10/dist-packages:/opt/ros/humble/lib/python3.10/site-packages:/opt/ros/humble/local/lib/python3.10/dist-packages /usr/bin/cmake --install /special/ros2_ws/build/crazyflie_examples
[3.542s] -- Install configuration: ""
[3.545s] -- Execute custom install script
[3.545s] -- Symlinking: /special/ros2_ws/install/crazyflie_examples/share/crazyflie_examples/environment/pythonpath.sh
[3.554s] -- Symlinking: /special/ros2_ws/install/crazyflie_examples/share/crazyflie_examples/environment/pythonpath.dsv
[3.566s] -- Symlinking: /special/ros2_ws/install/crazyflie_examples/local/lib/python3.10/dist-packages/crazyflie_examples-2.0.0-py3.10.egg-info/PKG-INFO
[3.577s] -- Symlinking: /special/ros2_ws/install/crazyflie_examples/local/lib/python3.10/dist-packages/crazyflie_examples-2.0.0-py3.10.egg-info/SOURCES.txt
[3.589s] -- Symlinking: /special/ros2_ws/install/crazyflie_examples/local/lib/python3.10/dist-packages/crazyflie_examples-2.0.0-py3.10.egg-info/dependency_links.txt
[3.599s] -- Symlinking: /special/ros2_ws/install/crazyflie_examples/local/lib/python3.10/dist-packages/crazyflie_examples-2.0.0-py3.10.egg-info/entry_points.txt
[3.609s] -- Symlinking: /special/ros2_ws/install/crazyflie_examples/local/lib/python3.10/dist-packages/crazyflie_examples-2.0.0-py3.10.egg-info/top_level.txt
[3.621s] -- Symlinking: /special/ros2_ws/install/crazyflie_examples/lib/crazyflie_examples//cmd_full_state
[3.631s] -- Symlinking: /special/ros2_ws/install/crazyflie_examples/lib/crazyflie_examples//figure8
[3.641s] -- Symlinking: /special/ros2_ws/install/crazyflie_examples/lib/crazyflie_examples//hello_world
[3.651s] -- Symlinking: /special/ros2_ws/install/crazyflie_examples/lib/crazyflie_examples//multi_trajectory
[3.662s] -- Symlinking: /special/ros2_ws/install/crazyflie_examples/lib/crazyflie_examples//nice_hover
[3.674s] -- Symlinking: /special/ros2_ws/install/crazyflie_examples/lib/crazyflie_examples//set_param
[3.686s] -- Symlinking: /special/ros2_ws/install/crazyflie_examples/local/lib/python3.10/dist-packages/crazyflie_examples/__init__.py
[3.697s] -- Symlinking: /special/ros2_ws/install/crazyflie_examples/local/lib/python3.10/dist-packages/crazyflie_examples/cmd_full_state.py
[3.709s] -- Symlinking: /special/ros2_ws/install/crazyflie_examples/local/lib/python3.10/dist-packages/crazyflie_examples/data/figure8.csv
[3.721s] -- Symlinking: /special/ros2_ws/install/crazyflie_examples/local/lib/python3.10/dist-packages/crazyflie_examples/data/multi_trajectory/traj0.csv
[3.734s] -- Symlinking: /special/ros2_ws/install/crazyflie_examples/local/lib/python3.10/dist-packages/crazyflie_examples/data/multi_trajectory/traj1.csv
[3.741s] -- Symlinking: /special/ros2_ws/install/crazyflie_examples/local/lib/python3.10/dist-packages/crazyflie_examples/figure8.py
[3.752s] -- Symlinking: /special/ros2_ws/install/crazyflie_examples/local/lib/python3.10/dist-packages/crazyflie_examples/hello_world.py
[3.764s] -- Symlinking: /special/ros2_ws/install/crazyflie_examples/local/lib/python3.10/dist-packages/crazyflie_examples/multi_trajectory.py
[3.776s] -- Symlinking: /special/ros2_ws/install/crazyflie_examples/local/lib/python3.10/dist-packages/crazyflie_examples/nice_hover.py
[3.786s] -- Symlinking: /special/ros2_ws/install/crazyflie_examples/local/lib/python3.10/dist-packages/crazyflie_examples/nicer_hover.py
[3.797s] -- Symlinking: /special/ros2_ws/install/crazyflie_examples/local/lib/python3.10/dist-packages/crazyflie_examples/set_param.py
[3.807s] -- Symlinking: /special/ros2_ws/install/crazyflie_examples/share/crazyflie_examples//config/nav2_params.yaml
[3.819s] -- Symlinking: /special/ros2_ws/install/crazyflie_examples/share/crazyflie_examples//config/nav2_view.rviz
[3.832s] -- Symlinking: /special/ros2_ws/install/crazyflie_examples/share/crazyflie_examples//data/map.data
[3.854s] -- Symlinking: /special/ros2_ws/install/crazyflie_examples/share/crazyflie_examples//data/map.pgm
[3.860s] -- Symlinking: /special/ros2_ws/install/crazyflie_examples/share/crazyflie_examples//data/map.posegraph
[3.870s] -- Symlinking: /special/ros2_ws/install/crazyflie_examples/share/crazyflie_examples//data/map.yaml
[3.880s] -- Symlinking: /special/ros2_ws/install/crazyflie_examples/share/crazyflie_examples//launch/keyboard_velmux_launch.py
[3.890s] -- Symlinking: /special/ros2_ws/install/crazyflie_examples/share/crazyflie_examples//launch/multiranger_mapping_launch.py
[3.926s] -- Symlinking: /special/ros2_ws/install/crazyflie_examples/share/crazyflie_examples//launch/multiranger_nav2_launch.py
[3.957s] -- Symlinking: /special/ros2_ws/install/crazyflie_examples/share/ament_index/resource_index/package_run_dependencies/crazyflie_examples
[3.958s] -- Symlinking: /special/ros2_ws/install/crazyflie_examples/share/ament_index/resource_index/parent_prefix_path/crazyflie_examples
[3.966s] -- Symlinking: /special/ros2_ws/install/crazyflie_examples/share/crazyflie_examples/environment/ament_prefix_path.sh
[3.979s] -- Symlinking: /special/ros2_ws/install/crazyflie_examples/share/crazyflie_examples/environment/ament_prefix_path.dsv
[3.990s] -- Symlinking: /special/ros2_ws/install/crazyflie_examples/share/crazyflie_examples/environment/path.sh
[4.004s] -- Symlinking: /special/ros2_ws/install/crazyflie_examples/share/crazyflie_examples/environment/path.dsv
[4.015s] -- Symlinking: /special/ros2_ws/install/crazyflie_examples/share/crazyflie_examples/local_setup.bash
[4.024s] -- Symlinking: /special/ros2_ws/install/crazyflie_examples/share/crazyflie_examples/local_setup.sh
[4.035s] -- Symlinking: /special/ros2_ws/install/crazyflie_examples/share/crazyflie_examples/local_setup.zsh
[4.050s] -- Symlinking: /special/ros2_ws/install/crazyflie_examples/share/crazyflie_examples/local_setup.dsv
[4.060s] -- Symlinking: /special/ros2_ws/install/crazyflie_examples/share/crazyflie_examples/package.dsv
[4.069s] -- Symlinking: /special/ros2_ws/install/crazyflie_examples/share/ament_index/resource_index/packages/crazyflie_examples
[4.079s] -- Symlinking: /special/ros2_ws/install/crazyflie_examples/share/crazyflie_examples/cmake/crazyflie_examplesConfig.cmake
[4.090s] -- Symlinking: /special/ros2_ws/install/crazyflie_examples/share/crazyflie_examples/cmake/crazyflie_examplesConfig-version.cmake
[4.103s] -- Symlinking: /special/ros2_ws/install/crazyflie_examples/share/crazyflie_examples/package.xml
[4.155s] Listing '/special/ros2_ws/install/crazyflie_examples/local/lib/python3.10/dist-packages/crazyflie_examples'...
[4.155s] Compiling '/special/ros2_ws/install/crazyflie_examples/local/lib/python3.10/dist-packages/crazyflie_examples/__init__.py'...
[4.155s] Compiling '/special/ros2_ws/install/crazyflie_examples/local/lib/python3.10/dist-packages/crazyflie_examples/cmd_full_state.py'...
[4.155s] Listing '/special/ros2_ws/install/crazyflie_examples/local/lib/python3.10/dist-packages/crazyflie_examples/data'...
[4.155s] Listing '/special/ros2_ws/install/crazyflie_examples/local/lib/python3.10/dist-packages/crazyflie_examples/data/multi_trajectory'...
[4.155s] Compiling '/special/ros2_ws/install/crazyflie_examples/local/lib/python3.10/dist-packages/crazyflie_examples/figure8.py'...
[4.155s] Compiling '/special/ros2_ws/install/crazyflie_examples/local/lib/python3.10/dist-packages/crazyflie_examples/hello_world.py'...
[4.155s] Compiling '/special/ros2_ws/install/crazyflie_examples/local/lib/python3.10/dist-packages/crazyflie_examples/multi_trajectory.py'...
[4.155s] Compiling '/special/ros2_ws/install/crazyflie_examples/local/lib/python3.10/dist-packages/crazyflie_examples/nice_hover.py'...
[4.156s] Compiling '/special/ros2_ws/install/crazyflie_examples/local/lib/python3.10/dist-packages/crazyflie_examples/nicer_hover.py'...
[4.156s] Compiling '/special/ros2_ws/install/crazyflie_examples/local/lib/python3.10/dist-packages/crazyflie_examples/set_param.py'...
[4.167s] Invoked command in '/special/ros2_ws/build/crazyflie_examples' returned '0': AMENT_PREFIX_PATH=/special/ros2_ws/install/crazyflie_py:/special/ros2_ws/install/crazyflie_sim:/special/ros2_ws/install/crazyflie_examples:/special/ros2_ws/install/motion_capture_tracking:/special/ros2_ws/install/crazyflie:/special/ros2_ws/install/motion_capture_tracking_interfaces:/special/ros2_ws/install/crazyflie_interfaces:/opt/ros/humble CMAKE_PREFIX_PATH=/special/ros2_ws/install/crazyflie_interfaces:/special/ros2_ws/install/crazyflie_sim:/special/ros2_ws/install/crazyflie_examples:/special/ros2_ws/install/motion_capture_tracking:/special/ros2_ws/install/crazyflie:/special/ros2_ws/install/motion_capture_tracking_interfaces:/special/ros2_ws/install/crazyflie_py:/opt/ros/humble LD_LIBRARY_PATH=/special/ros2_ws/install/crazyflie_interfaces/lib:/special/ros2_ws/install/motion_capture_tracking_interfaces/lib:/opt/ros/humble/opt/rviz_ogre_vendor/lib:/opt/ros/humble/lib/x86_64-linux-gnu:/opt/ros/humble/lib PYTHONPATH=/special/ros2_ws/build/crazyflie_py:/special/ros2_ws/install/crazyflie_py/lib/python3.10/site-packages:/special/ros2_ws/install/crazyflie_sim/local/lib/python3.10/dist-packages:/special/ros2_ws/install/crazyflie_examples/local/lib/python3.10/dist-packages:/special/ros2_ws/install/motion_capture_tracking_interfaces/local/lib/python3.10/dist-packages:/special/ros2_ws/install/crazyflie_interfaces/local/lib/python3.10/dist-packages:/opt/ros/humble/lib/python3.10/site-packages:/opt/ros/humble/local/lib/python3.10/dist-packages /usr/bin/cmake --install /special/ros2_ws/build/crazyflie_examples
