[1.893s] Invoking command in '/special/ros2_ws/build/crazyflie_py': CMAKE_PREFIX_PATH=/special/ros2_ws/install/crazyflie_interfaces:/special/ros2_ws/install/crazyflie_sim:/special/ros2_ws/install/crazyflie_examples:/special/ros2_ws/install/motion_capture_tracking:/special/ros2_ws/install/crazyflie:/special/ros2_ws/install/motion_capture_tracking_interfaces LD_LIBRARY_PATH=/special/ros2_ws/install/crazyflie_interfaces/lib:/special/ros2_ws/install/motion_capture_tracking_interfaces/lib:/opt/ros/humble/opt/rviz_ogre_vendor/lib:/opt/ros/humble/lib/x86_64-linux-gnu:/opt/ros/humble/lib PYTHONPATH=/special/ros2_ws/build/crazyflie_py/prefix_override:/special/ros2_ws/install/crazyflie_py/lib/python3.10/site-packages:${PYTHONPATH} /usr/bin/python3 setup.py develop --editable --build-directory /special/ros2_ws/build/crazyflie_py/build --no-deps install_data
[2.784s] running develop
[3.299s] running egg_info
[3.300s] creating crazyflie_py.egg-info
[3.300s] writing crazyflie_py.egg-info/PKG-INFO
[3.301s] writing dependency_links to crazyflie_py.egg-info/dependency_links.txt
[3.302s] writing entry points to crazyflie_py.egg-info/entry_points.txt
[3.302s] writing requirements to crazyflie_py.egg-info/requires.txt
[3.302s] writing top-level names to crazyflie_py.egg-info/top_level.txt
[3.303s] writing manifest file 'crazyflie_py.egg-info/SOURCES.txt'
[3.314s] reading manifest file 'crazyflie_py.egg-info/SOURCES.txt'
[3.315s] writing manifest file 'crazyflie_py.egg-info/SOURCES.txt'
[3.317s] running build_ext
[3.317s] Creating /special/ros2_ws/install/crazyflie_py/lib/python3.10/site-packages/crazyflie-py.egg-link (link to .)
[3.318s] 
[3.318s] Installed /special/ros2_ws/build/crazyflie_py
[3.319s] running install_data
[3.319s] creating /special/ros2_ws/install/crazyflie_py/share/ament_index
[3.319s] creating /special/ros2_ws/install/crazyflie_py/share/ament_index/resource_index
[3.319s] creating /special/ros2_ws/install/crazyflie_py/share/ament_index/resource_index/packages
[3.319s] copying resource/crazyflie_py -> /special/ros2_ws/install/crazyflie_py/share/ament_index/resource_index/packages
[3.319s] copying package.xml -> /special/ros2_ws/install/crazyflie_py/share/crazyflie_py
[3.394s] Invoked command in '/special/ros2_ws/build/crazyflie_py' returned '0': CMAKE_PREFIX_PATH=/special/ros2_ws/install/crazyflie_interfaces:/special/ros2_ws/install/crazyflie_sim:/special/ros2_ws/install/crazyflie_examples:/special/ros2_ws/install/motion_capture_tracking:/special/ros2_ws/install/crazyflie:/special/ros2_ws/install/motion_capture_tracking_interfaces LD_LIBRARY_PATH=/special/ros2_ws/install/crazyflie_interfaces/lib:/special/ros2_ws/install/motion_capture_tracking_interfaces/lib:/opt/ros/humble/opt/rviz_ogre_vendor/lib:/opt/ros/humble/lib/x86_64-linux-gnu:/opt/ros/humble/lib PYTHONPATH=/special/ros2_ws/build/crazyflie_py/prefix_override:/special/ros2_ws/install/crazyflie_py/lib/python3.10/site-packages:${PYTHONPATH} /usr/bin/python3 setup.py develop --editable --build-directory /special/ros2_ws/build/crazyflie_py/build --no-deps install_data
