[0.549s] Invoking command in '/special/ros2_ws/build/crazyflie_py': CMAKE_PREFIX_PATH=/special/ros2_ws/install/crazyflie_interfaces:/special/ros2_ws/install/motion_capture_tracking:/special/ros2_ws/install/crazyflie:/special/ros2_ws/install/motion_capture_tracking_interfaces:/special/ros2_ws/install/crazyflie_sim:/special/ros2_ws/install/crazyflie_examples LD_LIBRARY_PATH=/special/ros2_ws/install/crazyflie_interfaces/lib:/special/ros2_ws/install/motion_capture_tracking_interfaces/lib:/opt/ros/humble/opt/rviz_ogre_vendor/lib:/opt/ros/humble/lib/x86_64-linux-gnu:/opt/ros/humble/lib PYTHONPATH=/special/ros2_ws/build/crazyflie_py/prefix_override:/special/ros2_ws/install/crazyflie_py/lib/python3.10/site-packages:${PYTHONPATH} /usr/bin/python3 setup.py develop --uninstall --editable --build-directory /special/ros2_ws/build/crazyflie_py/build
[0.825s] running develop
[0.934s] Removing /special/ros2_ws/install/crazyflie_py/lib/python3.10/site-packages/crazyflie-py.egg-link (link to .)
[0.955s] Invoked command in '/special/ros2_ws/build/crazyflie_py' returned '0': CMAKE_PREFIX_PATH=/special/ros2_ws/install/crazyflie_interfaces:/special/ros2_ws/install/motion_capture_tracking:/special/ros2_ws/install/crazyflie:/special/ros2_ws/install/motion_capture_tracking_interfaces:/special/ros2_ws/install/crazyflie_sim:/special/ros2_ws/install/crazyflie_examples LD_LIBRARY_PATH=/special/ros2_ws/install/crazyflie_interfaces/lib:/special/ros2_ws/install/motion_capture_tracking_interfaces/lib:/opt/ros/humble/opt/rviz_ogre_vendor/lib:/opt/ros/humble/lib/x86_64-linux-gnu:/opt/ros/humble/lib PYTHONPATH=/special/ros2_ws/build/crazyflie_py/prefix_override:/special/ros2_ws/install/crazyflie_py/lib/python3.10/site-packages:${PYTHONPATH} /usr/bin/python3 setup.py develop --uninstall --editable --build-directory /special/ros2_ws/build/crazyflie_py/build
[0.956s] Invoking command in '/special/ros2_ws/src/crazyswarm2/crazyflie_py': CMAKE_PREFIX_PATH=/special/ros2_ws/install/crazyflie_interfaces:/special/ros2_ws/install/motion_capture_tracking:/special/ros2_ws/install/crazyflie:/special/ros2_ws/install/motion_capture_tracking_interfaces:/special/ros2_ws/install/crazyflie_sim:/special/ros2_ws/install/crazyflie_examples LD_LIBRARY_PATH=/special/ros2_ws/install/crazyflie_interfaces/lib:/special/ros2_ws/install/motion_capture_tracking_interfaces/lib:/opt/ros/humble/opt/rviz_ogre_vendor/lib:/opt/ros/humble/lib/x86_64-linux-gnu:/opt/ros/humble/lib PYTHONPATH=/special/ros2_ws/build/crazyflie_py/prefix_override:/special/ros2_ws/install/crazyflie_py/lib/python3.10/site-packages:${PYTHONPATH} /usr/bin/python3 setup.py egg_info --egg-base ../../../build/crazyflie_py build --build-base /special/ros2_ws/build/crazyflie_py/build install --record /special/ros2_ws/build/crazyflie_py/install.log --single-version-externally-managed
[1.125s] running egg_info
[1.125s] writing ../../../build/crazyflie_py/crazyflie_py.egg-info/PKG-INFO
[1.125s] writing dependency_links to ../../../build/crazyflie_py/crazyflie_py.egg-info/dependency_links.txt
[1.125s] writing entry points to ../../../build/crazyflie_py/crazyflie_py.egg-info/entry_points.txt
[1.126s] writing requirements to ../../../build/crazyflie_py/crazyflie_py.egg-info/requires.txt
[1.126s] writing top-level names to ../../../build/crazyflie_py/crazyflie_py.egg-info/top_level.txt
[1.127s] reading manifest file '../../../build/crazyflie_py/crazyflie_py.egg-info/SOURCES.txt'
[1.127s] writing manifest file '../../../build/crazyflie_py/crazyflie_py.egg-info/SOURCES.txt'
[1.127s] running build
[1.127s] running build_py
[1.127s] creating /special/ros2_ws/build/crazyflie_py/build
[1.127s] creating /special/ros2_ws/build/crazyflie_py/build/lib
[1.127s] creating /special/ros2_ws/build/crazyflie_py/build/lib/crazyflie_py
[1.128s] copying crazyflie_py/joystick.py -> /special/ros2_ws/build/crazyflie_py/build/lib/crazyflie_py
[1.128s] copying crazyflie_py/util.py -> /special/ros2_ws/build/crazyflie_py/build/lib/crazyflie_py
[1.128s] copying crazyflie_py/keyboard.py -> /special/ros2_ws/build/crazyflie_py/build/lib/crazyflie_py
[1.128s] copying crazyflie_py/linuxjsdev.py -> /special/ros2_ws/build/crazyflie_py/build/lib/crazyflie_py
[1.128s] copying crazyflie_py/uav_trajectory.py -> /special/ros2_ws/build/crazyflie_py/build/lib/crazyflie_py
[1.128s] copying crazyflie_py/crazyflie.py -> /special/ros2_ws/build/crazyflie_py/build/lib/crazyflie_py
[1.128s] copying crazyflie_py/crazyswarm_py.py -> /special/ros2_ws/build/crazyflie_py/build/lib/crazyflie_py
[1.128s] copying crazyflie_py/genericJoystick.py -> /special/ros2_ws/build/crazyflie_py/build/lib/crazyflie_py
[1.128s] copying crazyflie_py/__init__.py -> /special/ros2_ws/build/crazyflie_py/build/lib/crazyflie_py
[1.128s] running install
[1.128s] running install_lib
[1.129s] creating /special/ros2_ws/install/crazyflie_py/lib/python3.10/site-packages/crazyflie_py
[1.129s] copying /special/ros2_ws/build/crazyflie_py/build/lib/crazyflie_py/joystick.py -> /special/ros2_ws/install/crazyflie_py/lib/python3.10/site-packages/crazyflie_py
[1.129s] copying /special/ros2_ws/build/crazyflie_py/build/lib/crazyflie_py/util.py -> /special/ros2_ws/install/crazyflie_py/lib/python3.10/site-packages/crazyflie_py
[1.129s] copying /special/ros2_ws/build/crazyflie_py/build/lib/crazyflie_py/keyboard.py -> /special/ros2_ws/install/crazyflie_py/lib/python3.10/site-packages/crazyflie_py
[1.129s] copying /special/ros2_ws/build/crazyflie_py/build/lib/crazyflie_py/linuxjsdev.py -> /special/ros2_ws/install/crazyflie_py/lib/python3.10/site-packages/crazyflie_py
[1.129s] copying /special/ros2_ws/build/crazyflie_py/build/lib/crazyflie_py/uav_trajectory.py -> /special/ros2_ws/install/crazyflie_py/lib/python3.10/site-packages/crazyflie_py
[1.129s] copying /special/ros2_ws/build/crazyflie_py/build/lib/crazyflie_py/crazyflie.py -> /special/ros2_ws/install/crazyflie_py/lib/python3.10/site-packages/crazyflie_py
[1.129s] copying /special/ros2_ws/build/crazyflie_py/build/lib/crazyflie_py/crazyswarm_py.py -> /special/ros2_ws/install/crazyflie_py/lib/python3.10/site-packages/crazyflie_py
[1.129s] copying /special/ros2_ws/build/crazyflie_py/build/lib/crazyflie_py/genericJoystick.py -> /special/ros2_ws/install/crazyflie_py/lib/python3.10/site-packages/crazyflie_py
[1.129s] copying /special/ros2_ws/build/crazyflie_py/build/lib/crazyflie_py/__init__.py -> /special/ros2_ws/install/crazyflie_py/lib/python3.10/site-packages/crazyflie_py
[1.130s] byte-compiling /special/ros2_ws/install/crazyflie_py/lib/python3.10/site-packages/crazyflie_py/joystick.py to joystick.cpython-310.pyc
[1.130s] byte-compiling /special/ros2_ws/install/crazyflie_py/lib/python3.10/site-packages/crazyflie_py/util.py to util.cpython-310.pyc
[1.130s] byte-compiling /special/ros2_ws/install/crazyflie_py/lib/python3.10/site-packages/crazyflie_py/keyboard.py to keyboard.cpython-310.pyc
[1.130s] byte-compiling /special/ros2_ws/install/crazyflie_py/lib/python3.10/site-packages/crazyflie_py/linuxjsdev.py to linuxjsdev.cpython-310.pyc
[1.131s] byte-compiling /special/ros2_ws/install/crazyflie_py/lib/python3.10/site-packages/crazyflie_py/uav_trajectory.py to uav_trajectory.cpython-310.pyc
[1.132s] byte-compiling /special/ros2_ws/install/crazyflie_py/lib/python3.10/site-packages/crazyflie_py/crazyflie.py to crazyflie.cpython-310.pyc
[1.134s] byte-compiling /special/ros2_ws/install/crazyflie_py/lib/python3.10/site-packages/crazyflie_py/crazyswarm_py.py to crazyswarm_py.cpython-310.pyc
[1.134s] byte-compiling /special/ros2_ws/install/crazyflie_py/lib/python3.10/site-packages/crazyflie_py/genericJoystick.py to genericJoystick.cpython-310.pyc
[1.134s] byte-compiling /special/ros2_ws/install/crazyflie_py/lib/python3.10/site-packages/crazyflie_py/__init__.py to __init__.cpython-310.pyc
[1.134s] running install_data
[1.134s] running install_egg_info
[1.135s] Copying ../../../build/crazyflie_py/crazyflie_py.egg-info to /special/ros2_ws/install/crazyflie_py/lib/python3.10/site-packages/crazyflie_py-2.0.0-py3.10.egg-info
[1.136s] running install_scripts
[1.149s] writing list of installed files to '/special/ros2_ws/build/crazyflie_py/install.log'
[1.170s] Invoked command in '/special/ros2_ws/src/crazyswarm2/crazyflie_py' returned '0': CMAKE_PREFIX_PATH=/special/ros2_ws/install/crazyflie_interfaces:/special/ros2_ws/install/motion_capture_tracking:/special/ros2_ws/install/crazyflie:/special/ros2_ws/install/motion_capture_tracking_interfaces:/special/ros2_ws/install/crazyflie_sim:/special/ros2_ws/install/crazyflie_examples LD_LIBRARY_PATH=/special/ros2_ws/install/crazyflie_interfaces/lib:/special/ros2_ws/install/motion_capture_tracking_interfaces/lib:/opt/ros/humble/opt/rviz_ogre_vendor/lib:/opt/ros/humble/lib/x86_64-linux-gnu:/opt/ros/humble/lib PYTHONPATH=/special/ros2_ws/build/crazyflie_py/prefix_override:/special/ros2_ws/install/crazyflie_py/lib/python3.10/site-packages:${PYTHONPATH} /usr/bin/python3 setup.py egg_info --egg-base ../../../build/crazyflie_py build --build-base /special/ros2_ws/build/crazyflie_py/build install --record /special/ros2_ws/build/crazyflie_py/install.log --single-version-externally-managed
