[0.191s] Invoking command in '/special/ros2_ws/build/crazyflie_sim': CMAKE_PREFIX_PATH=/special/ros2_ws/install/crazyflie_interfaces:/special/ros2_ws/install/motion_capture_tracking:/special/ros2_ws/install/crazyflie:/special/ros2_ws/install/motion_capture_tracking_interfaces:/special/ros2_ws/install/crazyflie_sim:/special/ros2_ws/install/crazyflie_examples:/special/ros2_ws/install/tracking_broadcast:/special/ros2_ws/install/crazyflie_py:/opt/ros/humble LD_LIBRARY_PATH=/special/ros2_ws/install/crazyflie_interfaces/lib:/special/ros2_ws/install/motion_capture_tracking_interfaces/lib:/opt/ros/humble/opt/rviz_ogre_vendor/lib:/opt/ros/humble/lib/x86_64-linux-gnu:/opt/ros/humble/lib /usr/bin/cmake /special/ros2_ws/src/crazyswarm2/crazyflie_sim -DCMAKE_INSTALL_PREFIX=/special/ros2_ws/install/crazyflie_sim
[0.201s] -- Found ament_cmake: 1.3.5 (/opt/ros/humble/share/ament_cmake/cmake)
[0.331s] -- Override CMake install command with custom implementation using symlinks instead of copying resources
[0.431s] -- Configuring done
[0.437s] -- Generating done
[0.438s] -- Build files have been written to: /special/ros2_ws/build/crazyflie_sim
[0.440s] Invoked command in '/special/ros2_ws/build/crazyflie_sim' returned '0': CMAKE_PREFIX_PATH=/special/ros2_ws/install/crazyflie_interfaces:/special/ros2_ws/install/motion_capture_tracking:/special/ros2_ws/install/crazyflie:/special/ros2_ws/install/motion_capture_tracking_interfaces:/special/ros2_ws/install/crazyflie_sim:/special/ros2_ws/install/crazyflie_examples:/special/ros2_ws/install/tracking_broadcast:/special/ros2_ws/install/crazyflie_py:/opt/ros/humble LD_LIBRARY_PATH=/special/ros2_ws/install/crazyflie_interfaces/lib:/special/ros2_ws/install/motion_capture_tracking_interfaces/lib:/opt/ros/humble/opt/rviz_ogre_vendor/lib:/opt/ros/humble/lib/x86_64-linux-gnu:/opt/ros/humble/lib /usr/bin/cmake /special/ros2_ws/src/crazyswarm2/crazyflie_sim -DCMAKE_INSTALL_PREFIX=/special/ros2_ws/install/crazyflie_sim
[0.442s] Invoking command in '/special/ros2_ws/build/crazyflie_sim': CMAKE_PREFIX_PATH=/special/ros2_ws/install/crazyflie_interfaces:/special/ros2_ws/install/motion_capture_tracking:/special/ros2_ws/install/crazyflie:/special/ros2_ws/install/motion_capture_tracking_interfaces:/special/ros2_ws/install/crazyflie_sim:/special/ros2_ws/install/crazyflie_examples:/special/ros2_ws/install/tracking_broadcast:/special/ros2_ws/install/crazyflie_py:/opt/ros/humble LD_LIBRARY_PATH=/special/ros2_ws/install/crazyflie_interfaces/lib:/special/ros2_ws/install/motion_capture_tracking_interfaces/lib:/opt/ros/humble/opt/rviz_ogre_vendor/lib:/opt/ros/humble/lib/x86_64-linux-gnu:/opt/ros/humble/lib /usr/bin/cmake --build /special/ros2_ws/build/crazyflie_sim -- -j8 -l8
[0.476s] Built target ament_cmake_python_symlink_crazyflie_sim_setup
[0.478s] Built target ament_cmake_python_symlink_crazyflie_sim
[0.685s] running install_scripts
[0.702s] running egg_info
[0.703s] writing crazyflie_sim.egg-info/PKG-INFO
[0.703s] writing dependency_links to crazyflie_sim.egg-info/dependency_links.txt
[0.703s] writing entry points to crazyflie_sim.egg-info/entry_points.txt
[0.703s] writing top-level names to crazyflie_sim.egg-info/top_level.txt
[0.705s] reading manifest file 'crazyflie_sim.egg-info/SOURCES.txt'
[0.706s] writing manifest file 'crazyflie_sim.egg-info/SOURCES.txt'
[0.707s] Installing crazyflie_server script to scripts
[0.732s] Built target ament_cmake_python_build_crazyflie_sim_scripts
[0.758s] running egg_info
[0.758s] writing crazyflie_sim.egg-info/PKG-INFO
[0.758s] writing dependency_links to crazyflie_sim.egg-info/dependency_links.txt
[0.758s] writing entry points to crazyflie_sim.egg-info/entry_points.txt
[0.758s] writing top-level names to crazyflie_sim.egg-info/top_level.txt
[0.761s] reading manifest file 'crazyflie_sim.egg-info/SOURCES.txt'
[0.761s] writing manifest file 'crazyflie_sim.egg-info/SOURCES.txt'
[0.784s] Built target ament_cmake_python_build_crazyflie_sim_egg
[0.791s] Invoked command in '/special/ros2_ws/build/crazyflie_sim' returned '0': CMAKE_PREFIX_PATH=/special/ros2_ws/install/crazyflie_interfaces:/special/ros2_ws/install/motion_capture_tracking:/special/ros2_ws/install/crazyflie:/special/ros2_ws/install/motion_capture_tracking_interfaces:/special/ros2_ws/install/crazyflie_sim:/special/ros2_ws/install/crazyflie_examples:/special/ros2_ws/install/tracking_broadcast:/special/ros2_ws/install/crazyflie_py:/opt/ros/humble LD_LIBRARY_PATH=/special/ros2_ws/install/crazyflie_interfaces/lib:/special/ros2_ws/install/motion_capture_tracking_interfaces/lib:/opt/ros/humble/opt/rviz_ogre_vendor/lib:/opt/ros/humble/lib/x86_64-linux-gnu:/opt/ros/humble/lib /usr/bin/cmake --build /special/ros2_ws/build/crazyflie_sim -- -j8 -l8
[0.807s] Invoking command in '/special/ros2_ws/build/crazyflie_sim': CMAKE_PREFIX_PATH=/special/ros2_ws/install/crazyflie_interfaces:/special/ros2_ws/install/motion_capture_tracking:/special/ros2_ws/install/crazyflie:/special/ros2_ws/install/motion_capture_tracking_interfaces:/special/ros2_ws/install/crazyflie_sim:/special/ros2_ws/install/crazyflie_examples:/special/ros2_ws/install/tracking_broadcast:/special/ros2_ws/install/crazyflie_py:/opt/ros/humble LD_LIBRARY_PATH=/special/ros2_ws/install/crazyflie_interfaces/lib:/special/ros2_ws/install/motion_capture_tracking_interfaces/lib:/opt/ros/humble/opt/rviz_ogre_vendor/lib:/opt/ros/humble/lib/x86_64-linux-gnu:/opt/ros/humble/lib /usr/bin/cmake --install /special/ros2_ws/build/crazyflie_sim
[0.811s] -- Install configuration: ""
[0.812s] -- Execute custom install script
[0.812s] -- Up-to-date symlink: /special/ros2_ws/install/crazyflie_sim/share/crazyflie_sim/environment/pythonpath.sh
[0.812s] -- Up-to-date symlink: /special/ros2_ws/install/crazyflie_sim/share/crazyflie_sim/environment/pythonpath.dsv
[0.812s] -- Up-to-date symlink: /special/ros2_ws/install/crazyflie_sim/local/lib/python3.10/dist-packages/crazyflie_sim-2.0.0-py3.10.egg-info/PKG-INFO
[0.812s] -- Up-to-date symlink: /special/ros2_ws/install/crazyflie_sim/local/lib/python3.10/dist-packages/crazyflie_sim-2.0.0-py3.10.egg-info/SOURCES.txt
[0.813s] -- Up-to-date symlink: /special/ros2_ws/install/crazyflie_sim/local/lib/python3.10/dist-packages/crazyflie_sim-2.0.0-py3.10.egg-info/dependency_links.txt
[0.813s] -- Up-to-date symlink: /special/ros2_ws/install/crazyflie_sim/local/lib/python3.10/dist-packages/crazyflie_sim-2.0.0-py3.10.egg-info/entry_points.txt
[0.813s] -- Up-to-date symlink: /special/ros2_ws/install/crazyflie_sim/local/lib/python3.10/dist-packages/crazyflie_sim-2.0.0-py3.10.egg-info/top_level.txt
[0.813s] -- Up-to-date symlink: /special/ros2_ws/install/crazyflie_sim/lib/crazyflie_sim//crazyflie_server
[0.813s] -- Up-to-date symlink: /special/ros2_ws/install/crazyflie_sim/local/lib/python3.10/dist-packages/crazyflie_sim/__init__.py
[0.813s] -- Up-to-date symlink: /special/ros2_ws/install/crazyflie_sim/local/lib/python3.10/dist-packages/crazyflie_sim/backend/none.py
[0.814s] -- Up-to-date symlink: /special/ros2_ws/install/crazyflie_sim/local/lib/python3.10/dist-packages/crazyflie_sim/backend/np.py
[0.814s] -- Up-to-date symlink: /special/ros2_ws/install/crazyflie_sim/local/lib/python3.10/dist-packages/crazyflie_sim/crazyflie_server.py
[0.814s] -- Up-to-date symlink: /special/ros2_ws/install/crazyflie_sim/local/lib/python3.10/dist-packages/crazyflie_sim/crazyflie_sil.py
[0.814s] -- Up-to-date symlink: /special/ros2_ws/install/crazyflie_sim/local/lib/python3.10/dist-packages/crazyflie_sim/sim_data_types.py
[0.814s] -- Up-to-date symlink: /special/ros2_ws/install/crazyflie_sim/local/lib/python3.10/dist-packages/crazyflie_sim/visualization/README.md
[0.814s] -- Up-to-date symlink: /special/ros2_ws/install/crazyflie_sim/local/lib/python3.10/dist-packages/crazyflie_sim/visualization/blender.py
[0.814s] -- Up-to-date symlink: /special/ros2_ws/install/crazyflie_sim/local/lib/python3.10/dist-packages/crazyflie_sim/visualization/data/README.md
[0.814s] -- Up-to-date symlink: /special/ros2_ws/install/crazyflie_sim/local/lib/python3.10/dist-packages/crazyflie_sim/visualization/data/env/abandoned_greenhouse.jpg
[0.814s] -- Up-to-date symlink: /special/ros2_ws/install/crazyflie_sim/local/lib/python3.10/dist-packages/crazyflie_sim/visualization/data/env/aerodynamics_workshop.jpg
[0.814s] -- Up-to-date symlink: /special/ros2_ws/install/crazyflie_sim/local/lib/python3.10/dist-packages/crazyflie_sim/visualization/data/env/aviation_museum.jpg
[0.814s] -- Up-to-date symlink: /special/ros2_ws/install/crazyflie_sim/local/lib/python3.10/dist-packages/crazyflie_sim/visualization/data/env/crosswalk.jpg
[0.815s] -- Up-to-date symlink: /special/ros2_ws/install/crazyflie_sim/local/lib/python3.10/dist-packages/crazyflie_sim/visualization/data/env/derelict_overpass.jpg
[0.815s] -- Up-to-date symlink: /special/ros2_ws/install/crazyflie_sim/local/lib/python3.10/dist-packages/crazyflie_sim/visualization/data/env/env.jpg
[0.815s] -- Up-to-date symlink: /special/ros2_ws/install/crazyflie_sim/local/lib/python3.10/dist-packages/crazyflie_sim/visualization/data/env/lago_disola.jpg
[0.815s] -- Up-to-date symlink: /special/ros2_ws/install/crazyflie_sim/local/lib/python3.10/dist-packages/crazyflie_sim/visualization/data/env/lake_pier.jpg
[0.815s] -- Up-to-date symlink: /special/ros2_ws/install/crazyflie_sim/local/lib/python3.10/dist-packages/crazyflie_sim/visualization/data/env/machine_shop.jpg
[0.815s] -- Up-to-date symlink: /special/ros2_ws/install/crazyflie_sim/local/lib/python3.10/dist-packages/crazyflie_sim/visualization/data/env/museumplein.jpg
[0.815s] -- Up-to-date symlink: /special/ros2_ws/install/crazyflie_sim/local/lib/python3.10/dist-packages/crazyflie_sim/visualization/data/env/peppermint_powerplant.jpg
[0.815s] -- Up-to-date symlink: /special/ros2_ws/install/crazyflie_sim/local/lib/python3.10/dist-packages/crazyflie_sim/visualization/data/env/studio_garden.jpg
[0.815s] -- Up-to-date symlink: /special/ros2_ws/install/crazyflie_sim/local/lib/python3.10/dist-packages/crazyflie_sim/visualization/data/model/cf.mtl
[0.815s] -- Up-to-date symlink: /special/ros2_ws/install/crazyflie_sim/local/lib/python3.10/dist-packages/crazyflie_sim/visualization/data/model/cf.obj
[0.815s] -- Up-to-date symlink: /special/ros2_ws/install/crazyflie_sim/local/lib/python3.10/dist-packages/crazyflie_sim/visualization/pdf.py
[0.815s] -- Up-to-date symlink: /special/ros2_ws/install/crazyflie_sim/local/lib/python3.10/dist-packages/crazyflie_sim/visualization/record_states.py
[0.815s] -- Up-to-date symlink: /special/ros2_ws/install/crazyflie_sim/local/lib/python3.10/dist-packages/crazyflie_sim/visualization/rviz.py
[0.816s] -- Up-to-date symlink: /special/ros2_ws/install/crazyflie_sim/share/ament_index/resource_index/package_run_dependencies/crazyflie_sim
[0.816s] -- Up-to-date symlink: /special/ros2_ws/install/crazyflie_sim/share/ament_index/resource_index/parent_prefix_path/crazyflie_sim
[0.816s] -- Up-to-date symlink: /special/ros2_ws/install/crazyflie_sim/share/crazyflie_sim/environment/ament_prefix_path.sh
[0.816s] -- Up-to-date symlink: /special/ros2_ws/install/crazyflie_sim/share/crazyflie_sim/environment/ament_prefix_path.dsv
[0.816s] -- Up-to-date symlink: /special/ros2_ws/install/crazyflie_sim/share/crazyflie_sim/environment/path.sh
[0.816s] -- Up-to-date symlink: /special/ros2_ws/install/crazyflie_sim/share/crazyflie_sim/environment/path.dsv
[0.816s] -- Up-to-date symlink: /special/ros2_ws/install/crazyflie_sim/share/crazyflie_sim/local_setup.bash
[0.816s] -- Up-to-date symlink: /special/ros2_ws/install/crazyflie_sim/share/crazyflie_sim/local_setup.sh
[0.816s] -- Up-to-date symlink: /special/ros2_ws/install/crazyflie_sim/share/crazyflie_sim/local_setup.zsh
[0.816s] -- Up-to-date symlink: /special/ros2_ws/install/crazyflie_sim/share/crazyflie_sim/local_setup.dsv
[0.816s] -- Symlinking: /special/ros2_ws/install/crazyflie_sim/share/crazyflie_sim/package.dsv
[0.822s] -- Up-to-date symlink: /special/ros2_ws/install/crazyflie_sim/share/ament_index/resource_index/packages/crazyflie_sim
[0.822s] -- Up-to-date symlink: /special/ros2_ws/install/crazyflie_sim/share/crazyflie_sim/cmake/crazyflie_simConfig.cmake
[0.822s] -- Up-to-date symlink: /special/ros2_ws/install/crazyflie_sim/share/crazyflie_sim/cmake/crazyflie_simConfig-version.cmake
[0.822s] -- Up-to-date symlink: /special/ros2_ws/install/crazyflie_sim/share/crazyflie_sim/package.xml
[0.844s] Listing '/special/ros2_ws/install/crazyflie_sim/local/lib/python3.10/dist-packages/crazyflie_sim'...
[0.844s] Listing '/special/ros2_ws/install/crazyflie_sim/local/lib/python3.10/dist-packages/crazyflie_sim/backend'...
[0.844s] Listing '/special/ros2_ws/install/crazyflie_sim/local/lib/python3.10/dist-packages/crazyflie_sim/visualization'...
[0.844s] Listing '/special/ros2_ws/install/crazyflie_sim/local/lib/python3.10/dist-packages/crazyflie_sim/visualization/data'...
[0.844s] Listing '/special/ros2_ws/install/crazyflie_sim/local/lib/python3.10/dist-packages/crazyflie_sim/visualization/data/env'...
[0.844s] Listing '/special/ros2_ws/install/crazyflie_sim/local/lib/python3.10/dist-packages/crazyflie_sim/visualization/data/model'...
[0.850s] Invoked command in '/special/ros2_ws/build/crazyflie_sim' returned '0': CMAKE_PREFIX_PATH=/special/ros2_ws/install/crazyflie_interfaces:/special/ros2_ws/install/motion_capture_tracking:/special/ros2_ws/install/crazyflie:/special/ros2_ws/install/motion_capture_tracking_interfaces:/special/ros2_ws/install/crazyflie_sim:/special/ros2_ws/install/crazyflie_examples:/special/ros2_ws/install/tracking_broadcast:/special/ros2_ws/install/crazyflie_py:/opt/ros/humble LD_LIBRARY_PATH=/special/ros2_ws/install/crazyflie_interfaces/lib:/special/ros2_ws/install/motion_capture_tracking_interfaces/lib:/opt/ros/humble/opt/rviz_ogre_vendor/lib:/opt/ros/humble/lib/x86_64-linux-gnu:/opt/ros/humble/lib /usr/bin/cmake --install /special/ros2_ws/build/crazyflie_sim
