running develop
running egg_info
creating tracking_broadcast.egg-info
writing tracking_broadcast.egg-info/PKG-INFO
writing dependency_links to tracking_broadcast.egg-info/dependency_links.txt
writing entry points to tracking_broadcast.egg-info/entry_points.txt
writing requirements to tracking_broadcast.egg-info/requires.txt
writing top-level names to tracking_broadcast.egg-info/top_level.txt
writing manifest file 'tracking_broadcast.egg-info/SOURCES.txt'
reading manifest file 'tracking_broadcast.egg-info/SOURCES.txt'
writing manifest file 'tracking_broadcast.egg-info/SOURCES.txt'
running build_ext
Creating /special/ros2_ws/install/tracking_broadcast/lib/python3.10/site-packages/tracking-broadcast.egg-link (link to .)
Installing tracker script to /special/ros2_ws/install/tracking_broadcast/lib/tracking_broadcast

Installed /special/ros2_ws/build/tracking_broadcast
running install_data
creating /special/ros2_ws/install/tracking_broadcast/share/ament_index
creating /special/ros2_ws/install/tracking_broadcast/share/ament_index/resource_index
creating /special/ros2_ws/install/tracking_broadcast/share/ament_index/resource_index/packages
copying resource/tracking_broadcast -> /special/ros2_ws/install/tracking_broadcast/share/ament_index/resource_index/packages
copying package.xml -> /special/ros2_ws/install/tracking_broadcast/share/tracking_broadcast
