[0.769s] Invoking command in '/special/ros2_ws/build/tracking_broadcast': PYTHONPATH=/special/ros2_ws/build/tracking_broadcast/prefix_override:/special/ros2_ws/install/tracking_broadcast/lib/python3.10/site-packages:${PYTHONPATH} /usr/bin/python3 setup.py develop --editable --build-directory /special/ros2_ws/build/tracking_broadcast/build --no-deps install_data
[0.995s] running develop
[1.116s] running egg_info
[1.116s] creating tracking_broadcast.egg-info
[1.116s] writing tracking_broadcast.egg-info/PKG-INFO
[1.117s] writing dependency_links to tracking_broadcast.egg-info/dependency_links.txt
[1.117s] writing entry points to tracking_broadcast.egg-info/entry_points.txt
[1.117s] writing requirements to tracking_broadcast.egg-info/requires.txt
[1.117s] writing top-level names to tracking_broadcast.egg-info/top_level.txt
[1.117s] writing manifest file 'tracking_broadcast.egg-info/SOURCES.txt'
[1.119s] reading manifest file 'tracking_broadcast.egg-info/SOURCES.txt'
[1.119s] writing manifest file 'tracking_broadcast.egg-info/SOURCES.txt'
[1.121s] running build_ext
[1.121s] Creating /special/ros2_ws/install/tracking_broadcast/lib/python3.10/site-packages/tracking-broadcast.egg-link (link to .)
[1.121s] Installing tracker script to /special/ros2_ws/install/tracking_broadcast/lib/tracking_broadcast
[1.122s] 
[1.122s] Installed /special/ros2_ws/build/tracking_broadcast
[1.122s] running install_data
[1.122s] creating /special/ros2_ws/install/tracking_broadcast/share/ament_index
[1.122s] creating /special/ros2_ws/install/tracking_broadcast/share/ament_index/resource_index
[1.122s] creating /special/ros2_ws/install/tracking_broadcast/share/ament_index/resource_index/packages
[1.122s] copying resource/tracking_broadcast -> /special/ros2_ws/install/tracking_broadcast/share/ament_index/resource_index/packages
[1.122s] copying package.xml -> /special/ros2_ws/install/tracking_broadcast/share/tracking_broadcast
[1.204s] Invoked command in '/special/ros2_ws/build/tracking_broadcast' returned '0': PYTHONPATH=/special/ros2_ws/build/tracking_broadcast/prefix_override:/special/ros2_ws/install/tracking_broadcast/lib/python3.10/site-packages:${PYTHONPATH} /usr/bin/python3 setup.py develop --editable --build-directory /special/ros2_ws/build/tracking_broadcast/build --no-deps install_data
