[0.218s] Invoking command in '/special/ros2_ws/build/crazyflie': CMAKE_PREFIX_PATH=/special/ros2_ws/install/motion_capture_tracking_interfaces:/special/ros2_ws/install/crazyflie_interfaces:/special/ros2_ws/install/crazyflie_sim:/special/ros2_ws/install/crazyflie_examples:/special/ros2_ws/install/motion_capture_tracking:/special/ros2_ws/install/crazyflie:/special/ros2_ws/install/crazyflie_py:/opt/ros/humble /usr/bin/cmake --build /special/ros2_ws/build/crazyflie -- -j8 -l8
[0.244s] [35m[1mConsolidate compiler generated dependencies of target teleop[0m
[0.247s] [35m[1mConsolidate compiler generated dependencies of target crazyflieLinkCpp[0m
[0.259s] [  5%] Built target teleop
[0.262s] [ 30%] Built target crazyflieLinkCpp
[0.273s] [35m[1mConsolidate compiler generated dependencies of target crazyflie_cpp[0m
[0.282s] [ 38%] Built target crazyflie_cpp
[0.292s] [35m[1mConsolidate compiler generated dependencies of target scan[0m
[0.295s] [35m[1mConsolidate compiler generated dependencies of target listMemories[0m
[0.300s] [35m[1mConsolidate compiler generated dependencies of target version[0m
[0.301s] [35m[1mConsolidate compiler generated dependencies of target listParams[0m
[0.304s] [35m[1mConsolidate compiler generated dependencies of target crazyflie_server[0m
[0.308s] [35m[1mConsolidate compiler generated dependencies of target battery[0m
[0.310s] [35m[1mConsolidate compiler generated dependencies of target reboot[0m
[0.319s] [35m[1mConsolidate compiler generated dependencies of target listLogVariables[0m
[0.342s] [ 44%] Built target listMemories
[0.345s] [ 50%] Built target scan
[0.346s] [ 55%] Built target listParams
[0.351s] [ 61%] Built target crazyflie_server
[0.351s] [ 66%] Built target reboot
[0.353s] [ 72%] Built target listLogVariables
[0.357s] [ 77%] Built target version
[0.360s] [ 83%] Built target battery
[0.363s] [35m[1mConsolidate compiler generated dependencies of target console[0m
[0.365s] [35m[1mConsolidate compiler generated dependencies of target setParam[0m
[0.365s] [35m[1mConsolidate compiler generated dependencies of target log[0m
[0.378s] [ 88%] Built target console
[0.381s] [ 94%] Built target setParam
[0.381s] [100%] Built target log
[0.389s] Invoked command in '/special/ros2_ws/build/crazyflie' returned '0': CMAKE_PREFIX_PATH=/special/ros2_ws/install/motion_capture_tracking_interfaces:/special/ros2_ws/install/crazyflie_interfaces:/special/ros2_ws/install/crazyflie_sim:/special/ros2_ws/install/crazyflie_examples:/special/ros2_ws/install/motion_capture_tracking:/special/ros2_ws/install/crazyflie:/special/ros2_ws/install/crazyflie_py:/opt/ros/humble /usr/bin/cmake --build /special/ros2_ws/build/crazyflie -- -j8 -l8
[0.414s] Invoking command in '/special/ros2_ws/build/crazyflie': CMAKE_PREFIX_PATH=/special/ros2_ws/install/motion_capture_tracking_interfaces:/special/ros2_ws/install/crazyflie_interfaces:/special/ros2_ws/install/crazyflie_sim:/special/ros2_ws/install/crazyflie_examples:/special/ros2_ws/install/motion_capture_tracking:/special/ros2_ws/install/crazyflie:/special/ros2_ws/install/crazyflie_py:/opt/ros/humble /usr/bin/cmake --install /special/ros2_ws/build/crazyflie
[0.420s] -- Install configuration: ""
[0.426s] -- Execute custom install script
[0.426s] -- Up-to-date symlink: /special/ros2_ws/install/crazyflie/lib/crazyflie/scan
[0.426s] -- Up-to-date symlink: /special/ros2_ws/install/crazyflie/lib/crazyflie/listParams
[0.426s] -- Up-to-date symlink: /special/ros2_ws/install/crazyflie/lib/crazyflie/listLogVariables
[0.426s] -- Up-to-date symlink: /special/ros2_ws/install/crazyflie/lib/crazyflie/listMemories
[0.426s] -- Up-to-date symlink: /special/ros2_ws/install/crazyflie/lib/crazyflie/reboot
[0.426s] -- Up-to-date symlink: /special/ros2_ws/install/crazyflie/lib/crazyflie/battery
[0.426s] -- Up-to-date symlink: /special/ros2_ws/install/crazyflie/lib/crazyflie/version
[0.426s] -- Up-to-date symlink: /special/ros2_ws/install/crazyflie/lib/crazyflie/console
[0.426s] -- Up-to-date symlink: /special/ros2_ws/install/crazyflie/lib/crazyflie/log
[0.426s] -- Up-to-date symlink: /special/ros2_ws/install/crazyflie/lib/crazyflie/setParam
[0.426s] -- Up-to-date symlink: /special/ros2_ws/install/crazyflie/lib/crazyflie/teleop
[0.426s] -- Up-to-date symlink: /special/ros2_ws/install/crazyflie/lib/crazyflie/crazyflie_server
[0.426s] -- Up-to-date symlink: /special/ros2_ws/install/crazyflie/lib/crazyflie/crazyflie_server.py
[0.426s] -- Up-to-date symlink: /special/ros2_ws/install/crazyflie/lib/crazyflie/chooser.py
[0.426s] -- Up-to-date symlink: /special/ros2_ws/install/crazyflie/lib/crazyflie/vel_mux.py
[0.426s] -- Up-to-date symlink: /special/ros2_ws/install/crazyflie/lib/crazyflie/cfmult.py
[0.427s] -- Up-to-date symlink: /special/ros2_ws/install/crazyflie/share/crazyflie//launch/launch.py
[0.427s] -- Up-to-date symlink: /special/ros2_ws/install/crazyflie/share/crazyflie//launch/launch_teleop2.py
[0.427s] -- Up-to-date symlink: /special/ros2_ws/install/crazyflie/share/crazyflie//launch/teleop_launch.py
[0.427s] -- Up-to-date symlink: /special/ros2_ws/install/crazyflie/share/crazyflie//config/.crazyflies.yaml.swo
[0.427s] -- Up-to-date symlink: /special/ros2_ws/install/crazyflie/share/crazyflie//config/.crazyflies.yaml.swp
[0.427s] -- Up-to-date symlink: /special/ros2_ws/install/crazyflie/share/crazyflie//config/config.rviz
[0.427s] -- Up-to-date symlink: /special/ros2_ws/install/crazyflie/share/crazyflie//config/crazyflies.yaml
[0.429s] -- Up-to-date symlink: /special/ros2_ws/install/crazyflie/share/crazyflie//config/motion_capture.yaml
[0.429s] -- Up-to-date symlink: /special/ros2_ws/install/crazyflie/share/crazyflie//config/server.yaml
[0.430s] -- Up-to-date symlink: /special/ros2_ws/install/crazyflie/share/crazyflie//config/teleop.yaml
[0.430s] -- Up-to-date symlink: /special/ros2_ws/install/crazyflie/share/ament_index/resource_index/package_run_dependencies/crazyflie
[0.430s] -- Up-to-date symlink: /special/ros2_ws/install/crazyflie/share/ament_index/resource_index/parent_prefix_path/crazyflie
[0.430s] -- Up-to-date symlink: /special/ros2_ws/install/crazyflie/share/crazyflie/environment/ament_prefix_path.sh
[0.430s] -- Up-to-date symlink: /special/ros2_ws/install/crazyflie/share/crazyflie/environment/ament_prefix_path.dsv
[0.430s] -- Up-to-date symlink: /special/ros2_ws/install/crazyflie/share/crazyflie/environment/path.sh
[0.430s] -- Up-to-date symlink: /special/ros2_ws/install/crazyflie/share/crazyflie/environment/path.dsv
[0.430s] -- Up-to-date symlink: /special/ros2_ws/install/crazyflie/share/crazyflie/local_setup.bash
[0.430s] -- Up-to-date symlink: /special/ros2_ws/install/crazyflie/share/crazyflie/local_setup.sh
[0.430s] -- Up-to-date symlink: /special/ros2_ws/install/crazyflie/share/crazyflie/local_setup.zsh
[0.430s] -- Up-to-date symlink: /special/ros2_ws/install/crazyflie/share/crazyflie/local_setup.dsv
[0.430s] -- Symlinking: /special/ros2_ws/install/crazyflie/share/crazyflie/package.dsv
[0.438s] -- Up-to-date symlink: /special/ros2_ws/install/crazyflie/share/ament_index/resource_index/packages/crazyflie
[0.438s] -- Up-to-date symlink: /special/ros2_ws/install/crazyflie/share/crazyflie/cmake/crazyflieConfig.cmake
[0.438s] -- Up-to-date symlink: /special/ros2_ws/install/crazyflie/share/crazyflie/cmake/crazyflieConfig-version.cmake
[0.438s] -- Up-to-date symlink: /special/ros2_ws/install/crazyflie/share/crazyflie/package.xml
[0.442s] Invoked command in '/special/ros2_ws/build/crazyflie' returned '0': CMAKE_PREFIX_PATH=/special/ros2_ws/install/motion_capture_tracking_interfaces:/special/ros2_ws/install/crazyflie_interfaces:/special/ros2_ws/install/crazyflie_sim:/special/ros2_ws/install/crazyflie_examples:/special/ros2_ws/install/motion_capture_tracking:/special/ros2_ws/install/crazyflie:/special/ros2_ws/install/crazyflie_py:/opt/ros/humble /usr/bin/cmake --install /special/ros2_ws/build/crazyflie
