[0.445s] Invoking command in '/special/ros2_ws/build/crazyflie': CMAKE_PREFIX_PATH=/special/ros2_ws/install/motion_capture_tracking_interfaces:/special/ros2_ws/install/crazyflie_interfaces:/special/ros2_ws/install/crazyflie_sim:/special/ros2_ws/install/crazyflie_examples:/special/ros2_ws/install/motion_capture_tracking:/special/ros2_ws/install/crazyflie:/special/ros2_ws/install/crazyflie_py:/opt/ros/humble /usr/bin/cmake /special/ros2_ws/src/crazyswarm2/crazyflie -DAMENT_CMAKE_SYMLINK_INSTALL=1 -DCMAKE_INSTALL_PREFIX=/special/ros2_ws/install/crazyflie
[0.689s] -- The C compiler identification is GNU 11.3.0
[0.832s] -- The CXX compiler identification is GNU 11.3.0
[0.859s] -- Detecting C compiler ABI info
[1.027s] -- Detecting C compiler ABI info - done
[1.038s] -- Check for working C compiler: /usr/bin/cc - skipped
[1.039s] -- Detecting C compile features
[1.039s] -- Detecting C compile features - done
[1.044s] -- Detecting CXX compiler ABI info
[1.348s] -- Detecting CXX compiler ABI info - done
[1.382s] -- Check for working CXX compiler: /usr/bin/c++ - skipped
[1.382s] -- Detecting CXX compile features
[1.391s] -- Detecting CXX compile features - done
[1.399s] -- Found ament_cmake: 1.3.5 (/opt/ros/humble/share/ament_cmake/cmake)
[1.652s] -- Found Python3: /usr/bin/python3.10 (found version "3.10.6") found components: Interpreter 
[1.753s] -- Override CMake install command with custom implementation using symlinks instead of copying resources
[1.841s] -- Found rclcpp: 16.0.4 (/opt/ros/humble/share/rclcpp/cmake)
[1.957s] -- Found rosidl_generator_c: 3.1.4 (/opt/ros/humble/share/rosidl_generator_c/cmake)
[1.981s] -- Found rosidl_adapter: 3.1.4 (/opt/ros/humble/share/rosidl_adapter/cmake)
[2.046s] -- Found rosidl_generator_cpp: 3.1.4 (/opt/ros/humble/share/rosidl_generator_cpp/cmake)
[2.092s] -- Using all available rosidl_typesupport_c: rosidl_typesupport_fastrtps_c;rosidl_typesupport_introspection_c
[2.155s] -- Using all available rosidl_typesupport_cpp: rosidl_typesupport_fastrtps_cpp;rosidl_typesupport_introspection_cpp
[2.296s] -- Found rmw_implementation_cmake: 6.1.1 (/opt/ros/humble/share/rmw_implementation_cmake/cmake)
[2.300s] -- Found rmw_fastrtps_cpp: 6.2.2 (/opt/ros/humble/share/rmw_fastrtps_cpp/cmake)
[2.698s] -- Found OpenSSL: /usr/lib/x86_64-linux-gnu/libcrypto.so (found version "3.0.2")  
[2.810s] -- Found FastRTPS: /opt/ros/humble/include  
[3.047s] -- Using RMW implementation 'rmw_fastrtps_cpp' as default
[3.086s] -- Looking for pthread.h
[3.342s] -- Looking for pthread.h - found
[3.342s] -- Performing Test CMAKE_HAVE_LIBC_PTHREAD
[3.666s] -- Performing Test CMAKE_HAVE_LIBC_PTHREAD - Success
[3.672s] -- Found Threads: TRUE  
[3.953s] -- Found tf2_ros: 0.25.2 (/opt/ros/humble/share/tf2_ros/cmake)
[5.303s] -- Found rclpy: 3.3.8 (/opt/ros/humble/share/rclpy/cmake)
[5.315s] -- Found std_srvs: 4.2.3 (/opt/ros/humble/share/std_srvs/cmake)
[5.387s] -- Found sensor_msgs: 4.2.3 (/opt/ros/humble/share/sensor_msgs/cmake)
[5.625s] -- Found crazyflie_interfaces: 2.0.0 (/special/ros2_ws/install/crazyflie_interfaces/share/crazyflie_interfaces/cmake)
[5.784s] -- Found motion_capture_tracking_interfaces: 1.0.0 (/special/ros2_ws/install/motion_capture_tracking_interfaces/share/motion_capture_tracking_interfaces/cmake)
[5.932s] -- Found Boost: /usr/lib/x86_64-linux-gnu/cmake/Boost-1.74.0/BoostConfig.cmake (found version "1.74.0") found components: program_options 
[5.939s] -- Found libusb: /usr/lib/x86_64-linux-gnu/libusb-1.0.so  
[6.105s] -- Configuring done
[6.179s] -- Generating done
[6.190s] -- Build files have been written to: /special/ros2_ws/build/crazyflie
[6.223s] Invoked command in '/special/ros2_ws/build/crazyflie' returned '0': CMAKE_PREFIX_PATH=/special/ros2_ws/install/motion_capture_tracking_interfaces:/special/ros2_ws/install/crazyflie_interfaces:/special/ros2_ws/install/crazyflie_sim:/special/ros2_ws/install/crazyflie_examples:/special/ros2_ws/install/motion_capture_tracking:/special/ros2_ws/install/crazyflie:/special/ros2_ws/install/crazyflie_py:/opt/ros/humble /usr/bin/cmake /special/ros2_ws/src/crazyswarm2/crazyflie -DAMENT_CMAKE_SYMLINK_INSTALL=1 -DCMAKE_INSTALL_PREFIX=/special/ros2_ws/install/crazyflie
[6.223s] Invoking command in '/special/ros2_ws/build/crazyflie': CMAKE_PREFIX_PATH=/special/ros2_ws/install/motion_capture_tracking_interfaces:/special/ros2_ws/install/crazyflie_interfaces:/special/ros2_ws/install/crazyflie_sim:/special/ros2_ws/install/crazyflie_examples:/special/ros2_ws/install/motion_capture_tracking:/special/ros2_ws/install/crazyflie:/special/ros2_ws/install/crazyflie_py:/opt/ros/humble /usr/bin/cmake --build /special/ros2_ws/build/crazyflie -- -j8 -l8
[6.354s] [  2%] [32mBuilding CXX object CMakeFiles/teleop.dir/src/teleop.cpp.o[0m
[24.020s] [  5%] [32m[1mLinking CXX executable teleop[0m
[24.979s] [  5%] Built target teleop
[25.000s] [ 11%] [32mBuilding CXX object deps/crazyflie_tools/crazyflie_cpp/crazyflie-link-cpp/CMakeFiles/crazyflieLinkCpp.dir/src/Connection.cpp.o[0m
[25.000s] [ 11%] [32mBuilding CXX object deps/crazyflie_tools/crazyflie_cpp/crazyflie-link-cpp/CMakeFiles/crazyflieLinkCpp.dir/src/USBManager.cpp.o[0m
[26.067s] [ 13%] [32mBuilding CXX object deps/crazyflie_tools/crazyflie_cpp/crazyflie-link-cpp/CMakeFiles/crazyflieLinkCpp.dir/src/Version.cpp.o[0m
[26.096s] [ 16%] [32mBuilding CXX object deps/crazyflie_tools/crazyflie_cpp/crazyflie-link-cpp/CMakeFiles/crazyflieLinkCpp.dir/src/CrazyflieUSBThread.cpp.o[0m
[26.903s] [ 19%] [32mBuilding CXX object deps/crazyflie_tools/crazyflie_cpp/crazyflie-link-cpp/CMakeFiles/crazyflieLinkCpp.dir/src/CrazyflieUSB.cpp.o[0m
[27.135s] [ 22%] [32mBuilding CXX object deps/crazyflie_tools/crazyflie_cpp/crazyflie-link-cpp/CMakeFiles/crazyflieLinkCpp.dir/src/CrazyradioThread.cpp.o[0m
[27.930s] [ 25%] [32mBuilding CXX object deps/crazyflie_tools/crazyflie_cpp/crazyflie-link-cpp/CMakeFiles/crazyflieLinkCpp.dir/src/Crazyradio.cpp.o[0m
[28.013s] [ 27%] [32mBuilding CXX object deps/crazyflie_tools/crazyflie_cpp/crazyflie-link-cpp/CMakeFiles/crazyflieLinkCpp.dir/src/USBDevice.cpp.o[0m
[28.225s] [ 30%] [32m[1mLinking CXX static library libcrazyflieLinkCpp.a[0m
[28.288s] [ 30%] Built target crazyflieLinkCpp
[28.305s] [ 33%] [32mBuilding CXX object deps/crazyflie_tools/crazyflie_cpp/CMakeFiles/crazyflie_cpp.dir/src/crtp.cpp.o[0m
[28.305s] [ 36%] [32mBuilding CXX object deps/crazyflie_tools/crazyflie_cpp/CMakeFiles/crazyflie_cpp.dir/src/Crazyflie.cpp.o[0m
[31.098s] [ 38%] [32m[1mLinking CXX static library libcrazyflie_cpp.a[0m
[31.154s] [ 38%] Built target crazyflie_cpp
[31.173s] [ 41%] [32mBuilding CXX object deps/crazyflie_tools/CMakeFiles/scan.dir/src/scan.cpp.o[0m
[31.173s] [ 44%] [32mBuilding CXX object CMakeFiles/crazyflie_server.dir/src/crazyflie_server.cpp.o[0m
[32.189s] [ 47%] [32mBuilding CXX object deps/crazyflie_tools/CMakeFiles/version.dir/src/version.cpp.o[0m
[32.975s] [ 50%] [32m[1mLinking CXX executable scan[0m
[33.200s] [ 52%] [32mBuilding CXX object deps/crazyflie_tools/CMakeFiles/battery.dir/src/battery.cpp.o[0m
[33.306s] [ 52%] Built target scan
[33.341s] [ 55%] [32mBuilding CXX object deps/crazyflie_tools/CMakeFiles/reboot.dir/src/reboot.cpp.o[0m
[34.238s] [ 58%] [32m[1mLinking CXX executable version[0m
[34.417s] [ 61%] [32mBuilding CXX object deps/crazyflie_tools/CMakeFiles/console.dir/src/console.cpp.o[0m
[34.620s] [ 61%] Built target version
[34.691s] [ 63%] [32mBuilding CXX object deps/crazyflie_tools/CMakeFiles/listMemories.dir/src/listMemories.cpp.o[0m
[35.743s] [ 66%] [32mBuilding CXX object deps/crazyflie_tools/CMakeFiles/log.dir/src/log.cpp.o[0m
[35.813s] [ 69%] [32m[1mLinking CXX executable battery[0m
[36.203s] [ 69%] Built target battery
[36.235s] [ 72%] [32mBuilding CXX object deps/crazyflie_tools/CMakeFiles/listLogVariables.dir/src/listLogVariables.cpp.o[0m
[36.244s] [ 75%] [32mBuilding CXX object deps/crazyflie_tools/CMakeFiles/listParams.dir/src/listParams.cpp.o[0m
[36.705s] [ 77%] [32m[1mLinking CXX executable reboot[0m
[37.286s] [ 80%] [32m[1mLinking CXX executable console[0m
[37.292s] [ 83%] [32m[1mLinking CXX executable listMemories[0m
[37.464s] [ 83%] Built target reboot
[37.572s] [ 86%] [32mBuilding CXX object deps/crazyflie_tools/CMakeFiles/setParam.dir/src/setParam.cpp.o[0m
[37.761s] [ 86%] Built target console
[37.813s] [ 86%] Built target listMemories
[38.753s] [ 88%] [32m[1mLinking CXX executable listParams[0m
[38.990s] [ 91%] [32m[1mLinking CXX executable listLogVariables[0m
[39.329s] [ 91%] Built target listLogVariables
[39.418s] [ 91%] Built target listParams
[39.495s] [ 94%] [32m[1mLinking CXX executable log[0m
[39.758s] [ 94%] Built target log
[40.333s] [ 97%] [32m[1mLinking CXX executable setParam[0m
[40.563s] [ 97%] Built target setParam
[62.692s] [100%] [32m[1mLinking CXX executable crazyflie_server[0m
[65.061s] [100%] Built target crazyflie_server
[65.069s] Invoked command in '/special/ros2_ws/build/crazyflie' returned '0': CMAKE_PREFIX_PATH=/special/ros2_ws/install/motion_capture_tracking_interfaces:/special/ros2_ws/install/crazyflie_interfaces:/special/ros2_ws/install/crazyflie_sim:/special/ros2_ws/install/crazyflie_examples:/special/ros2_ws/install/motion_capture_tracking:/special/ros2_ws/install/crazyflie:/special/ros2_ws/install/crazyflie_py:/opt/ros/humble /usr/bin/cmake --build /special/ros2_ws/build/crazyflie -- -j8 -l8
[65.096s] Invoking command in '/special/ros2_ws/build/crazyflie': CMAKE_PREFIX_PATH=/special/ros2_ws/install/motion_capture_tracking_interfaces:/special/ros2_ws/install/crazyflie_interfaces:/special/ros2_ws/install/crazyflie_sim:/special/ros2_ws/install/crazyflie_examples:/special/ros2_ws/install/motion_capture_tracking:/special/ros2_ws/install/crazyflie:/special/ros2_ws/install/crazyflie_py:/opt/ros/humble /usr/bin/cmake --install /special/ros2_ws/build/crazyflie
[65.102s] -- Install configuration: ""
[65.102s] -- Execute custom install script
[65.102s] -- Symlinking: /special/ros2_ws/install/crazyflie/lib/crazyflie/scan
[65.109s] -- Symlinking: /special/ros2_ws/install/crazyflie/lib/crazyflie/listParams
[65.117s] -- Symlinking: /special/ros2_ws/install/crazyflie/lib/crazyflie/listLogVariables
[65.123s] -- Symlinking: /special/ros2_ws/install/crazyflie/lib/crazyflie/listMemories
[65.129s] -- Symlinking: /special/ros2_ws/install/crazyflie/lib/crazyflie/reboot
[65.137s] -- Symlinking: /special/ros2_ws/install/crazyflie/lib/crazyflie/battery
[65.143s] -- Symlinking: /special/ros2_ws/install/crazyflie/lib/crazyflie/version
[65.150s] -- Symlinking: /special/ros2_ws/install/crazyflie/lib/crazyflie/console
[65.156s] -- Symlinking: /special/ros2_ws/install/crazyflie/lib/crazyflie/log
[65.163s] -- Symlinking: /special/ros2_ws/install/crazyflie/lib/crazyflie/setParam
[65.169s] -- Symlinking: /special/ros2_ws/install/crazyflie/lib/crazyflie/teleop
[65.175s] -- Symlinking: /special/ros2_ws/install/crazyflie/lib/crazyflie/crazyflie_server
[65.181s] -- Symlinking: /special/ros2_ws/install/crazyflie/lib/crazyflie/crazyflie_server.py
[65.187s] -- Symlinking: /special/ros2_ws/install/crazyflie/lib/crazyflie/chooser.py
[65.194s] -- Symlinking: /special/ros2_ws/install/crazyflie/lib/crazyflie/vel_mux.py
[65.201s] -- Symlinking: /special/ros2_ws/install/crazyflie/lib/crazyflie/cfmult.py
[65.208s] -- Symlinking: /special/ros2_ws/install/crazyflie/share/crazyflie//launch/launch.py
[65.214s] -- Symlinking: /special/ros2_ws/install/crazyflie/share/crazyflie//launch/launch_teleop2.py
[65.220s] -- Symlinking: /special/ros2_ws/install/crazyflie/share/crazyflie//launch/teleop_launch.py
[65.228s] -- Symlinking: /special/ros2_ws/install/crazyflie/share/crazyflie//config/.crazyflies.yaml.swo
[65.234s] -- Symlinking: /special/ros2_ws/install/crazyflie/share/crazyflie//config/.crazyflies.yaml.swp
[65.240s] -- Symlinking: /special/ros2_ws/install/crazyflie/share/crazyflie//config/config.rviz
[65.247s] -- Symlinking: /special/ros2_ws/install/crazyflie/share/crazyflie//config/crazyflies.yaml
[65.253s] -- Symlinking: /special/ros2_ws/install/crazyflie/share/crazyflie//config/motion_capture.yaml
[65.259s] -- Symlinking: /special/ros2_ws/install/crazyflie/share/crazyflie//config/server.yaml
[65.267s] -- Symlinking: /special/ros2_ws/install/crazyflie/share/crazyflie//config/teleop.yaml
[65.273s] -- Symlinking: /special/ros2_ws/install/crazyflie/share/ament_index/resource_index/package_run_dependencies/crazyflie
[65.280s] -- Symlinking: /special/ros2_ws/install/crazyflie/share/ament_index/resource_index/parent_prefix_path/crazyflie
[65.286s] -- Symlinking: /special/ros2_ws/install/crazyflie/share/crazyflie/environment/ament_prefix_path.sh
[65.293s] -- Symlinking: /special/ros2_ws/install/crazyflie/share/crazyflie/environment/ament_prefix_path.dsv
[65.299s] -- Symlinking: /special/ros2_ws/install/crazyflie/share/crazyflie/environment/path.sh
[65.305s] -- Symlinking: /special/ros2_ws/install/crazyflie/share/crazyflie/environment/path.dsv
[65.312s] -- Symlinking: /special/ros2_ws/install/crazyflie/share/crazyflie/local_setup.bash
[65.320s] -- Symlinking: /special/ros2_ws/install/crazyflie/share/crazyflie/local_setup.sh
[65.326s] -- Symlinking: /special/ros2_ws/install/crazyflie/share/crazyflie/local_setup.zsh
[65.333s] -- Symlinking: /special/ros2_ws/install/crazyflie/share/crazyflie/local_setup.dsv
[65.339s] -- Symlinking: /special/ros2_ws/install/crazyflie/share/crazyflie/package.dsv
[65.345s] -- Symlinking: /special/ros2_ws/install/crazyflie/share/ament_index/resource_index/packages/crazyflie
[65.352s] -- Symlinking: /special/ros2_ws/install/crazyflie/share/crazyflie/cmake/crazyflieConfig.cmake
[65.358s] -- Symlinking: /special/ros2_ws/install/crazyflie/share/crazyflie/cmake/crazyflieConfig-version.cmake
[65.365s] -- Symlinking: /special/ros2_ws/install/crazyflie/share/crazyflie/package.xml
[65.375s] Invoked command in '/special/ros2_ws/build/crazyflie' returned '0': CMAKE_PREFIX_PATH=/special/ros2_ws/install/motion_capture_tracking_interfaces:/special/ros2_ws/install/crazyflie_interfaces:/special/ros2_ws/install/crazyflie_sim:/special/ros2_ws/install/crazyflie_examples:/special/ros2_ws/install/motion_capture_tracking:/special/ros2_ws/install/crazyflie:/special/ros2_ws/install/crazyflie_py:/opt/ros/humble /usr/bin/cmake --install /special/ros2_ws/build/crazyflie
