[0.010s] Invoking command in '/special/ros2_ws/build/motion_capture_tracking_interfaces': CMAKE_PREFIX_PATH=${CMAKE_PREFIX_PATH}:/special/ros2_ws/install/crazyflie_py:/opt/ros/humble /usr/bin/cmake /special/ros2_ws/src/motion_capture_tracking/motion_capture_tracking_interfaces -DAMENT_CMAKE_SYMLINK_INSTALL=1 -DCMAKE_INSTALL_PREFIX=/special/ros2_ws/install/motion_capture_tracking_interfaces
[0.046s] -- The C compiler identification is GNU 11.3.0
[0.084s] -- The CXX compiler identification is GNU 11.3.0
[0.090s] -- Detecting C compiler ABI info
[0.137s] -- Detecting C compiler ABI info - done
[0.144s] -- Check for working C compiler: /usr/bin/cc - skipped
[0.144s] -- Detecting C compile features
[0.145s] -- Detecting C compile features - done
[0.148s] -- Detecting CXX compiler ABI info
[0.207s] -- Detecting CXX compiler ABI info - done
[0.216s] -- Check for working CXX compiler: /usr/bin/c++ - skipped
[0.216s] -- Detecting CXX compile features
[0.216s] -- Detecting CXX compile features - done
[0.218s] -- Found ament_cmake: 1.3.5 (/opt/ros/humble/share/ament_cmake/cmake)
[0.354s] -- Found Python3: /usr/bin/python3.10 (found version "3.10.6") found components: Interpreter 
[0.412s] -- Override CMake install command with custom implementation using symlinks instead of copying resources
[0.451s] -- Found builtin_interfaces: 1.2.1 (/opt/ros/humble/share/builtin_interfaces/cmake)
[0.491s] -- Found rosidl_generator_c: 3.1.4 (/opt/ros/humble/share/rosidl_generator_c/cmake)
[0.496s] -- Found rosidl_adapter: 3.1.4 (/opt/ros/humble/share/rosidl_adapter/cmake)
[0.509s] -- Found rosidl_generator_cpp: 3.1.4 (/opt/ros/humble/share/rosidl_generator_cpp/cmake)
[0.540s] -- Using all available rosidl_typesupport_c: rosidl_typesupport_fastrtps_c;rosidl_typesupport_introspection_c
[0.579s] -- Using all available rosidl_typesupport_cpp: rosidl_typesupport_fastrtps_cpp;rosidl_typesupport_introspection_cpp
[0.598s] -- Found geometry_msgs: 4.2.3 (/opt/ros/humble/share/geometry_msgs/cmake)
[0.718s] -- Found rosidl_default_generators: 1.2.0 (/opt/ros/humble/share/rosidl_default_generators/cmake)
[1.071s] -- Found ament_cmake_cppcheck: 0.12.6 (/opt/ros/humble/share/ament_cmake_cppcheck/cmake)
[1.078s] -- Found ament_cmake_cpplint: 0.12.6 (/opt/ros/humble/share/ament_cmake_cpplint/cmake)
[1.078s] -- Found ament_cmake_uncrustify: 0.12.6 (/opt/ros/humble/share/ament_cmake_uncrustify/cmake)
[1.082s] -- Found ament_cmake_ros: 0.10.0 (/opt/ros/humble/share/ament_cmake_ros/cmake)
[1.502s] -- Using all available rosidl_typesupport_c: rosidl_typesupport_fastrtps_c;rosidl_typesupport_introspection_c
[1.653s] -- Using all available rosidl_typesupport_cpp: rosidl_typesupport_fastrtps_cpp;rosidl_typesupport_introspection_cpp
[1.672s] -- Found PythonInterp: /usr/bin/python3 (found suitable version "3.10.6", minimum required is "3.6") 
[1.673s] -- Found python_cmake_module: 0.10.0 (/opt/ros/humble/share/python_cmake_module/cmake)
[1.692s] -- Found PythonLibs: /usr/lib/x86_64-linux-gnu/libpython3.10.so (found suitable version "3.10.6", minimum required is "3.5") 
[1.692s] -- Using PYTHON_EXECUTABLE: /usr/bin/python3
[1.692s] -- Using PYTHON_INCLUDE_DIRS: /usr/include/python3.10
[1.692s] -- Using PYTHON_LIBRARIES: /usr/lib/x86_64-linux-gnu/libpython3.10.so
[1.708s] -- Found PythonExtra: .so  
[1.766s] -- Found ament_cmake_flake8: 0.12.6 (/opt/ros/humble/share/ament_cmake_flake8/cmake)
[1.768s] -- Found ament_cmake_pep257: 0.12.6 (/opt/ros/humble/share/ament_cmake_pep257/cmake)
[1.775s] -- Configuring done
[1.800s] -- Generating done
[1.802s] -- Build files have been written to: /special/ros2_ws/build/motion_capture_tracking_interfaces
[1.812s] Invoked command in '/special/ros2_ws/build/motion_capture_tracking_interfaces' returned '0': CMAKE_PREFIX_PATH=${CMAKE_PREFIX_PATH}:/special/ros2_ws/install/crazyflie_py:/opt/ros/humble /usr/bin/cmake /special/ros2_ws/src/motion_capture_tracking/motion_capture_tracking_interfaces -DAMENT_CMAKE_SYMLINK_INSTALL=1 -DCMAKE_INSTALL_PREFIX=/special/ros2_ws/install/motion_capture_tracking_interfaces
[1.813s] Invoking command in '/special/ros2_ws/build/motion_capture_tracking_interfaces': CMAKE_PREFIX_PATH=${CMAKE_PREFIX_PATH}:/special/ros2_ws/install/crazyflie_py:/opt/ros/humble /usr/bin/cmake --build /special/ros2_ws/build/motion_capture_tracking_interfaces -- -j8 -l8
[1.842s] [  2%] [34m[1mGenerating C code for ROS interfaces[0m
[1.851s] [  5%] [34m[1mGenerating C++ code for ROS interfaces[0m
[1.859s] [  5%] Built target ament_cmake_python_symlink_motion_capture_tracking_interfaces
[2.101s] running egg_info
[2.102s] creating motion_capture_tracking_interfaces.egg-info
[2.102s] writing motion_capture_tracking_interfaces.egg-info/PKG-INFO
[2.103s] writing dependency_links to motion_capture_tracking_interfaces.egg-info/dependency_links.txt
[2.103s] writing top-level names to motion_capture_tracking_interfaces.egg-info/top_level.txt
[2.103s] writing manifest file 'motion_capture_tracking_interfaces.egg-info/SOURCES.txt'
[2.106s] reading manifest file 'motion_capture_tracking_interfaces.egg-info/SOURCES.txt'
[2.108s] writing manifest file 'motion_capture_tracking_interfaces.egg-info/SOURCES.txt'
[2.154s] [  5%] Built target ament_cmake_python_build_motion_capture_tracking_interfaces_egg
[2.157s] [  5%] Built target motion_capture_tracking_interfaces__cpp
[2.169s] [  7%] [34m[1mGenerating C++ type support dispatch for ROS interfaces[0m
[2.170s] [ 10%] [34m[1mGenerating C++ introspection for ROS interfaces[0m
[2.171s] [ 12%] [34m[1mGenerating C++ type support for eProsima Fast-RTPS[0m
[2.217s] [ 17%] [32mBuilding C object CMakeFiles/motion_capture_tracking_interfaces__rosidl_generator_c.dir/rosidl_generator_c/motion_capture_tracking_interfaces/msg/detail/named_pose_array__functions.c.o[0m
[2.217s] [ 17%] [32mBuilding C object CMakeFiles/motion_capture_tracking_interfaces__rosidl_generator_c.dir/rosidl_generator_c/motion_capture_tracking_interfaces/msg/detail/named_pose__functions.c.o[0m
[2.314s] [ 20%] [32m[1mLinking C shared library libmotion_capture_tracking_interfaces__rosidl_generator_c.so[0m
[2.355s] [ 20%] Built target motion_capture_tracking_interfaces__rosidl_generator_c
[2.368s] [ 23%] [34m[1mGenerating C type support dispatch for ROS interfaces[0m
[2.379s] [ 25%] [34m[1mGenerating C introspection for ROS interfaces[0m
[2.386s] [ 28%] [34m[1mGenerating C type support for eProsima Fast-RTPS[0m
[2.692s] [ 30%] [32mBuilding CXX object CMakeFiles/motion_capture_tracking_interfaces__rosidl_typesupport_fastrtps_cpp.dir/rosidl_typesupport_fastrtps_cpp/motion_capture_tracking_interfaces/msg/detail/dds_fastrtps/named_pose__type_support.cpp.o[0m
[2.712s] [ 33%] [32mBuilding CXX object CMakeFiles/motion_capture_tracking_interfaces__rosidl_typesupport_fastrtps_cpp.dir/rosidl_typesupport_fastrtps_cpp/motion_capture_tracking_interfaces/msg/detail/dds_fastrtps/named_pose_array__type_support.cpp.o[0m
[2.784s] [ 38%] [32mBuilding CXX object CMakeFiles/motion_capture_tracking_interfaces__rosidl_typesupport_cpp.dir/rosidl_typesupport_cpp/motion_capture_tracking_interfaces/msg/named_pose__type_support.cpp.o[0m
[2.784s] [ 38%] [32mBuilding CXX object CMakeFiles/motion_capture_tracking_interfaces__rosidl_typesupport_c.dir/rosidl_typesupport_c/motion_capture_tracking_interfaces/msg/named_pose_array__type_support.cpp.o[0m
[2.791s] [ 41%] [32mBuilding CXX object CMakeFiles/motion_capture_tracking_interfaces__rosidl_typesupport_c.dir/rosidl_typesupport_c/motion_capture_tracking_interfaces/msg/named_pose__type_support.cpp.o[0m
[2.890s] [ 43%] [32m[1mLinking CXX shared library libmotion_capture_tracking_interfaces__rosidl_typesupport_c.so[0m
[2.933s] [ 46%] [32mBuilding CXX object CMakeFiles/motion_capture_tracking_interfaces__rosidl_typesupport_introspection_cpp.dir/rosidl_typesupport_introspection_cpp/motion_capture_tracking_interfaces/msg/detail/named_pose__type_support.cpp.o[0m
[2.937s] [ 48%] [32mBuilding CXX object CMakeFiles/motion_capture_tracking_interfaces__rosidl_typesupport_cpp.dir/rosidl_typesupport_cpp/motion_capture_tracking_interfaces/msg/named_pose_array__type_support.cpp.o[0m
[3.052s] [ 48%] Built target motion_capture_tracking_interfaces__rosidl_typesupport_c
[3.092s] [ 51%] [32mBuilding CXX object CMakeFiles/motion_capture_tracking_interfaces__rosidl_typesupport_introspection_cpp.dir/rosidl_typesupport_introspection_cpp/motion_capture_tracking_interfaces/msg/detail/named_pose_array__type_support.cpp.o[0m
[3.133s] [ 53%] [32mBuilding C object CMakeFiles/motion_capture_tracking_interfaces__rosidl_typesupport_introspection_c.dir/rosidl_typesupport_introspection_c/motion_capture_tracking_interfaces/msg/detail/named_pose__type_support.c.o[0m
[3.208s] [ 56%] [32mBuilding C object CMakeFiles/motion_capture_tracking_interfaces__rosidl_typesupport_introspection_c.dir/rosidl_typesupport_introspection_c/motion_capture_tracking_interfaces/msg/detail/named_pose_array__type_support.c.o[0m
[3.259s] [ 58%] [32mBuilding CXX object CMakeFiles/motion_capture_tracking_interfaces__rosidl_typesupport_fastrtps_c.dir/rosidl_typesupport_fastrtps_c/motion_capture_tracking_interfaces/msg/detail/named_pose__type_support_c.cpp.o[0m
[3.267s] [ 61%] [32mBuilding CXX object CMakeFiles/motion_capture_tracking_interfaces__rosidl_typesupport_fastrtps_c.dir/rosidl_typesupport_fastrtps_c/motion_capture_tracking_interfaces/msg/detail/named_pose_array__type_support_c.cpp.o[0m
[3.395s] [ 64%] [32m[1mLinking C shared library libmotion_capture_tracking_interfaces__rosidl_typesupport_introspection_c.so[0m
[3.547s] [ 64%] Built target motion_capture_tracking_interfaces__rosidl_typesupport_introspection_c
[3.608s] [ 66%] [32m[1mLinking CXX shared library libmotion_capture_tracking_interfaces__rosidl_typesupport_fastrtps_cpp.so[0m
[3.687s] [ 69%] [32m[1mLinking CXX shared library libmotion_capture_tracking_interfaces__rosidl_typesupport_cpp.so[0m
[3.776s] [ 71%] [32m[1mLinking CXX shared library libmotion_capture_tracking_interfaces__rosidl_typesupport_fastrtps_c.so[0m
[3.793s] [ 71%] Built target motion_capture_tracking_interfaces__rosidl_typesupport_cpp
[3.880s] [ 71%] Built target motion_capture_tracking_interfaces__rosidl_typesupport_fastrtps_cpp
[3.887s] [ 71%] Built target motion_capture_tracking_interfaces__rosidl_typesupport_fastrtps_c
[3.944s] [ 74%] [32m[1mLinking CXX shared library libmotion_capture_tracking_interfaces__rosidl_typesupport_introspection_cpp.so[0m
[4.031s] [ 74%] Built target motion_capture_tracking_interfaces__rosidl_typesupport_introspection_cpp
[4.051s] [ 74%] Built target motion_capture_tracking_interfaces
[4.077s] [ 76%] [34m[1mGenerating Python code for ROS interfaces[0m
[4.606s] [ 76%] Built target motion_capture_tracking_interfaces__py
[4.689s] [ 79%] [32mBuilding C object CMakeFiles/motion_capture_tracking_interfaces__rosidl_generator_py.dir/rosidl_generator_py/motion_capture_tracking_interfaces/msg/_named_pose_s.c.o[0m
[4.697s] [ 82%] [32mBuilding C object CMakeFiles/motion_capture_tracking_interfaces__rosidl_generator_py.dir/rosidl_generator_py/motion_capture_tracking_interfaces/msg/_named_pose_array_s.c.o[0m
[4.929s] [ 84%] [32m[1mLinking C shared library rosidl_generator_py/motion_capture_tracking_interfaces/libmotion_capture_tracking_interfaces__rosidl_generator_py.so[0m
[5.079s] [ 84%] Built target motion_capture_tracking_interfaces__rosidl_generator_py
[5.158s] [ 87%] [32mBuilding C object CMakeFiles/motion_capture_tracking_interfaces__rosidl_typesupport_c__pyext.dir/rosidl_generator_py/motion_capture_tracking_interfaces/_motion_capture_tracking_interfaces_s.ep.rosidl_typesupport_c.c.o[0m
[5.171s] [ 89%] [32mBuilding C object CMakeFiles/motion_capture_tracking_interfaces__rosidl_typesupport_introspection_c__pyext.dir/rosidl_generator_py/motion_capture_tracking_interfaces/_motion_capture_tracking_interfaces_s.ep.rosidl_typesupport_introspection_c.c.o[0m
[5.195s] [ 92%] [32mBuilding C object CMakeFiles/motion_capture_tracking_interfaces__rosidl_typesupport_fastrtps_c__pyext.dir/rosidl_generator_py/motion_capture_tracking_interfaces/_motion_capture_tracking_interfaces_s.ep.rosidl_typesupport_fastrtps_c.c.o[0m
[5.389s] [ 94%] [32m[1mLinking C shared library rosidl_generator_py/motion_capture_tracking_interfaces/motion_capture_tracking_interfaces_s__rosidl_typesupport_c.cpython-310-x86_64-linux-gnu.so[0m
[5.460s] [ 97%] [32m[1mLinking C shared library rosidl_generator_py/motion_capture_tracking_interfaces/motion_capture_tracking_interfaces_s__rosidl_typesupport_introspection_c.cpython-310-x86_64-linux-gnu.so[0m
[5.515s] [100%] [32m[1mLinking C shared library rosidl_generator_py/motion_capture_tracking_interfaces/motion_capture_tracking_interfaces_s__rosidl_typesupport_fastrtps_c.cpython-310-x86_64-linux-gnu.so[0m
[5.605s] [100%] Built target motion_capture_tracking_interfaces__rosidl_typesupport_c__pyext
[5.624s] [100%] Built target motion_capture_tracking_interfaces__rosidl_typesupport_introspection_c__pyext
[5.689s] [100%] Built target motion_capture_tracking_interfaces__rosidl_typesupport_fastrtps_c__pyext
[5.715s] Invoked command in '/special/ros2_ws/build/motion_capture_tracking_interfaces' returned '0': CMAKE_PREFIX_PATH=${CMAKE_PREFIX_PATH}:/special/ros2_ws/install/crazyflie_py:/opt/ros/humble /usr/bin/cmake --build /special/ros2_ws/build/motion_capture_tracking_interfaces -- -j8 -l8
[6.029s] Invoking command in '/special/ros2_ws/build/motion_capture_tracking_interfaces': CMAKE_PREFIX_PATH=${CMAKE_PREFIX_PATH}:/special/ros2_ws/install/crazyflie_py:/opt/ros/humble /usr/bin/cmake --install /special/ros2_ws/build/motion_capture_tracking_interfaces
[6.037s] -- Install configuration: ""
[6.039s] -- Execute custom install script
[6.039s] -- Symlinking: /special/ros2_ws/install/motion_capture_tracking_interfaces/share/ament_index/resource_index/rosidl_interfaces/motion_capture_tracking_interfaces
[6.051s] -- Symlinking: /special/ros2_ws/install/motion_capture_tracking_interfaces/include/motion_capture_tracking_interfaces/motion_capture_tracking_interfaces/msg/detail/named_pose__functions.h
[6.061s] -- Symlinking: /special/ros2_ws/install/motion_capture_tracking_interfaces/include/motion_capture_tracking_interfaces/motion_capture_tracking_interfaces/msg/detail/named_pose__struct.h
[6.070s] -- Symlinking: /special/ros2_ws/install/motion_capture_tracking_interfaces/include/motion_capture_tracking_interfaces/motion_capture_tracking_interfaces/msg/detail/named_pose__type_support.h
[6.079s] -- Symlinking: /special/ros2_ws/install/motion_capture_tracking_interfaces/include/motion_capture_tracking_interfaces/motion_capture_tracking_interfaces/msg/detail/named_pose_array__functions.h
[6.088s] -- Symlinking: /special/ros2_ws/install/motion_capture_tracking_interfaces/include/motion_capture_tracking_interfaces/motion_capture_tracking_interfaces/msg/detail/named_pose_array__struct.h
[6.098s] -- Symlinking: /special/ros2_ws/install/motion_capture_tracking_interfaces/include/motion_capture_tracking_interfaces/motion_capture_tracking_interfaces/msg/detail/named_pose_array__type_support.h
[6.116s] -- Symlinking: /special/ros2_ws/install/motion_capture_tracking_interfaces/include/motion_capture_tracking_interfaces/motion_capture_tracking_interfaces/msg/named_pose.h
[6.135s] -- Symlinking: /special/ros2_ws/install/motion_capture_tracking_interfaces/include/motion_capture_tracking_interfaces/motion_capture_tracking_interfaces/msg/named_pose_array.h
[6.155s] -- Symlinking: /special/ros2_ws/install/motion_capture_tracking_interfaces/include/motion_capture_tracking_interfaces/motion_capture_tracking_interfaces/msg/rosidl_generator_c__visibility_control.h
[6.167s] -- Symlinking: /special/ros2_ws/install/motion_capture_tracking_interfaces/share/motion_capture_tracking_interfaces/environment/library_path.sh
[6.175s] -- Symlinking: /special/ros2_ws/install/motion_capture_tracking_interfaces/share/motion_capture_tracking_interfaces/environment/library_path.dsv
[6.183s] -- Symlinking: /special/ros2_ws/install/motion_capture_tracking_interfaces/include/motion_capture_tracking_interfaces/motion_capture_tracking_interfaces/msg/detail/named_pose__rosidl_typesupport_fastrtps_c.h
[6.205s] -- Symlinking: /special/ros2_ws/install/motion_capture_tracking_interfaces/include/motion_capture_tracking_interfaces/motion_capture_tracking_interfaces/msg/detail/named_pose_array__rosidl_typesupport_fastrtps_c.h
[6.226s] -- Symlinking: /special/ros2_ws/install/motion_capture_tracking_interfaces/include/motion_capture_tracking_interfaces/motion_capture_tracking_interfaces/msg/rosidl_typesupport_fastrtps_c__visibility_control.h
[6.234s] -- Symlinking: /special/ros2_ws/install/motion_capture_tracking_interfaces/include/motion_capture_tracking_interfaces/motion_capture_tracking_interfaces/msg/detail/named_pose__builder.hpp
[6.241s] -- Symlinking: /special/ros2_ws/install/motion_capture_tracking_interfaces/include/motion_capture_tracking_interfaces/motion_capture_tracking_interfaces/msg/detail/named_pose__struct.hpp
[6.268s] -- Symlinking: /special/ros2_ws/install/motion_capture_tracking_interfaces/include/motion_capture_tracking_interfaces/motion_capture_tracking_interfaces/msg/detail/named_pose__traits.hpp
[6.304s] -- Symlinking: /special/ros2_ws/install/motion_capture_tracking_interfaces/include/motion_capture_tracking_interfaces/motion_capture_tracking_interfaces/msg/detail/named_pose_array__builder.hpp
[6.318s] -- Symlinking: /special/ros2_ws/install/motion_capture_tracking_interfaces/include/motion_capture_tracking_interfaces/motion_capture_tracking_interfaces/msg/detail/named_pose_array__struct.hpp
[6.368s] -- Symlinking: /special/ros2_ws/install/motion_capture_tracking_interfaces/include/motion_capture_tracking_interfaces/motion_capture_tracking_interfaces/msg/detail/named_pose_array__traits.hpp
[6.408s] -- Symlinking: /special/ros2_ws/install/motion_capture_tracking_interfaces/include/motion_capture_tracking_interfaces/motion_capture_tracking_interfaces/msg/named_pose.hpp
[6.441s] -- Symlinking: /special/ros2_ws/install/motion_capture_tracking_interfaces/include/motion_capture_tracking_interfaces/motion_capture_tracking_interfaces/msg/named_pose_array.hpp
[6.482s] -- Symlinking: /special/ros2_ws/install/motion_capture_tracking_interfaces/include/motion_capture_tracking_interfaces/motion_capture_tracking_interfaces/msg/detail/named_pose__rosidl_typesupport_fastrtps_cpp.hpp
[6.506s] -- Symlinking: /special/ros2_ws/install/motion_capture_tracking_interfaces/include/motion_capture_tracking_interfaces/motion_capture_tracking_interfaces/msg/detail/named_pose_array__rosidl_typesupport_fastrtps_cpp.hpp
[6.566s] -- Symlinking: /special/ros2_ws/install/motion_capture_tracking_interfaces/include/motion_capture_tracking_interfaces/motion_capture_tracking_interfaces/msg/rosidl_typesupport_fastrtps_cpp__visibility_control.h
[6.650s] -- Symlinking: /special/ros2_ws/install/motion_capture_tracking_interfaces/include/motion_capture_tracking_interfaces/motion_capture_tracking_interfaces/msg/detail/named_pose__rosidl_typesupport_introspection_c.h
[6.695s] -- Symlinking: /special/ros2_ws/install/motion_capture_tracking_interfaces/include/motion_capture_tracking_interfaces/motion_capture_tracking_interfaces/msg/detail/named_pose_array__rosidl_typesupport_introspection_c.h
[6.728s] -- Symlinking: /special/ros2_ws/install/motion_capture_tracking_interfaces/include/motion_capture_tracking_interfaces/motion_capture_tracking_interfaces/msg/rosidl_typesupport_introspection_c__visibility_control.h
[6.757s] -- Symlinking: /special/ros2_ws/install/motion_capture_tracking_interfaces/include/motion_capture_tracking_interfaces/motion_capture_tracking_interfaces/msg/detail/named_pose__rosidl_typesupport_introspection_cpp.hpp
[6.773s] -- Symlinking: /special/ros2_ws/install/motion_capture_tracking_interfaces/include/motion_capture_tracking_interfaces/motion_capture_tracking_interfaces/msg/detail/named_pose_array__rosidl_typesupport_introspection_cpp.hpp
[6.798s] -- Symlinking: /special/ros2_ws/install/motion_capture_tracking_interfaces/share/motion_capture_tracking_interfaces/environment/pythonpath.sh
[6.819s] -- Symlinking: /special/ros2_ws/install/motion_capture_tracking_interfaces/share/motion_capture_tracking_interfaces/environment/pythonpath.dsv
[6.832s] -- Symlinking: /special/ros2_ws/install/motion_capture_tracking_interfaces/local/lib/python3.10/dist-packages/motion_capture_tracking_interfaces-1.0.0-py3.10.egg-info/PKG-INFO
[6.845s] -- Symlinking: /special/ros2_ws/install/motion_capture_tracking_interfaces/local/lib/python3.10/dist-packages/motion_capture_tracking_interfaces-1.0.0-py3.10.egg-info/SOURCES.txt
[6.861s] -- Symlinking: /special/ros2_ws/install/motion_capture_tracking_interfaces/local/lib/python3.10/dist-packages/motion_capture_tracking_interfaces-1.0.0-py3.10.egg-info/dependency_links.txt
[6.875s] -- Symlinking: /special/ros2_ws/install/motion_capture_tracking_interfaces/local/lib/python3.10/dist-packages/motion_capture_tracking_interfaces-1.0.0-py3.10.egg-info/top_level.txt
[6.884s] -- Symlinking: /special/ros2_ws/install/motion_capture_tracking_interfaces/local/lib/python3.10/dist-packages/motion_capture_tracking_interfaces/__init__.py
[6.895s] -- Symlinking: /special/ros2_ws/install/motion_capture_tracking_interfaces/local/lib/python3.10/dist-packages/motion_capture_tracking_interfaces/_motion_capture_tracking_interfaces_s.ep.rosidl_typesupport_c.c
[6.909s] -- Symlinking: /special/ros2_ws/install/motion_capture_tracking_interfaces/local/lib/python3.10/dist-packages/motion_capture_tracking_interfaces/_motion_capture_tracking_interfaces_s.ep.rosidl_typesupport_fastrtps_c.c
[6.917s] -- Symlinking: /special/ros2_ws/install/motion_capture_tracking_interfaces/local/lib/python3.10/dist-packages/motion_capture_tracking_interfaces/_motion_capture_tracking_interfaces_s.ep.rosidl_typesupport_introspection_c.c
[6.941s] -- Symlinking: /special/ros2_ws/install/motion_capture_tracking_interfaces/local/lib/python3.10/dist-packages/motion_capture_tracking_interfaces/libmotion_capture_tracking_interfaces__rosidl_generator_py.so
[6.949s] -- Symlinking: /special/ros2_ws/install/motion_capture_tracking_interfaces/local/lib/python3.10/dist-packages/motion_capture_tracking_interfaces/motion_capture_tracking_interfaces_s__rosidl_typesupport_c.cpython-310-x86_64-linux-gnu.so
[6.960s] -- Symlinking: /special/ros2_ws/install/motion_capture_tracking_interfaces/local/lib/python3.10/dist-packages/motion_capture_tracking_interfaces/motion_capture_tracking_interfaces_s__rosidl_typesupport_fastrtps_c.cpython-310-x86_64-linux-gnu.so
[6.968s] -- Symlinking: /special/ros2_ws/install/motion_capture_tracking_interfaces/local/lib/python3.10/dist-packages/motion_capture_tracking_interfaces/motion_capture_tracking_interfaces_s__rosidl_typesupport_introspection_c.cpython-310-x86_64-linux-gnu.so
[6.979s] -- Symlinking: /special/ros2_ws/install/motion_capture_tracking_interfaces/local/lib/python3.10/dist-packages/motion_capture_tracking_interfaces/msg/__init__.py
[6.991s] -- Symlinking: /special/ros2_ws/install/motion_capture_tracking_interfaces/local/lib/python3.10/dist-packages/motion_capture_tracking_interfaces/msg/_named_pose.py
[7.018s] -- Symlinking: /special/ros2_ws/install/motion_capture_tracking_interfaces/local/lib/python3.10/dist-packages/motion_capture_tracking_interfaces/msg/_named_pose_array.py
[7.045s] -- Symlinking: /special/ros2_ws/install/motion_capture_tracking_interfaces/local/lib/python3.10/dist-packages/motion_capture_tracking_interfaces/msg/_named_pose_array_s.c
[7.086s] -- Symlinking: /special/ros2_ws/install/motion_capture_tracking_interfaces/local/lib/python3.10/dist-packages/motion_capture_tracking_interfaces/msg/_named_pose_s.c
[7.117s] -- Up-to-date symlink: /special/ros2_ws/install/motion_capture_tracking_interfaces/local/lib/python3.10/dist-packages/motion_capture_tracking_interfaces/motion_capture_tracking_interfaces_s__rosidl_typesupport_fastrtps_c.cpython-310-x86_64-linux-gnu.so
[7.118s] -- Up-to-date symlink: /special/ros2_ws/install/motion_capture_tracking_interfaces/local/lib/python3.10/dist-packages/motion_capture_tracking_interfaces/motion_capture_tracking_interfaces_s__rosidl_typesupport_introspection_c.cpython-310-x86_64-linux-gnu.so
[7.118s] -- Up-to-date symlink: /special/ros2_ws/install/motion_capture_tracking_interfaces/local/lib/python3.10/dist-packages/motion_capture_tracking_interfaces/motion_capture_tracking_interfaces_s__rosidl_typesupport_c.cpython-310-x86_64-linux-gnu.so
[7.118s] -- Symlinking: /special/ros2_ws/install/motion_capture_tracking_interfaces/share/motion_capture_tracking_interfaces/msg/NamedPose.idl
[7.151s] -- Symlinking: /special/ros2_ws/install/motion_capture_tracking_interfaces/share/motion_capture_tracking_interfaces/msg/NamedPoseArray.idl
[7.179s] -- Symlinking: /special/ros2_ws/install/motion_capture_tracking_interfaces/share/motion_capture_tracking_interfaces/msg/NamedPose.msg
[7.212s] -- Symlinking: /special/ros2_ws/install/motion_capture_tracking_interfaces/share/motion_capture_tracking_interfaces/msg/NamedPoseArray.msg
[7.243s] -- Symlinking: /special/ros2_ws/install/motion_capture_tracking_interfaces/share/ament_index/resource_index/package_run_dependencies/motion_capture_tracking_interfaces
[7.278s] -- Symlinking: /special/ros2_ws/install/motion_capture_tracking_interfaces/share/ament_index/resource_index/parent_prefix_path/motion_capture_tracking_interfaces
[7.300s] -- Symlinking: /special/ros2_ws/install/motion_capture_tracking_interfaces/share/motion_capture_tracking_interfaces/environment/ament_prefix_path.sh
[7.330s] -- Symlinking: /special/ros2_ws/install/motion_capture_tracking_interfaces/share/motion_capture_tracking_interfaces/environment/ament_prefix_path.dsv
[7.354s] -- Symlinking: /special/ros2_ws/install/motion_capture_tracking_interfaces/share/motion_capture_tracking_interfaces/environment/path.sh
[7.385s] -- Symlinking: /special/ros2_ws/install/motion_capture_tracking_interfaces/share/motion_capture_tracking_interfaces/environment/path.dsv
[7.415s] -- Symlinking: /special/ros2_ws/install/motion_capture_tracking_interfaces/share/motion_capture_tracking_interfaces/local_setup.bash
[7.431s] -- Symlinking: /special/ros2_ws/install/motion_capture_tracking_interfaces/share/motion_capture_tracking_interfaces/local_setup.sh
[7.440s] -- Symlinking: /special/ros2_ws/install/motion_capture_tracking_interfaces/share/motion_capture_tracking_interfaces/local_setup.zsh
[7.462s] -- Symlinking: /special/ros2_ws/install/motion_capture_tracking_interfaces/share/motion_capture_tracking_interfaces/local_setup.dsv
[7.487s] -- Symlinking: /special/ros2_ws/install/motion_capture_tracking_interfaces/share/motion_capture_tracking_interfaces/package.dsv
[7.515s] -- Symlinking: /special/ros2_ws/install/motion_capture_tracking_interfaces/share/ament_index/resource_index/packages/motion_capture_tracking_interfaces
[7.543s] -- Symlinking: /special/ros2_ws/install/motion_capture_tracking_interfaces/share/motion_capture_tracking_interfaces/cmake/rosidl_cmake-extras.cmake
[7.568s] -- Symlinking: /special/ros2_ws/install/motion_capture_tracking_interfaces/share/motion_capture_tracking_interfaces/cmake/ament_cmake_export_dependencies-extras.cmake
[7.592s] -- Symlinking: /special/ros2_ws/install/motion_capture_tracking_interfaces/share/motion_capture_tracking_interfaces/cmake/ament_cmake_export_include_directories-extras.cmake
[7.623s] -- Symlinking: /special/ros2_ws/install/motion_capture_tracking_interfaces/share/motion_capture_tracking_interfaces/cmake/ament_cmake_export_libraries-extras.cmake
[7.673s] -- Symlinking: /special/ros2_ws/install/motion_capture_tracking_interfaces/share/motion_capture_tracking_interfaces/cmake/ament_cmake_export_targets-extras.cmake
[7.724s] -- Symlinking: /special/ros2_ws/install/motion_capture_tracking_interfaces/share/motion_capture_tracking_interfaces/cmake/rosidl_cmake_export_typesupport_targets-extras.cmake
[7.746s] -- Symlinking: /special/ros2_ws/install/motion_capture_tracking_interfaces/share/motion_capture_tracking_interfaces/cmake/rosidl_cmake_export_typesupport_libraries-extras.cmake
[7.782s] -- Symlinking: /special/ros2_ws/install/motion_capture_tracking_interfaces/share/motion_capture_tracking_interfaces/cmake/motion_capture_tracking_interfacesConfig.cmake
[7.817s] -- Symlinking: /special/ros2_ws/install/motion_capture_tracking_interfaces/share/motion_capture_tracking_interfaces/cmake/motion_capture_tracking_interfacesConfig-version.cmake
[7.844s] -- Symlinking: /special/ros2_ws/install/motion_capture_tracking_interfaces/share/motion_capture_tracking_interfaces/package.xml
[7.869s] -- Installing: /special/ros2_ws/install/motion_capture_tracking_interfaces/lib/libmotion_capture_tracking_interfaces__rosidl_generator_c.so
[7.869s] -- Set runtime path of "/special/ros2_ws/install/motion_capture_tracking_interfaces/lib/libmotion_capture_tracking_interfaces__rosidl_generator_c.so" to ""
[7.869s] -- Installing: /special/ros2_ws/install/motion_capture_tracking_interfaces/lib/libmotion_capture_tracking_interfaces__rosidl_typesupport_fastrtps_c.so
[7.869s] -- Set runtime path of "/special/ros2_ws/install/motion_capture_tracking_interfaces/lib/libmotion_capture_tracking_interfaces__rosidl_typesupport_fastrtps_c.so" to ""
[7.869s] -- Installing: /special/ros2_ws/install/motion_capture_tracking_interfaces/lib/libmotion_capture_tracking_interfaces__rosidl_typesupport_fastrtps_cpp.so
[7.869s] -- Set runtime path of "/special/ros2_ws/install/motion_capture_tracking_interfaces/lib/libmotion_capture_tracking_interfaces__rosidl_typesupport_fastrtps_cpp.so" to ""
[7.869s] -- Installing: /special/ros2_ws/install/motion_capture_tracking_interfaces/lib/libmotion_capture_tracking_interfaces__rosidl_typesupport_introspection_c.so
[7.870s] -- Set runtime path of "/special/ros2_ws/install/motion_capture_tracking_interfaces/lib/libmotion_capture_tracking_interfaces__rosidl_typesupport_introspection_c.so" to ""
[7.870s] -- Installing: /special/ros2_ws/install/motion_capture_tracking_interfaces/lib/libmotion_capture_tracking_interfaces__rosidl_typesupport_c.so
[7.870s] -- Set runtime path of "/special/ros2_ws/install/motion_capture_tracking_interfaces/lib/libmotion_capture_tracking_interfaces__rosidl_typesupport_c.so" to ""
[7.871s] -- Installing: /special/ros2_ws/install/motion_capture_tracking_interfaces/lib/libmotion_capture_tracking_interfaces__rosidl_typesupport_introspection_cpp.so
[7.871s] -- Set runtime path of "/special/ros2_ws/install/motion_capture_tracking_interfaces/lib/libmotion_capture_tracking_interfaces__rosidl_typesupport_introspection_cpp.so" to ""
[7.871s] -- Installing: /special/ros2_ws/install/motion_capture_tracking_interfaces/lib/libmotion_capture_tracking_interfaces__rosidl_typesupport_cpp.so
[7.872s] -- Set runtime path of "/special/ros2_ws/install/motion_capture_tracking_interfaces/lib/libmotion_capture_tracking_interfaces__rosidl_typesupport_cpp.so" to ""
[7.970s] Listing '/special/ros2_ws/install/motion_capture_tracking_interfaces/local/lib/python3.10/dist-packages/motion_capture_tracking_interfaces'...
[7.970s] Compiling '/special/ros2_ws/install/motion_capture_tracking_interfaces/local/lib/python3.10/dist-packages/motion_capture_tracking_interfaces/__init__.py'...
[7.970s] Listing '/special/ros2_ws/install/motion_capture_tracking_interfaces/local/lib/python3.10/dist-packages/motion_capture_tracking_interfaces/msg'...
[7.970s] Compiling '/special/ros2_ws/install/motion_capture_tracking_interfaces/local/lib/python3.10/dist-packages/motion_capture_tracking_interfaces/msg/__init__.py'...
[7.970s] Compiling '/special/ros2_ws/install/motion_capture_tracking_interfaces/local/lib/python3.10/dist-packages/motion_capture_tracking_interfaces/msg/_named_pose.py'...
[7.970s] Compiling '/special/ros2_ws/install/motion_capture_tracking_interfaces/local/lib/python3.10/dist-packages/motion_capture_tracking_interfaces/msg/_named_pose_array.py'...
[7.987s] -- Installing: /special/ros2_ws/install/motion_capture_tracking_interfaces/lib/libmotion_capture_tracking_interfaces__rosidl_generator_py.so
[7.989s] -- Set runtime path of "/special/ros2_ws/install/motion_capture_tracking_interfaces/lib/libmotion_capture_tracking_interfaces__rosidl_generator_py.so" to ""
[7.990s] -- Installing: /special/ros2_ws/install/motion_capture_tracking_interfaces/share/motion_capture_tracking_interfaces/cmake/export_motion_capture_tracking_interfaces__rosidl_generator_cExport.cmake
[7.991s] -- Installing: /special/ros2_ws/install/motion_capture_tracking_interfaces/share/motion_capture_tracking_interfaces/cmake/export_motion_capture_tracking_interfaces__rosidl_generator_cExport-noconfig.cmake
[7.992s] -- Installing: /special/ros2_ws/install/motion_capture_tracking_interfaces/share/motion_capture_tracking_interfaces/cmake/export_motion_capture_tracking_interfaces__rosidl_typesupport_fastrtps_cExport.cmake
[7.994s] -- Installing: /special/ros2_ws/install/motion_capture_tracking_interfaces/share/motion_capture_tracking_interfaces/cmake/export_motion_capture_tracking_interfaces__rosidl_typesupport_fastrtps_cExport-noconfig.cmake
[7.996s] -- Installing: /special/ros2_ws/install/motion_capture_tracking_interfaces/share/motion_capture_tracking_interfaces/cmake/export_motion_capture_tracking_interfaces__rosidl_generator_cppExport.cmake
[7.997s] -- Installing: /special/ros2_ws/install/motion_capture_tracking_interfaces/share/motion_capture_tracking_interfaces/cmake/export_motion_capture_tracking_interfaces__rosidl_typesupport_fastrtps_cppExport.cmake
[7.999s] -- Installing: /special/ros2_ws/install/motion_capture_tracking_interfaces/share/motion_capture_tracking_interfaces/cmake/export_motion_capture_tracking_interfaces__rosidl_typesupport_fastrtps_cppExport-noconfig.cmake
[8.026s] -- Installing: /special/ros2_ws/install/motion_capture_tracking_interfaces/share/motion_capture_tracking_interfaces/cmake/motion_capture_tracking_interfaces__rosidl_typesupport_introspection_cExport.cmake
[8.026s] -- Installing: /special/ros2_ws/install/motion_capture_tracking_interfaces/share/motion_capture_tracking_interfaces/cmake/motion_capture_tracking_interfaces__rosidl_typesupport_introspection_cExport-noconfig.cmake
[8.026s] -- Installing: /special/ros2_ws/install/motion_capture_tracking_interfaces/share/motion_capture_tracking_interfaces/cmake/motion_capture_tracking_interfaces__rosidl_typesupport_cExport.cmake
[8.026s] -- Installing: /special/ros2_ws/install/motion_capture_tracking_interfaces/share/motion_capture_tracking_interfaces/cmake/motion_capture_tracking_interfaces__rosidl_typesupport_cExport-noconfig.cmake
[8.026s] -- Installing: /special/ros2_ws/install/motion_capture_tracking_interfaces/share/motion_capture_tracking_interfaces/cmake/motion_capture_tracking_interfaces__rosidl_typesupport_introspection_cppExport.cmake
[8.026s] -- Installing: /special/ros2_ws/install/motion_capture_tracking_interfaces/share/motion_capture_tracking_interfaces/cmake/motion_capture_tracking_interfaces__rosidl_typesupport_introspection_cppExport-noconfig.cmake
[8.027s] -- Installing: /special/ros2_ws/install/motion_capture_tracking_interfaces/share/motion_capture_tracking_interfaces/cmake/motion_capture_tracking_interfaces__rosidl_typesupport_cppExport.cmake
[8.027s] -- Installing: /special/ros2_ws/install/motion_capture_tracking_interfaces/share/motion_capture_tracking_interfaces/cmake/motion_capture_tracking_interfaces__rosidl_typesupport_cppExport-noconfig.cmake
[8.027s] -- Installing: /special/ros2_ws/install/motion_capture_tracking_interfaces/share/motion_capture_tracking_interfaces/cmake/export_motion_capture_tracking_interfaces__rosidl_generator_pyExport.cmake
[8.027s] -- Installing: /special/ros2_ws/install/motion_capture_tracking_interfaces/share/motion_capture_tracking_interfaces/cmake/export_motion_capture_tracking_interfaces__rosidl_generator_pyExport-noconfig.cmake
[8.027s] Invoked command in '/special/ros2_ws/build/motion_capture_tracking_interfaces' returned '0': CMAKE_PREFIX_PATH=${CMAKE_PREFIX_PATH}:/special/ros2_ws/install/crazyflie_py:/opt/ros/humble /usr/bin/cmake --install /special/ros2_ws/build/motion_capture_tracking_interfaces
