[0.125s] Invoking command in '/special/ros2_ws/src/build/crazyflie_examples': AMENT_PREFIX_PATH=/special/ros2_ws/src/install/crazyflie_py:/special/ros2_ws/src/install/crazyflie_interfaces:${AMENT_PREFIX_PATH} CMAKE_PREFIX_PATH=/special/ros2_ws/src/install/crazyflie_interfaces:/special/ros2_ws/install/motion_capture_tracking:/special/ros2_ws/install/crazyflie:/special/ros2_ws/install/motion_capture_tracking_interfaces:/special/ros2_ws/install/crazyflie_sim:/special/ros2_ws/install/crazyflie_examples:/special/ros2_ws/install/crazyflie_interfaces:/special/ros2_ws/install/crazyflie_py:/opt/ros/humble LD_LIBRARY_PATH=/special/ros2_ws/src/install/crazyflie_interfaces/lib:${LD_LIBRARY_PATH} PYTHONPATH=/special/ros2_ws/src/install/crazyflie_py/lib/python3.10/site-packages:/special/ros2_ws/src/install/crazyflie_interfaces/local/lib/python3.10/dist-packages:${PYTHONPATH} /usr/bin/cmake /special/ros2_ws/src/crazyswarm2/crazyflie_examples -DCMAKE_INSTALL_PREFIX=/special/ros2_ws/src/install/crazyflie_examples
[0.299s] -- The C compiler identification is GNU 11.3.0
[0.527s] -- The CXX compiler identification is GNU 11.3.0
[0.550s] -- Detecting C compiler ABI info
[0.855s] -- Detecting C compiler ABI info - done
[0.871s] -- Check for working C compiler: /usr/bin/cc - skipped
[0.871s] -- Detecting C compile features
[0.871s] -- Detecting C compile features - done
[0.876s] -- Detecting CXX compiler ABI info
[1.193s] -- Detecting CXX compiler ABI info - done
[1.202s] -- Check for working CXX compiler: /usr/bin/c++ - skipped
[1.203s] -- Detecting CXX compile features
[1.203s] -- Detecting CXX compile features - done
[1.215s] -- Found ament_cmake: 1.3.5 (/opt/ros/humble/share/ament_cmake/cmake)
[1.691s] -- Found Python3: /usr/bin/python3.10 (found version "3.10.6") found components: Interpreter 
[2.343s] -- Configuring done
[2.350s] -- Generating done
[2.367s] -- Build files have been written to: /special/ros2_ws/src/build/crazyflie_examples
[2.397s] Invoked command in '/special/ros2_ws/src/build/crazyflie_examples' returned '0': AMENT_PREFIX_PATH=/special/ros2_ws/src/install/crazyflie_py:/special/ros2_ws/src/install/crazyflie_interfaces:${AMENT_PREFIX_PATH} CMAKE_PREFIX_PATH=/special/ros2_ws/src/install/crazyflie_interfaces:/special/ros2_ws/install/motion_capture_tracking:/special/ros2_ws/install/crazyflie:/special/ros2_ws/install/motion_capture_tracking_interfaces:/special/ros2_ws/install/crazyflie_sim:/special/ros2_ws/install/crazyflie_examples:/special/ros2_ws/install/crazyflie_interfaces:/special/ros2_ws/install/crazyflie_py:/opt/ros/humble LD_LIBRARY_PATH=/special/ros2_ws/src/install/crazyflie_interfaces/lib:${LD_LIBRARY_PATH} PYTHONPATH=/special/ros2_ws/src/install/crazyflie_py/lib/python3.10/site-packages:/special/ros2_ws/src/install/crazyflie_interfaces/local/lib/python3.10/dist-packages:${PYTHONPATH} /usr/bin/cmake /special/ros2_ws/src/crazyswarm2/crazyflie_examples -DCMAKE_INSTALL_PREFIX=/special/ros2_ws/src/install/crazyflie_examples
[2.398s] Invoking command in '/special/ros2_ws/src/build/crazyflie_examples': AMENT_PREFIX_PATH=/special/ros2_ws/src/install/crazyflie_py:/special/ros2_ws/src/install/crazyflie_interfaces:${AMENT_PREFIX_PATH} CMAKE_PREFIX_PATH=/special/ros2_ws/src/install/crazyflie_interfaces:/special/ros2_ws/install/motion_capture_tracking:/special/ros2_ws/install/crazyflie:/special/ros2_ws/install/motion_capture_tracking_interfaces:/special/ros2_ws/install/crazyflie_sim:/special/ros2_ws/install/crazyflie_examples:/special/ros2_ws/install/crazyflie_interfaces:/special/ros2_ws/install/crazyflie_py:/opt/ros/humble LD_LIBRARY_PATH=/special/ros2_ws/src/install/crazyflie_interfaces/lib:${LD_LIBRARY_PATH} PYTHONPATH=/special/ros2_ws/src/install/crazyflie_py/lib/python3.10/site-packages:/special/ros2_ws/src/install/crazyflie_interfaces/local/lib/python3.10/dist-packages:${PYTHONPATH} /usr/bin/cmake --build /special/ros2_ws/src/build/crazyflie_examples -- -j8 -l8
[2.538s] Built target ament_cmake_python_copy_crazyflie_examples
[2.544s] Built target ament_cmake_python_copy_crazyflie_examples_setup
[2.981s] running egg_info
[2.982s] creating crazyflie_examples.egg-info
[2.982s] writing crazyflie_examples.egg-info/PKG-INFO
[2.983s] writing dependency_links to crazyflie_examples.egg-info/dependency_links.txt
[2.983s] writing entry points to crazyflie_examples.egg-info/entry_points.txt
[2.983s] writing top-level names to crazyflie_examples.egg-info/top_level.txt
[2.983s] writing manifest file 'crazyflie_examples.egg-info/SOURCES.txt'
[2.986s] reading manifest file 'crazyflie_examples.egg-info/SOURCES.txt'
[2.986s] writing manifest file 'crazyflie_examples.egg-info/SOURCES.txt'
[3.039s] running install_scripts
[3.056s] Built target ament_cmake_python_build_crazyflie_examples_egg
[3.071s] running egg_info
[3.072s] writing crazyflie_examples.egg-info/PKG-INFO
[3.073s] writing dependency_links to crazyflie_examples.egg-info/dependency_links.txt
[3.073s] writing entry points to crazyflie_examples.egg-info/entry_points.txt
[3.073s] writing top-level names to crazyflie_examples.egg-info/top_level.txt
[3.075s] reading manifest file 'crazyflie_examples.egg-info/SOURCES.txt'
[3.076s] writing manifest file 'crazyflie_examples.egg-info/SOURCES.txt'
[3.078s] Installing cmd_full_state script to scripts
[3.078s] Installing figure8 script to scripts
[3.078s] Installing hello_world script to scripts
[3.078s] Installing multi_trajectory script to scripts
[3.078s] Installing nice_hover script to scripts
[3.078s] Installing set_param script to scripts
[3.129s] Built target ament_cmake_python_build_crazyflie_examples_scripts
[3.162s] Invoked command in '/special/ros2_ws/src/build/crazyflie_examples' returned '0': AMENT_PREFIX_PATH=/special/ros2_ws/src/install/crazyflie_py:/special/ros2_ws/src/install/crazyflie_interfaces:${AMENT_PREFIX_PATH} CMAKE_PREFIX_PATH=/special/ros2_ws/src/install/crazyflie_interfaces:/special/ros2_ws/install/motion_capture_tracking:/special/ros2_ws/install/crazyflie:/special/ros2_ws/install/motion_capture_tracking_interfaces:/special/ros2_ws/install/crazyflie_sim:/special/ros2_ws/install/crazyflie_examples:/special/ros2_ws/install/crazyflie_interfaces:/special/ros2_ws/install/crazyflie_py:/opt/ros/humble LD_LIBRARY_PATH=/special/ros2_ws/src/install/crazyflie_interfaces/lib:${LD_LIBRARY_PATH} PYTHONPATH=/special/ros2_ws/src/install/crazyflie_py/lib/python3.10/site-packages:/special/ros2_ws/src/install/crazyflie_interfaces/local/lib/python3.10/dist-packages:${PYTHONPATH} /usr/bin/cmake --build /special/ros2_ws/src/build/crazyflie_examples -- -j8 -l8
[3.352s] Invoking command in '/special/ros2_ws/src/build/crazyflie_examples': AMENT_PREFIX_PATH=/special/ros2_ws/src/install/crazyflie_py:/special/ros2_ws/src/install/crazyflie_interfaces:${AMENT_PREFIX_PATH} CMAKE_PREFIX_PATH=/special/ros2_ws/src/install/crazyflie_interfaces:/special/ros2_ws/install/motion_capture_tracking:/special/ros2_ws/install/crazyflie:/special/ros2_ws/install/motion_capture_tracking_interfaces:/special/ros2_ws/install/crazyflie_sim:/special/ros2_ws/install/crazyflie_examples:/special/ros2_ws/install/crazyflie_interfaces:/special/ros2_ws/install/crazyflie_py:/opt/ros/humble LD_LIBRARY_PATH=/special/ros2_ws/src/install/crazyflie_interfaces/lib:${LD_LIBRARY_PATH} PYTHONPATH=/special/ros2_ws/src/install/crazyflie_py/lib/python3.10/site-packages:/special/ros2_ws/src/install/crazyflie_interfaces/local/lib/python3.10/dist-packages:${PYTHONPATH} /usr/bin/cmake --install /special/ros2_ws/src/build/crazyflie_examples
[3.370s] -- Install configuration: ""
[3.371s] -- Installing: /special/ros2_ws/src/install/crazyflie_examples/share/crazyflie_examples/environment/pythonpath.sh
[3.371s] -- Installing: /special/ros2_ws/src/install/crazyflie_examples/share/crazyflie_examples/environment/pythonpath.dsv
[3.371s] -- Installing: /special/ros2_ws/src/install/crazyflie_examples/local/lib/python3.10/dist-packages/crazyflie_examples-2.0.0-py3.10.egg-info
[3.371s] -- Installing: /special/ros2_ws/src/install/crazyflie_examples/local/lib/python3.10/dist-packages/crazyflie_examples-2.0.0-py3.10.egg-info/PKG-INFO
[3.371s] -- Installing: /special/ros2_ws/src/install/crazyflie_examples/local/lib/python3.10/dist-packages/crazyflie_examples-2.0.0-py3.10.egg-info/top_level.txt
[3.371s] -- Installing: /special/ros2_ws/src/install/crazyflie_examples/local/lib/python3.10/dist-packages/crazyflie_examples-2.0.0-py3.10.egg-info/entry_points.txt
[3.371s] -- Installing: /special/ros2_ws/src/install/crazyflie_examples/local/lib/python3.10/dist-packages/crazyflie_examples-2.0.0-py3.10.egg-info/dependency_links.txt
[3.371s] -- Installing: /special/ros2_ws/src/install/crazyflie_examples/local/lib/python3.10/dist-packages/crazyflie_examples-2.0.0-py3.10.egg-info/SOURCES.txt
[3.371s] -- Installing: /special/ros2_ws/src/install/crazyflie_examples/lib/crazyflie_examples/
[3.371s] -- Installing: /special/ros2_ws/src/install/crazyflie_examples/lib/crazyflie_examples//multi_trajectory
[3.371s] -- Installing: /special/ros2_ws/src/install/crazyflie_examples/lib/crazyflie_examples//cmd_full_state
[3.372s] -- Installing: /special/ros2_ws/src/install/crazyflie_examples/lib/crazyflie_examples//nice_hover
[3.372s] -- Installing: /special/ros2_ws/src/install/crazyflie_examples/lib/crazyflie_examples//hello_world
[3.372s] -- Installing: /special/ros2_ws/src/install/crazyflie_examples/lib/crazyflie_examples//set_param
[3.372s] -- Installing: /special/ros2_ws/src/install/crazyflie_examples/lib/crazyflie_examples//figure8
[3.372s] -- Installing: /special/ros2_ws/src/install/crazyflie_examples/local/lib/python3.10/dist-packages/crazyflie_examples
[3.372s] -- Installing: /special/ros2_ws/src/install/crazyflie_examples/local/lib/python3.10/dist-packages/crazyflie_examples/hello_world.py
[3.372s] -- Installing: /special/ros2_ws/src/install/crazyflie_examples/local/lib/python3.10/dist-packages/crazyflie_examples/set_param.py
[3.372s] -- Installing: /special/ros2_ws/src/install/crazyflie_examples/local/lib/python3.10/dist-packages/crazyflie_examples/nice_hover.py
[3.372s] -- Installing: /special/ros2_ws/src/install/crazyflie_examples/local/lib/python3.10/dist-packages/crazyflie_examples/cmd_full_state.py
[3.372s] -- Installing: /special/ros2_ws/src/install/crazyflie_examples/local/lib/python3.10/dist-packages/crazyflie_examples/multi_trajectory.py
[3.372s] -- Installing: /special/ros2_ws/src/install/crazyflie_examples/local/lib/python3.10/dist-packages/crazyflie_examples/data
[3.372s] -- Installing: /special/ros2_ws/src/install/crazyflie_examples/local/lib/python3.10/dist-packages/crazyflie_examples/data/multi_trajectory
[3.373s] -- Installing: /special/ros2_ws/src/install/crazyflie_examples/local/lib/python3.10/dist-packages/crazyflie_examples/data/multi_trajectory/traj1.csv
[3.373s] -- Installing: /special/ros2_ws/src/install/crazyflie_examples/local/lib/python3.10/dist-packages/crazyflie_examples/data/multi_trajectory/traj0.csv
[3.373s] -- Installing: /special/ros2_ws/src/install/crazyflie_examples/local/lib/python3.10/dist-packages/crazyflie_examples/data/figure8.csv
[3.373s] -- Installing: /special/ros2_ws/src/install/crazyflie_examples/local/lib/python3.10/dist-packages/crazyflie_examples/nicer_hover.py
[3.373s] -- Installing: /special/ros2_ws/src/install/crazyflie_examples/local/lib/python3.10/dist-packages/crazyflie_examples/__init__.py
[3.373s] -- Installing: /special/ros2_ws/src/install/crazyflie_examples/local/lib/python3.10/dist-packages/crazyflie_examples/figure8.py
[3.423s] Listing '/special/ros2_ws/src/install/crazyflie_examples/local/lib/python3.10/dist-packages/crazyflie_examples'...
[3.423s] Compiling '/special/ros2_ws/src/install/crazyflie_examples/local/lib/python3.10/dist-packages/crazyflie_examples/__init__.py'...
[3.423s] Compiling '/special/ros2_ws/src/install/crazyflie_examples/local/lib/python3.10/dist-packages/crazyflie_examples/cmd_full_state.py'...
[3.423s] Listing '/special/ros2_ws/src/install/crazyflie_examples/local/lib/python3.10/dist-packages/crazyflie_examples/data'...
[3.423s] Listing '/special/ros2_ws/src/install/crazyflie_examples/local/lib/python3.10/dist-packages/crazyflie_examples/data/multi_trajectory'...
[3.423s] Compiling '/special/ros2_ws/src/install/crazyflie_examples/local/lib/python3.10/dist-packages/crazyflie_examples/figure8.py'...
[3.423s] Compiling '/special/ros2_ws/src/install/crazyflie_examples/local/lib/python3.10/dist-packages/crazyflie_examples/hello_world.py'...
[3.423s] Compiling '/special/ros2_ws/src/install/crazyflie_examples/local/lib/python3.10/dist-packages/crazyflie_examples/multi_trajectory.py'...
[3.423s] Compiling '/special/ros2_ws/src/install/crazyflie_examples/local/lib/python3.10/dist-packages/crazyflie_examples/nice_hover.py'...
[3.423s] Compiling '/special/ros2_ws/src/install/crazyflie_examples/local/lib/python3.10/dist-packages/crazyflie_examples/nicer_hover.py'...
[3.423s] Compiling '/special/ros2_ws/src/install/crazyflie_examples/local/lib/python3.10/dist-packages/crazyflie_examples/set_param.py'...
[3.427s] -- Installing: /special/ros2_ws/src/install/crazyflie_examples/share/crazyflie_examples//config
[3.428s] -- Installing: /special/ros2_ws/src/install/crazyflie_examples/share/crazyflie_examples//config/nav2_view.rviz
[3.431s] -- Installing: /special/ros2_ws/src/install/crazyflie_examples/share/crazyflie_examples//config/nav2_params.yaml
[3.431s] -- Installing: /special/ros2_ws/src/install/crazyflie_examples/share/crazyflie_examples//data
[3.431s] -- Installing: /special/ros2_ws/src/install/crazyflie_examples/share/crazyflie_examples//data/map.data
[3.431s] -- Installing: /special/ros2_ws/src/install/crazyflie_examples/share/crazyflie_examples//data/map.pgm
[3.432s] -- Installing: /special/ros2_ws/src/install/crazyflie_examples/share/crazyflie_examples//data/map.yaml
[3.433s] -- Installing: /special/ros2_ws/src/install/crazyflie_examples/share/crazyflie_examples//data/map.posegraph
[3.433s] -- Installing: /special/ros2_ws/src/install/crazyflie_examples/share/crazyflie_examples//launch
[3.433s] -- Installing: /special/ros2_ws/src/install/crazyflie_examples/share/crazyflie_examples//launch/multiranger_mapping_launch.py
[3.433s] -- Installing: /special/ros2_ws/src/install/crazyflie_examples/share/crazyflie_examples//launch/keyboard_velmux_launch.py
[3.433s] -- Installing: /special/ros2_ws/src/install/crazyflie_examples/share/crazyflie_examples//launch/multiranger_nav2_launch.py
[3.433s] -- Installing: /special/ros2_ws/src/install/crazyflie_examples/share/ament_index/resource_index/package_run_dependencies/crazyflie_examples
[3.433s] -- Installing: /special/ros2_ws/src/install/crazyflie_examples/share/ament_index/resource_index/parent_prefix_path/crazyflie_examples
[3.433s] -- Installing: /special/ros2_ws/src/install/crazyflie_examples/share/crazyflie_examples/environment/ament_prefix_path.sh
[3.433s] -- Installing: /special/ros2_ws/src/install/crazyflie_examples/share/crazyflie_examples/environment/ament_prefix_path.dsv
[3.433s] -- Installing: /special/ros2_ws/src/install/crazyflie_examples/share/crazyflie_examples/environment/path.sh
[3.433s] -- Installing: /special/ros2_ws/src/install/crazyflie_examples/share/crazyflie_examples/environment/path.dsv
[3.433s] -- Installing: /special/ros2_ws/src/install/crazyflie_examples/share/crazyflie_examples/local_setup.bash
[3.433s] -- Installing: /special/ros2_ws/src/install/crazyflie_examples/share/crazyflie_examples/local_setup.sh
[3.433s] -- Installing: /special/ros2_ws/src/install/crazyflie_examples/share/crazyflie_examples/local_setup.zsh
[3.434s] -- Installing: /special/ros2_ws/src/install/crazyflie_examples/share/crazyflie_examples/local_setup.dsv
[3.434s] -- Installing: /special/ros2_ws/src/install/crazyflie_examples/share/crazyflie_examples/package.dsv
[3.434s] -- Installing: /special/ros2_ws/src/install/crazyflie_examples/share/ament_index/resource_index/packages/crazyflie_examples
[3.434s] -- Installing: /special/ros2_ws/src/install/crazyflie_examples/share/crazyflie_examples/cmake/crazyflie_examplesConfig.cmake
[3.434s] -- Installing: /special/ros2_ws/src/install/crazyflie_examples/share/crazyflie_examples/cmake/crazyflie_examplesConfig-version.cmake
[3.434s] -- Installing: /special/ros2_ws/src/install/crazyflie_examples/share/crazyflie_examples/package.xml
[3.441s] Invoked command in '/special/ros2_ws/src/build/crazyflie_examples' returned '0': AMENT_PREFIX_PATH=/special/ros2_ws/src/install/crazyflie_py:/special/ros2_ws/src/install/crazyflie_interfaces:${AMENT_PREFIX_PATH} CMAKE_PREFIX_PATH=/special/ros2_ws/src/install/crazyflie_interfaces:/special/ros2_ws/install/motion_capture_tracking:/special/ros2_ws/install/crazyflie:/special/ros2_ws/install/motion_capture_tracking_interfaces:/special/ros2_ws/install/crazyflie_sim:/special/ros2_ws/install/crazyflie_examples:/special/ros2_ws/install/crazyflie_interfaces:/special/ros2_ws/install/crazyflie_py:/opt/ros/humble LD_LIBRARY_PATH=/special/ros2_ws/src/install/crazyflie_interfaces/lib:${LD_LIBRARY_PATH} PYTHONPATH=/special/ros2_ws/src/install/crazyflie_py/lib/python3.10/site-packages:/special/ros2_ws/src/install/crazyflie_interfaces/local/lib/python3.10/dist-packages:${PYTHONPATH} /usr/bin/cmake --install /special/ros2_ws/src/build/crazyflie_examples
