[0.010s] Invoking command in '/special/ros2_ws/build/crazyflie-link-cpp': /usr/bin/cmake /special/ros2_ws/src/crazyflie-link-cpp -DCMAKE_INSTALL_PREFIX=/special/ros2_ws/install/crazyflie-link-cpp
[0.047s] -- The C compiler identification is GNU 11.3.0
[0.085s] -- The CXX compiler identification is GNU 11.3.0
[0.091s] -- Detecting C compiler ABI info
[0.139s] -- Detecting C compiler ABI info - done
[0.145s] -- Check for working C compiler: /usr/bin/cc - skipped
[0.145s] -- Detecting C compile features
[0.145s] -- Detecting C compile features - done
[0.147s] -- Detecting CXX compiler ABI info
[0.204s] -- Detecting CXX compiler ABI info - done
[0.211s] -- Check for working CXX compiler: /usr/bin/c++ - skipped
[0.211s] -- Detecting CXX compile features
[0.211s] -- Detecting CXX compile features - done
[0.217s] -- Found libusb: /usr/lib/x86_64-linux-gnu/libusb-1.0.so  
[0.220s] -- pybind11 v2.10.4 
[0.241s] -- Found PythonInterp: /usr/bin/python3 (found suitable version "3.10.6", minimum required is "3.6") 
[0.257s] -- Found PythonLibs: /usr/lib/x86_64-linux-gnu/libpython3.10.so
[0.258s] -- Performing Test HAS_FLTO
[0.352s] -- Performing Test HAS_FLTO - Success
[0.352s] -- Configuring done
[0.359s] -- Generating done
[0.360s] -- Build files have been written to: /special/ros2_ws/build/crazyflie-link-cpp
[0.363s] Invoked command in '/special/ros2_ws/build/crazyflie-link-cpp' returned '0': /usr/bin/cmake /special/ros2_ws/src/crazyflie-link-cpp -DCMAKE_INSTALL_PREFIX=/special/ros2_ws/install/crazyflie-link-cpp
[0.365s] Invoking command in '/special/ros2_ws/build/crazyflie-link-cpp': /usr/bin/cmake --build /special/ros2_ws/build/crazyflie-link-cpp -- -j8 -l8
[0.399s] [ 10%] [32mBuilding CXX object CMakeFiles/crazyflieLinkCpp.dir/src/USBManager.cpp.o[0m
[0.399s] [ 15%] [32mBuilding CXX object CMakeFiles/crazyflieLinkCpp.dir/src/CrazyradioThread.cpp.o[0m
[0.399s] [ 21%] [32mBuilding CXX object CMakeFiles/crazyflieLinkCpp.dir/src/CrazyflieUSBThread.cpp.o[0m
[0.399s] [ 10%] [32mBuilding CXX object CMakeFiles/crazyflieLinkCpp.dir/src/Connection.cpp.o[0m
[0.404s] [ 26%] [32mBuilding CXX object CMakeFiles/crazyflieLinkCpp.dir/src/CrazyflieUSB.cpp.o[0m
[0.404s] [ 31%] [32mBuilding CXX object CMakeFiles/crazyflieLinkCpp.dir/src/Version.cpp.o[0m
[0.404s] [ 36%] [32mBuilding CXX object CMakeFiles/crazyflieLinkCpp.dir/src/Crazyradio.cpp.o[0m
[0.408s] [ 42%] [32mBuilding CXX object CMakeFiles/crazyflieLinkCpp.dir/src/USBDevice.cpp.o[0m
[4.149s] [ 47%] [32m[1mLinking CXX static library libcrazyflieLinkCpp.a[0m
[4.220s] [ 47%] Built target crazyflieLinkCpp
[4.246s] [ 52%] [32mBuilding CXX object CMakeFiles/example_console.dir/examples/console.cpp.o[0m
[4.249s] [ 57%] [32mBuilding CXX object CMakeFiles/example_broadcast.dir/examples/broadcast.cpp.o[0m
[4.253s] [ 63%] [32mBuilding CXX object CMakeFiles/cflinkcpp.dir/src/python_bindings.cpp.o[0m
[4.256s] [ 68%] [32mBuilding CXX object CMakeFiles/example_benchmark.dir/examples/benchmark.cpp.o[0m
[4.280s] [ 73%] [32mBuilding CXX object CMakeFiles/example_scan.dir/examples/scan.cpp.o[0m
[4.804s] [ 78%] [32m[1mLinking CXX executable example_scan[0m
[5.114s] [ 84%] [32m[1mLinking CXX executable example_console[0m
[5.137s] [ 84%] Built target example_scan
[5.145s] [ 89%] [32m[1mLinking CXX executable example_broadcast[0m
[5.504s] [ 89%] Built target example_console
[5.596s] [ 89%] Built target example_broadcast
[5.666s] [ 94%] [32m[1mLinking CXX executable example_benchmark[0m
[5.928s] [ 94%] Built target example_benchmark
[9.851s] [100%] [32m[1mLinking CXX shared module cflinkcpp.cpython-310-x86_64-linux-gnu.so[0m
[15.307s] [100%] Built target cflinkcpp
[15.321s] Invoked command in '/special/ros2_ws/build/crazyflie-link-cpp' returned '0': /usr/bin/cmake --build /special/ros2_ws/build/crazyflie-link-cpp -- -j8 -l8
