[0.010s] Invoking command in '/special/ros2_ws/build/motion_capture_tracking': CMAKE_PREFIX_PATH=/special/ros2_ws/install/motion_capture_tracking_interfaces:/special/ros2_ws/install/crazyflie_sim:/special/ros2_ws/install/crazyflie_examples:/special/ros2_ws/install/motion_capture_tracking:/special/ros2_ws/install/crazyflie:/special/ros2_ws/install/crazyflie_interfaces:/special/ros2_ws/install/crazyflie_py:/opt/ros/humble /usr/bin/cmake --build /special/ros2_ws/build/motion_capture_tracking -- -j8 -l8
[0.045s] [35m[1mConsolidate compiler generated dependencies of target quat[0m
[0.058s] [35m[1mConsolidate compiler generated dependencies of target qualisys_cpp_sdk[0m
[0.058s] [35m[1mConsolidate compiler generated dependencies of target librigidbodytracker[0m
[0.061s] [35m[1mConsolidate compiler generated dependencies of target ViconDataStreamSDK_CPP[0m
[0.062s] [  8%] Built target quat
[0.079s] [35m[1mConsolidate compiler generated dependencies of target vrpn[0m
[0.084s] [ 11%] Built target librigidbodytracker
[0.090s] [ 19%] Built target qualisys_cpp_sdk
[0.104s] [ 66%] Built target vrpn
[0.108s] [ 83%] Built target ViconDataStreamSDK_CPP
[0.119s] [35m[1mConsolidate compiler generated dependencies of target libmotioncapture[0m
[0.144s] [ 96%] Built target libmotioncapture
[0.152s] [35m[1mConsolidate compiler generated dependencies of target motion_capture_tracking_node[0m
[0.172s] [100%] Built target motion_capture_tracking_node
[0.181s] Invoked command in '/special/ros2_ws/build/motion_capture_tracking' returned '0': CMAKE_PREFIX_PATH=/special/ros2_ws/install/motion_capture_tracking_interfaces:/special/ros2_ws/install/crazyflie_sim:/special/ros2_ws/install/crazyflie_examples:/special/ros2_ws/install/motion_capture_tracking:/special/ros2_ws/install/crazyflie:/special/ros2_ws/install/crazyflie_interfaces:/special/ros2_ws/install/crazyflie_py:/opt/ros/humble /usr/bin/cmake --build /special/ros2_ws/build/motion_capture_tracking -- -j8 -l8
[0.218s] Invoking command in '/special/ros2_ws/build/motion_capture_tracking': CMAKE_PREFIX_PATH=/special/ros2_ws/install/motion_capture_tracking_interfaces:/special/ros2_ws/install/crazyflie_sim:/special/ros2_ws/install/crazyflie_examples:/special/ros2_ws/install/motion_capture_tracking:/special/ros2_ws/install/crazyflie:/special/ros2_ws/install/crazyflie_interfaces:/special/ros2_ws/install/crazyflie_py:/opt/ros/humble /usr/bin/cmake --install /special/ros2_ws/build/motion_capture_tracking
[0.223s] -- Install configuration: ""
[0.224s] -- Execute custom install script
[0.224s] -- Up-to-date symlink: /special/ros2_ws/install/motion_capture_tracking/lib/motion_capture_tracking/motion_capture_tracking_node
[0.225s] -- Up-to-date symlink: /special/ros2_ws/install/motion_capture_tracking/share/motion_capture_tracking//launch/launch.py
[0.225s] -- Up-to-date symlink: /special/ros2_ws/install/motion_capture_tracking/share/motion_capture_tracking//launch/node.launch
[0.225s] -- Up-to-date symlink: /special/ros2_ws/install/motion_capture_tracking/share/motion_capture_tracking//config/cfg.yaml
[0.225s] -- Up-to-date symlink: /special/ros2_ws/install/motion_capture_tracking/share/motion_capture_tracking//config/rviz.rviz
[0.225s] -- Up-to-date symlink: /special/ros2_ws/install/motion_capture_tracking/share/ament_index/resource_index/package_run_dependencies/motion_capture_tracking
[0.225s] -- Up-to-date symlink: /special/ros2_ws/install/motion_capture_tracking/share/ament_index/resource_index/parent_prefix_path/motion_capture_tracking
[0.225s] -- Up-to-date symlink: /special/ros2_ws/install/motion_capture_tracking/share/motion_capture_tracking/environment/ament_prefix_path.sh
[0.225s] -- Up-to-date symlink: /special/ros2_ws/install/motion_capture_tracking/share/motion_capture_tracking/environment/ament_prefix_path.dsv
[0.225s] -- Up-to-date symlink: /special/ros2_ws/install/motion_capture_tracking/share/motion_capture_tracking/environment/path.sh
[0.225s] -- Up-to-date symlink: /special/ros2_ws/install/motion_capture_tracking/share/motion_capture_tracking/environment/path.dsv
[0.226s] -- Up-to-date symlink: /special/ros2_ws/install/motion_capture_tracking/share/motion_capture_tracking/local_setup.bash
[0.226s] -- Up-to-date symlink: /special/ros2_ws/install/motion_capture_tracking/share/motion_capture_tracking/local_setup.sh
[0.226s] -- Up-to-date symlink: /special/ros2_ws/install/motion_capture_tracking/share/motion_capture_tracking/local_setup.zsh
[0.226s] -- Up-to-date symlink: /special/ros2_ws/install/motion_capture_tracking/share/motion_capture_tracking/local_setup.dsv
[0.226s] -- Symlinking: /special/ros2_ws/install/motion_capture_tracking/share/motion_capture_tracking/package.dsv
[0.232s] -- Up-to-date symlink: /special/ros2_ws/install/motion_capture_tracking/share/ament_index/resource_index/packages/motion_capture_tracking
[0.232s] -- Up-to-date symlink: /special/ros2_ws/install/motion_capture_tracking/share/motion_capture_tracking/cmake/motion_capture_trackingConfig.cmake
[0.232s] -- Up-to-date symlink: /special/ros2_ws/install/motion_capture_tracking/share/motion_capture_tracking/cmake/motion_capture_trackingConfig-version.cmake
[0.232s] -- Up-to-date symlink: /special/ros2_ws/install/motion_capture_tracking/share/motion_capture_tracking/package.xml
[0.236s] Invoked command in '/special/ros2_ws/build/motion_capture_tracking' returned '0': CMAKE_PREFIX_PATH=/special/ros2_ws/install/motion_capture_tracking_interfaces:/special/ros2_ws/install/crazyflie_sim:/special/ros2_ws/install/crazyflie_examples:/special/ros2_ws/install/motion_capture_tracking:/special/ros2_ws/install/crazyflie:/special/ros2_ws/install/crazyflie_interfaces:/special/ros2_ws/install/crazyflie_py:/opt/ros/humble /usr/bin/cmake --install /special/ros2_ws/build/motion_capture_tracking
