[0.007s] Invoking command in '/special/ros2_ws/build/crazyflie_examples': AMENT_PREFIX_PATH=/special/ros2_ws/install/crazyflie_py:/special/ros2_ws/install/tracking_broadcast:/special/ros2_ws/install/motion_capture_tracking:/special/ros2_ws/install/crazyflie:/special/ros2_ws/install/motion_capture_tracking_interfaces:/special/ros2_ws/install/crazyflie_sim:/special/ros2_ws/install/crazyflie_examples:/special/ros2_ws/install/crazyflie_interfaces:/opt/ros/humble CMAKE_PREFIX_PATH=/special/ros2_ws/install/crazyflie_interfaces:/special/ros2_ws/install/motion_capture_tracking:/special/ros2_ws/install/crazyflie:/special/ros2_ws/install/motion_capture_tracking_interfaces:/special/ros2_ws/install/crazyflie_sim:/special/ros2_ws/install/crazyflie_examples:/special/ros2_ws/install/tracking_broadcast:/special/ros2_ws/install/crazyflie_py:/opt/ros/humble LD_LIBRARY_PATH=/special/ros2_ws/install/crazyflie_interfaces/lib:/special/ros2_ws/install/motion_capture_tracking_interfaces/lib:/opt/ros/humble/opt/rviz_ogre_vendor/lib:/opt/ros/humble/lib/x86_64-linux-gnu:/opt/ros/humble/lib PYTHONPATH=/special/ros2_ws/install/crazyflie_py/lib/python3.10/site-packages:/special/ros2_ws/build/tracking_broadcast:/special/ros2_ws/install/tracking_broadcast/lib/python3.10/site-packages:/special/ros2_ws/install/motion_capture_tracking_interfaces/local/lib/python3.10/dist-packages:/special/ros2_ws/install/crazyflie_sim/local/lib/python3.10/dist-packages:/special/ros2_ws/install/crazyflie_examples/local/lib/python3.10/dist-packages:/special/ros2_ws/build/crazyflie_py:/special/ros2_ws/install/crazyflie_interfaces/local/lib/python3.10/dist-packages:/opt/ros/humble/lib/python3.10/site-packages:/opt/ros/humble/local/lib/python3.10/dist-packages /usr/bin/cmake /special/ros2_ws/src/crazyswarm2/crazyflie_examples -DCMAKE_INSTALL_PREFIX=/special/ros2_ws/install/crazyflie_examples
[0.014s] -- Found ament_cmake: 1.3.5 (/opt/ros/humble/share/ament_cmake/cmake)
[0.120s] -- Override CMake install command with custom implementation using symlinks instead of copying resources
[0.242s] -- Configuring done
[0.246s] -- Generating done
[0.247s] -- Build files have been written to: /special/ros2_ws/build/crazyflie_examples
[0.249s] Invoked command in '/special/ros2_ws/build/crazyflie_examples' returned '0': AMENT_PREFIX_PATH=/special/ros2_ws/install/crazyflie_py:/special/ros2_ws/install/tracking_broadcast:/special/ros2_ws/install/motion_capture_tracking:/special/ros2_ws/install/crazyflie:/special/ros2_ws/install/motion_capture_tracking_interfaces:/special/ros2_ws/install/crazyflie_sim:/special/ros2_ws/install/crazyflie_examples:/special/ros2_ws/install/crazyflie_interfaces:/opt/ros/humble CMAKE_PREFIX_PATH=/special/ros2_ws/install/crazyflie_interfaces:/special/ros2_ws/install/motion_capture_tracking:/special/ros2_ws/install/crazyflie:/special/ros2_ws/install/motion_capture_tracking_interfaces:/special/ros2_ws/install/crazyflie_sim:/special/ros2_ws/install/crazyflie_examples:/special/ros2_ws/install/tracking_broadcast:/special/ros2_ws/install/crazyflie_py:/opt/ros/humble LD_LIBRARY_PATH=/special/ros2_ws/install/crazyflie_interfaces/lib:/special/ros2_ws/install/motion_capture_tracking_interfaces/lib:/opt/ros/humble/opt/rviz_ogre_vendor/lib:/opt/ros/humble/lib/x86_64-linux-gnu:/opt/ros/humble/lib PYTHONPATH=/special/ros2_ws/install/crazyflie_py/lib/python3.10/site-packages:/special/ros2_ws/build/tracking_broadcast:/special/ros2_ws/install/tracking_broadcast/lib/python3.10/site-packages:/special/ros2_ws/install/motion_capture_tracking_interfaces/local/lib/python3.10/dist-packages:/special/ros2_ws/install/crazyflie_sim/local/lib/python3.10/dist-packages:/special/ros2_ws/install/crazyflie_examples/local/lib/python3.10/dist-packages:/special/ros2_ws/build/crazyflie_py:/special/ros2_ws/install/crazyflie_interfaces/local/lib/python3.10/dist-packages:/opt/ros/humble/lib/python3.10/site-packages:/opt/ros/humble/local/lib/python3.10/dist-packages /usr/bin/cmake /special/ros2_ws/src/crazyswarm2/crazyflie_examples -DCMAKE_INSTALL_PREFIX=/special/ros2_ws/install/crazyflie_examples
[0.250s] Invoking command in '/special/ros2_ws/build/crazyflie_examples': AMENT_PREFIX_PATH=/special/ros2_ws/install/crazyflie_py:/special/ros2_ws/install/tracking_broadcast:/special/ros2_ws/install/motion_capture_tracking:/special/ros2_ws/install/crazyflie:/special/ros2_ws/install/motion_capture_tracking_interfaces:/special/ros2_ws/install/crazyflie_sim:/special/ros2_ws/install/crazyflie_examples:/special/ros2_ws/install/crazyflie_interfaces:/opt/ros/humble CMAKE_PREFIX_PATH=/special/ros2_ws/install/crazyflie_interfaces:/special/ros2_ws/install/motion_capture_tracking:/special/ros2_ws/install/crazyflie:/special/ros2_ws/install/motion_capture_tracking_interfaces:/special/ros2_ws/install/crazyflie_sim:/special/ros2_ws/install/crazyflie_examples:/special/ros2_ws/install/tracking_broadcast:/special/ros2_ws/install/crazyflie_py:/opt/ros/humble LD_LIBRARY_PATH=/special/ros2_ws/install/crazyflie_interfaces/lib:/special/ros2_ws/install/motion_capture_tracking_interfaces/lib:/opt/ros/humble/opt/rviz_ogre_vendor/lib:/opt/ros/humble/lib/x86_64-linux-gnu:/opt/ros/humble/lib PYTHONPATH=/special/ros2_ws/install/crazyflie_py/lib/python3.10/site-packages:/special/ros2_ws/build/tracking_broadcast:/special/ros2_ws/install/tracking_broadcast/lib/python3.10/site-packages:/special/ros2_ws/install/motion_capture_tracking_interfaces/local/lib/python3.10/dist-packages:/special/ros2_ws/install/crazyflie_sim/local/lib/python3.10/dist-packages:/special/ros2_ws/install/crazyflie_examples/local/lib/python3.10/dist-packages:/special/ros2_ws/build/crazyflie_py:/special/ros2_ws/install/crazyflie_interfaces/local/lib/python3.10/dist-packages:/opt/ros/humble/lib/python3.10/site-packages:/opt/ros/humble/local/lib/python3.10/dist-packages /usr/bin/cmake --build /special/ros2_ws/build/crazyflie_examples -- -j8 -l8
[0.282s] Built target ament_cmake_python_symlink_crazyflie_examples_setup
[0.282s] Built target ament_cmake_python_symlink_crazyflie_examples
[0.456s] running install_scripts
[0.463s] running egg_info
[0.463s] writing crazyflie_examples.egg-info/PKG-INFO
[0.463s] writing dependency_links to crazyflie_examples.egg-info/dependency_links.txt
[0.463s] writing entry points to crazyflie_examples.egg-info/entry_points.txt
[0.463s] writing top-level names to crazyflie_examples.egg-info/top_level.txt
[0.465s] reading manifest file 'crazyflie_examples.egg-info/SOURCES.txt'
[0.465s] writing manifest file 'crazyflie_examples.egg-info/SOURCES.txt'
[0.472s] running egg_info
[0.473s] writing crazyflie_examples.egg-info/PKG-INFO
[0.473s] writing dependency_links to crazyflie_examples.egg-info/dependency_links.txt
[0.473s] writing entry points to crazyflie_examples.egg-info/entry_points.txt
[0.473s] writing top-level names to crazyflie_examples.egg-info/top_level.txt
[0.475s] reading manifest file 'crazyflie_examples.egg-info/SOURCES.txt'
[0.475s] writing manifest file 'crazyflie_examples.egg-info/SOURCES.txt'
[0.476s] Installing cmd_full_state script to scripts
[0.476s] Installing figure8 script to scripts
[0.476s] Installing hello_world script to scripts
[0.476s] Installing multi_trajectory script to scripts
[0.476s] Installing nice_hover script to scripts
[0.476s] Installing set_param script to scripts
[0.485s] Built target ament_cmake_python_build_crazyflie_examples_egg
[0.500s] Built target ament_cmake_python_build_crazyflie_examples_scripts
[0.506s] Invoked command in '/special/ros2_ws/build/crazyflie_examples' returned '0': AMENT_PREFIX_PATH=/special/ros2_ws/install/crazyflie_py:/special/ros2_ws/install/tracking_broadcast:/special/ros2_ws/install/motion_capture_tracking:/special/ros2_ws/install/crazyflie:/special/ros2_ws/install/motion_capture_tracking_interfaces:/special/ros2_ws/install/crazyflie_sim:/special/ros2_ws/install/crazyflie_examples:/special/ros2_ws/install/crazyflie_interfaces:/opt/ros/humble CMAKE_PREFIX_PATH=/special/ros2_ws/install/crazyflie_interfaces:/special/ros2_ws/install/motion_capture_tracking:/special/ros2_ws/install/crazyflie:/special/ros2_ws/install/motion_capture_tracking_interfaces:/special/ros2_ws/install/crazyflie_sim:/special/ros2_ws/install/crazyflie_examples:/special/ros2_ws/install/tracking_broadcast:/special/ros2_ws/install/crazyflie_py:/opt/ros/humble LD_LIBRARY_PATH=/special/ros2_ws/install/crazyflie_interfaces/lib:/special/ros2_ws/install/motion_capture_tracking_interfaces/lib:/opt/ros/humble/opt/rviz_ogre_vendor/lib:/opt/ros/humble/lib/x86_64-linux-gnu:/opt/ros/humble/lib PYTHONPATH=/special/ros2_ws/install/crazyflie_py/lib/python3.10/site-packages:/special/ros2_ws/build/tracking_broadcast:/special/ros2_ws/install/tracking_broadcast/lib/python3.10/site-packages:/special/ros2_ws/install/motion_capture_tracking_interfaces/local/lib/python3.10/dist-packages:/special/ros2_ws/install/crazyflie_sim/local/lib/python3.10/dist-packages:/special/ros2_ws/install/crazyflie_examples/local/lib/python3.10/dist-packages:/special/ros2_ws/build/crazyflie_py:/special/ros2_ws/install/crazyflie_interfaces/local/lib/python3.10/dist-packages:/opt/ros/humble/lib/python3.10/site-packages:/opt/ros/humble/local/lib/python3.10/dist-packages /usr/bin/cmake --build /special/ros2_ws/build/crazyflie_examples -- -j8 -l8
[0.520s] Invoking command in '/special/ros2_ws/build/crazyflie_examples': AMENT_PREFIX_PATH=/special/ros2_ws/install/crazyflie_py:/special/ros2_ws/install/tracking_broadcast:/special/ros2_ws/install/motion_capture_tracking:/special/ros2_ws/install/crazyflie:/special/ros2_ws/install/motion_capture_tracking_interfaces:/special/ros2_ws/install/crazyflie_sim:/special/ros2_ws/install/crazyflie_examples:/special/ros2_ws/install/crazyflie_interfaces:/opt/ros/humble CMAKE_PREFIX_PATH=/special/ros2_ws/install/crazyflie_interfaces:/special/ros2_ws/install/motion_capture_tracking:/special/ros2_ws/install/crazyflie:/special/ros2_ws/install/motion_capture_tracking_interfaces:/special/ros2_ws/install/crazyflie_sim:/special/ros2_ws/install/crazyflie_examples:/special/ros2_ws/install/tracking_broadcast:/special/ros2_ws/install/crazyflie_py:/opt/ros/humble LD_LIBRARY_PATH=/special/ros2_ws/install/crazyflie_interfaces/lib:/special/ros2_ws/install/motion_capture_tracking_interfaces/lib:/opt/ros/humble/opt/rviz_ogre_vendor/lib:/opt/ros/humble/lib/x86_64-linux-gnu:/opt/ros/humble/lib PYTHONPATH=/special/ros2_ws/install/crazyflie_py/lib/python3.10/site-packages:/special/ros2_ws/build/tracking_broadcast:/special/ros2_ws/install/tracking_broadcast/lib/python3.10/site-packages:/special/ros2_ws/install/motion_capture_tracking_interfaces/local/lib/python3.10/dist-packages:/special/ros2_ws/install/crazyflie_sim/local/lib/python3.10/dist-packages:/special/ros2_ws/install/crazyflie_examples/local/lib/python3.10/dist-packages:/special/ros2_ws/build/crazyflie_py:/special/ros2_ws/install/crazyflie_interfaces/local/lib/python3.10/dist-packages:/opt/ros/humble/lib/python3.10/site-packages:/opt/ros/humble/local/lib/python3.10/dist-packages /usr/bin/cmake --install /special/ros2_ws/build/crazyflie_examples
[0.525s] -- Install configuration: ""
[0.525s] -- Execute custom install script
[0.525s] -- Up-to-date symlink: /special/ros2_ws/install/crazyflie_examples/share/crazyflie_examples/environment/pythonpath.sh
[0.525s] -- Up-to-date symlink: /special/ros2_ws/install/crazyflie_examples/share/crazyflie_examples/environment/pythonpath.dsv
[0.525s] -- Up-to-date symlink: /special/ros2_ws/install/crazyflie_examples/local/lib/python3.10/dist-packages/crazyflie_examples-2.0.0-py3.10.egg-info/PKG-INFO
[0.525s] -- Up-to-date symlink: /special/ros2_ws/install/crazyflie_examples/local/lib/python3.10/dist-packages/crazyflie_examples-2.0.0-py3.10.egg-info/SOURCES.txt
[0.525s] -- Up-to-date symlink: /special/ros2_ws/install/crazyflie_examples/local/lib/python3.10/dist-packages/crazyflie_examples-2.0.0-py3.10.egg-info/dependency_links.txt
[0.525s] -- Up-to-date symlink: /special/ros2_ws/install/crazyflie_examples/local/lib/python3.10/dist-packages/crazyflie_examples-2.0.0-py3.10.egg-info/entry_points.txt
[0.525s] -- Up-to-date symlink: /special/ros2_ws/install/crazyflie_examples/local/lib/python3.10/dist-packages/crazyflie_examples-2.0.0-py3.10.egg-info/top_level.txt
[0.526s] -- Up-to-date symlink: /special/ros2_ws/install/crazyflie_examples/lib/crazyflie_examples//cmd_full_state
[0.526s] -- Up-to-date symlink: /special/ros2_ws/install/crazyflie_examples/lib/crazyflie_examples//figure8
[0.526s] -- Up-to-date symlink: /special/ros2_ws/install/crazyflie_examples/lib/crazyflie_examples//hello_world
[0.526s] -- Up-to-date symlink: /special/ros2_ws/install/crazyflie_examples/lib/crazyflie_examples//multi_trajectory
[0.526s] -- Up-to-date symlink: /special/ros2_ws/install/crazyflie_examples/lib/crazyflie_examples//nice_hover
[0.526s] -- Up-to-date symlink: /special/ros2_ws/install/crazyflie_examples/lib/crazyflie_examples//set_param
[0.526s] -- Up-to-date symlink: /special/ros2_ws/install/crazyflie_examples/local/lib/python3.10/dist-packages/crazyflie_examples/__init__.py
[0.526s] -- Up-to-date symlink: /special/ros2_ws/install/crazyflie_examples/local/lib/python3.10/dist-packages/crazyflie_examples/cmd_full_state.py
[0.526s] -- Up-to-date symlink: /special/ros2_ws/install/crazyflie_examples/local/lib/python3.10/dist-packages/crazyflie_examples/data/figure8.csv
[0.526s] -- Up-to-date symlink: /special/ros2_ws/install/crazyflie_examples/local/lib/python3.10/dist-packages/crazyflie_examples/data/multi_trajectory/traj0.csv
[0.526s] -- Up-to-date symlink: /special/ros2_ws/install/crazyflie_examples/local/lib/python3.10/dist-packages/crazyflie_examples/data/multi_trajectory/traj1.csv
[0.527s] -- Up-to-date symlink: /special/ros2_ws/install/crazyflie_examples/local/lib/python3.10/dist-packages/crazyflie_examples/figure8.py
[0.527s] -- Up-to-date symlink: /special/ros2_ws/install/crazyflie_examples/local/lib/python3.10/dist-packages/crazyflie_examples/hello_world.py
[0.527s] -- Up-to-date symlink: /special/ros2_ws/install/crazyflie_examples/local/lib/python3.10/dist-packages/crazyflie_examples/multi_trajectory.py
[0.527s] -- Up-to-date symlink: /special/ros2_ws/install/crazyflie_examples/local/lib/python3.10/dist-packages/crazyflie_examples/nice_hover.py
[0.527s] -- Up-to-date symlink: /special/ros2_ws/install/crazyflie_examples/local/lib/python3.10/dist-packages/crazyflie_examples/nicer_hover.py
[0.527s] -- Up-to-date symlink: /special/ros2_ws/install/crazyflie_examples/local/lib/python3.10/dist-packages/crazyflie_examples/set_param.py
[0.527s] -- Up-to-date symlink: /special/ros2_ws/install/crazyflie_examples/share/crazyflie_examples//config/nav2_params.yaml
[0.527s] -- Up-to-date symlink: /special/ros2_ws/install/crazyflie_examples/share/crazyflie_examples//config/nav2_view.rviz
[0.528s] -- Up-to-date symlink: /special/ros2_ws/install/crazyflie_examples/share/crazyflie_examples//data/map.data
[0.528s] -- Up-to-date symlink: /special/ros2_ws/install/crazyflie_examples/share/crazyflie_examples//data/map.pgm
[0.528s] -- Up-to-date symlink: /special/ros2_ws/install/crazyflie_examples/share/crazyflie_examples//data/map.posegraph
[0.528s] -- Up-to-date symlink: /special/ros2_ws/install/crazyflie_examples/share/crazyflie_examples//data/map.yaml
[0.528s] -- Up-to-date symlink: /special/ros2_ws/install/crazyflie_examples/share/crazyflie_examples//launch/keyboard_velmux_launch.py
[0.528s] -- Up-to-date symlink: /special/ros2_ws/install/crazyflie_examples/share/crazyflie_examples//launch/multiranger_mapping_launch.py
[0.528s] -- Up-to-date symlink: /special/ros2_ws/install/crazyflie_examples/share/crazyflie_examples//launch/multiranger_nav2_launch.py
[0.528s] -- Up-to-date symlink: /special/ros2_ws/install/crazyflie_examples/share/ament_index/resource_index/package_run_dependencies/crazyflie_examples
[0.528s] -- Up-to-date symlink: /special/ros2_ws/install/crazyflie_examples/share/ament_index/resource_index/parent_prefix_path/crazyflie_examples
[0.528s] -- Up-to-date symlink: /special/ros2_ws/install/crazyflie_examples/share/crazyflie_examples/environment/ament_prefix_path.sh
[0.528s] -- Up-to-date symlink: /special/ros2_ws/install/crazyflie_examples/share/crazyflie_examples/environment/ament_prefix_path.dsv
[0.528s] -- Up-to-date symlink: /special/ros2_ws/install/crazyflie_examples/share/crazyflie_examples/environment/path.sh
[0.528s] -- Up-to-date symlink: /special/ros2_ws/install/crazyflie_examples/share/crazyflie_examples/environment/path.dsv
[0.528s] -- Up-to-date symlink: /special/ros2_ws/install/crazyflie_examples/share/crazyflie_examples/local_setup.bash
[0.529s] -- Up-to-date symlink: /special/ros2_ws/install/crazyflie_examples/share/crazyflie_examples/local_setup.sh
[0.529s] -- Up-to-date symlink: /special/ros2_ws/install/crazyflie_examples/share/crazyflie_examples/local_setup.zsh
[0.529s] -- Up-to-date symlink: /special/ros2_ws/install/crazyflie_examples/share/crazyflie_examples/local_setup.dsv
[0.529s] -- Symlinking: /special/ros2_ws/install/crazyflie_examples/share/crazyflie_examples/package.dsv
[0.534s] -- Up-to-date symlink: /special/ros2_ws/install/crazyflie_examples/share/ament_index/resource_index/packages/crazyflie_examples
[0.534s] -- Up-to-date symlink: /special/ros2_ws/install/crazyflie_examples/share/crazyflie_examples/cmake/crazyflie_examplesConfig.cmake
[0.534s] -- Up-to-date symlink: /special/ros2_ws/install/crazyflie_examples/share/crazyflie_examples/cmake/crazyflie_examplesConfig-version.cmake
[0.534s] -- Up-to-date symlink: /special/ros2_ws/install/crazyflie_examples/share/crazyflie_examples/package.xml
[0.558s] Listing '/special/ros2_ws/install/crazyflie_examples/local/lib/python3.10/dist-packages/crazyflie_examples'...
[0.558s] Listing '/special/ros2_ws/install/crazyflie_examples/local/lib/python3.10/dist-packages/crazyflie_examples/data'...
[0.558s] Listing '/special/ros2_ws/install/crazyflie_examples/local/lib/python3.10/dist-packages/crazyflie_examples/data/multi_trajectory'...
[0.558s] Compiling '/special/ros2_ws/install/crazyflie_examples/local/lib/python3.10/dist-packages/crazyflie_examples/set_param.py'...
[0.565s] Invoked command in '/special/ros2_ws/build/crazyflie_examples' returned '0': AMENT_PREFIX_PATH=/special/ros2_ws/install/crazyflie_py:/special/ros2_ws/install/tracking_broadcast:/special/ros2_ws/install/motion_capture_tracking:/special/ros2_ws/install/crazyflie:/special/ros2_ws/install/motion_capture_tracking_interfaces:/special/ros2_ws/install/crazyflie_sim:/special/ros2_ws/install/crazyflie_examples:/special/ros2_ws/install/crazyflie_interfaces:/opt/ros/humble CMAKE_PREFIX_PATH=/special/ros2_ws/install/crazyflie_interfaces:/special/ros2_ws/install/motion_capture_tracking:/special/ros2_ws/install/crazyflie:/special/ros2_ws/install/motion_capture_tracking_interfaces:/special/ros2_ws/install/crazyflie_sim:/special/ros2_ws/install/crazyflie_examples:/special/ros2_ws/install/tracking_broadcast:/special/ros2_ws/install/crazyflie_py:/opt/ros/humble LD_LIBRARY_PATH=/special/ros2_ws/install/crazyflie_interfaces/lib:/special/ros2_ws/install/motion_capture_tracking_interfaces/lib:/opt/ros/humble/opt/rviz_ogre_vendor/lib:/opt/ros/humble/lib/x86_64-linux-gnu:/opt/ros/humble/lib PYTHONPATH=/special/ros2_ws/install/crazyflie_py/lib/python3.10/site-packages:/special/ros2_ws/build/tracking_broadcast:/special/ros2_ws/install/tracking_broadcast/lib/python3.10/site-packages:/special/ros2_ws/install/motion_capture_tracking_interfaces/local/lib/python3.10/dist-packages:/special/ros2_ws/install/crazyflie_sim/local/lib/python3.10/dist-packages:/special/ros2_ws/install/crazyflie_examples/local/lib/python3.10/dist-packages:/special/ros2_ws/build/crazyflie_py:/special/ros2_ws/install/crazyflie_interfaces/local/lib/python3.10/dist-packages:/opt/ros/humble/lib/python3.10/site-packages:/opt/ros/humble/local/lib/python3.10/dist-packages /usr/bin/cmake --install /special/ros2_ws/build/crazyflie_examples
