[0.194s] Invoking command in '/special/ros2_ws/build/crazyflie': CMAKE_PREFIX_PATH=/special/ros2_ws/install/motion_capture_tracking_interfaces:/special/ros2_ws/install/crazyflie_interfaces:/special/ros2_ws/install/motion_capture_tracking:/special/ros2_ws/install/crazyflie:/special/ros2_ws/install/crazyflie_sim:/special/ros2_ws/install/crazyflie_examples:/special/ros2_ws/install/tracking_broadcast:/special/ros2_ws/install/crazyflie_py:/opt/ros/humble /usr/bin/cmake /special/ros2_ws/src/crazyswarm2/crazyflie -DCMAKE_INSTALL_PREFIX=/special/ros2_ws/install/crazyflie
[0.201s] -- Found ament_cmake: 1.3.5 (/opt/ros/humble/share/ament_cmake/cmake)
[0.313s] -- Override CMake install command with custom implementation using symlinks instead of copying resources
[0.319s] -- Found rclcpp: 16.0.4 (/opt/ros/humble/share/rclcpp/cmake)
[0.347s] -- Found rosidl_generator_c: 3.1.4 (/opt/ros/humble/share/rosidl_generator_c/cmake)
[0.349s] -- Found rosidl_adapter: 3.1.4 (/opt/ros/humble/share/rosidl_adapter/cmake)
[0.356s] -- Found rosidl_generator_cpp: 3.1.4 (/opt/ros/humble/share/rosidl_generator_cpp/cmake)
[0.367s] -- Using all available rosidl_typesupport_c: rosidl_typesupport_fastrtps_c;rosidl_typesupport_introspection_c
[0.384s] -- Using all available rosidl_typesupport_cpp: rosidl_typesupport_fastrtps_cpp;rosidl_typesupport_introspection_cpp
[0.448s] -- Found rmw_implementation_cmake: 6.1.1 (/opt/ros/humble/share/rmw_implementation_cmake/cmake)
[0.449s] -- Found rmw_fastrtps_cpp: 6.2.2 (/opt/ros/humble/share/rmw_fastrtps_cpp/cmake)
[0.568s] -- Using RMW implementation 'rmw_fastrtps_cpp' as default
[0.676s] -- Found tf2_ros: 0.25.2 (/opt/ros/humble/share/tf2_ros/cmake)
[0.931s] -- Found rclpy: 3.3.8 (/opt/ros/humble/share/rclpy/cmake)
[0.931s] -- Found std_srvs: 4.2.3 (/opt/ros/humble/share/std_srvs/cmake)
[0.944s] -- Found sensor_msgs: 4.2.3 (/opt/ros/humble/share/sensor_msgs/cmake)
[1.000s] -- Found crazyflie_interfaces: 2.0.0 (/special/ros2_ws/install/crazyflie_interfaces/share/crazyflie_interfaces/cmake)
[1.066s] -- Found motion_capture_tracking_interfaces: 1.0.0 (/special/ros2_ws/install/motion_capture_tracking_interfaces/share/motion_capture_tracking_interfaces/cmake)
[1.212s] -- Configuring done
[1.241s] -- Generating done
[1.243s] -- Build files have been written to: /special/ros2_ws/build/crazyflie
[1.253s] Invoked command in '/special/ros2_ws/build/crazyflie' returned '0': CMAKE_PREFIX_PATH=/special/ros2_ws/install/motion_capture_tracking_interfaces:/special/ros2_ws/install/crazyflie_interfaces:/special/ros2_ws/install/motion_capture_tracking:/special/ros2_ws/install/crazyflie:/special/ros2_ws/install/crazyflie_sim:/special/ros2_ws/install/crazyflie_examples:/special/ros2_ws/install/tracking_broadcast:/special/ros2_ws/install/crazyflie_py:/opt/ros/humble /usr/bin/cmake /special/ros2_ws/src/crazyswarm2/crazyflie -DCMAKE_INSTALL_PREFIX=/special/ros2_ws/install/crazyflie
[1.254s] Invoking command in '/special/ros2_ws/build/crazyflie': CMAKE_PREFIX_PATH=/special/ros2_ws/install/motion_capture_tracking_interfaces:/special/ros2_ws/install/crazyflie_interfaces:/special/ros2_ws/install/motion_capture_tracking:/special/ros2_ws/install/crazyflie:/special/ros2_ws/install/crazyflie_sim:/special/ros2_ws/install/crazyflie_examples:/special/ros2_ws/install/tracking_broadcast:/special/ros2_ws/install/crazyflie_py:/opt/ros/humble /usr/bin/cmake --build /special/ros2_ws/build/crazyflie -- -j8 -l8
[1.279s] [35m[1mConsolidate compiler generated dependencies of target teleop[0m
[1.280s] [35m[1mConsolidate compiler generated dependencies of target crazyflieLinkCpp[0m
[1.292s] [ 25%] Built target crazyflieLinkCpp
[1.299s] [35m[1mConsolidate compiler generated dependencies of target crazyflie_cpp[0m
[1.299s] [ 30%] Built target teleop
[1.309s] [ 38%] Built target crazyflie_cpp
[1.319s] [35m[1mConsolidate compiler generated dependencies of target listLogVariables[0m
[1.321s] [35m[1mConsolidate compiler generated dependencies of target listParams[0m
[1.322s] [35m[1mConsolidate compiler generated dependencies of target version[0m
[1.324s] [35m[1mConsolidate compiler generated dependencies of target scan[0m
[1.325s] [35m[1mConsolidate compiler generated dependencies of target crazyflie_server[0m
[1.328s] [35m[1mConsolidate compiler generated dependencies of target listMemories[0m
[1.329s] [35m[1mConsolidate compiler generated dependencies of target battery[0m
[1.331s] [35m[1mConsolidate compiler generated dependencies of target reboot[0m
[1.345s] [ 44%] Built target listLogVariables
[1.347s] [ 55%] Built target listMemories
[1.347s] [ 55%] Built target scan
[1.347s] [ 61%] Built target listParams
[1.353s] [ 83%] Built target crazyflie_server
[1.353s] [ 83%] Built target battery
[1.354s] [ 83%] Built target reboot
[1.354s] [ 83%] Built target version
[1.356s] [35m[1mConsolidate compiler generated dependencies of target console[0m
[1.362s] [35m[1mConsolidate compiler generated dependencies of target log[0m
[1.362s] [35m[1mConsolidate compiler generated dependencies of target setParam[0m
[1.368s] [ 88%] Built target console
[1.377s] [ 94%] Built target log
[1.380s] [100%] Built target setParam
[1.388s] Invoked command in '/special/ros2_ws/build/crazyflie' returned '0': CMAKE_PREFIX_PATH=/special/ros2_ws/install/motion_capture_tracking_interfaces:/special/ros2_ws/install/crazyflie_interfaces:/special/ros2_ws/install/motion_capture_tracking:/special/ros2_ws/install/crazyflie:/special/ros2_ws/install/crazyflie_sim:/special/ros2_ws/install/crazyflie_examples:/special/ros2_ws/install/tracking_broadcast:/special/ros2_ws/install/crazyflie_py:/opt/ros/humble /usr/bin/cmake --build /special/ros2_ws/build/crazyflie -- -j8 -l8
[1.408s] Invoking command in '/special/ros2_ws/build/crazyflie': CMAKE_PREFIX_PATH=/special/ros2_ws/install/motion_capture_tracking_interfaces:/special/ros2_ws/install/crazyflie_interfaces:/special/ros2_ws/install/motion_capture_tracking:/special/ros2_ws/install/crazyflie:/special/ros2_ws/install/crazyflie_sim:/special/ros2_ws/install/crazyflie_examples:/special/ros2_ws/install/tracking_broadcast:/special/ros2_ws/install/crazyflie_py:/opt/ros/humble /usr/bin/cmake --install /special/ros2_ws/build/crazyflie
[1.414s] -- Install configuration: ""
[1.414s] -- Execute custom install script
[1.414s] -- Up-to-date symlink: /special/ros2_ws/install/crazyflie/lib/crazyflie/scan
[1.414s] -- Up-to-date symlink: /special/ros2_ws/install/crazyflie/lib/crazyflie/listParams
[1.415s] -- Up-to-date symlink: /special/ros2_ws/install/crazyflie/lib/crazyflie/listLogVariables
[1.415s] -- Up-to-date symlink: /special/ros2_ws/install/crazyflie/lib/crazyflie/listMemories
[1.415s] -- Up-to-date symlink: /special/ros2_ws/install/crazyflie/lib/crazyflie/reboot
[1.415s] -- Up-to-date symlink: /special/ros2_ws/install/crazyflie/lib/crazyflie/battery
[1.415s] -- Up-to-date symlink: /special/ros2_ws/install/crazyflie/lib/crazyflie/version
[1.415s] -- Up-to-date symlink: /special/ros2_ws/install/crazyflie/lib/crazyflie/console
[1.415s] -- Up-to-date symlink: /special/ros2_ws/install/crazyflie/lib/crazyflie/log
[1.415s] -- Up-to-date symlink: /special/ros2_ws/install/crazyflie/lib/crazyflie/setParam
[1.415s] -- Up-to-date symlink: /special/ros2_ws/install/crazyflie/lib/crazyflie/teleop
[1.416s] -- Up-to-date symlink: /special/ros2_ws/install/crazyflie/lib/crazyflie/crazyflie_server
[1.416s] -- Up-to-date symlink: /special/ros2_ws/install/crazyflie/lib/crazyflie/crazyflie_server.py
[1.416s] -- Up-to-date symlink: /special/ros2_ws/install/crazyflie/lib/crazyflie/chooser.py
[1.416s] -- Up-to-date symlink: /special/ros2_ws/install/crazyflie/lib/crazyflie/vel_mux.py
[1.416s] -- Up-to-date symlink: /special/ros2_ws/install/crazyflie/lib/crazyflie/cfmult.py
[1.416s] -- Up-to-date symlink: /special/ros2_ws/install/crazyflie/share/crazyflie//launch/launch.py
[1.416s] -- Up-to-date symlink: /special/ros2_ws/install/crazyflie/share/crazyflie//launch/launch_teleop2.py
[1.416s] -- Up-to-date symlink: /special/ros2_ws/install/crazyflie/share/crazyflie//launch/teleop_launch.py
[1.417s] -- Up-to-date symlink: /special/ros2_ws/install/crazyflie/share/crazyflie//config/.crazyflies.yaml.swo
[1.417s] -- Up-to-date symlink: /special/ros2_ws/install/crazyflie/share/crazyflie//config/.crazyflies.yaml.swp
[1.417s] -- Up-to-date symlink: /special/ros2_ws/install/crazyflie/share/crazyflie//config/config.rviz
[1.417s] -- Up-to-date symlink: /special/ros2_ws/install/crazyflie/share/crazyflie//config/crazyflies.yaml
[1.417s] -- Up-to-date symlink: /special/ros2_ws/install/crazyflie/share/crazyflie//config/motion_capture.yaml
[1.417s] -- Up-to-date symlink: /special/ros2_ws/install/crazyflie/share/crazyflie//config/server.yaml
[1.417s] -- Up-to-date symlink: /special/ros2_ws/install/crazyflie/share/crazyflie//config/teleop.yaml
[1.417s] -- Up-to-date symlink: /special/ros2_ws/install/crazyflie/share/ament_index/resource_index/package_run_dependencies/crazyflie
[1.417s] -- Up-to-date symlink: /special/ros2_ws/install/crazyflie/share/ament_index/resource_index/parent_prefix_path/crazyflie
[1.417s] -- Up-to-date symlink: /special/ros2_ws/install/crazyflie/share/crazyflie/environment/ament_prefix_path.sh
[1.418s] -- Up-to-date symlink: /special/ros2_ws/install/crazyflie/share/crazyflie/environment/ament_prefix_path.dsv
[1.418s] -- Up-to-date symlink: /special/ros2_ws/install/crazyflie/share/crazyflie/environment/path.sh
[1.418s] -- Up-to-date symlink: /special/ros2_ws/install/crazyflie/share/crazyflie/environment/path.dsv
[1.418s] -- Up-to-date symlink: /special/ros2_ws/install/crazyflie/share/crazyflie/local_setup.bash
[1.418s] -- Up-to-date symlink: /special/ros2_ws/install/crazyflie/share/crazyflie/local_setup.sh
[1.418s] -- Up-to-date symlink: /special/ros2_ws/install/crazyflie/share/crazyflie/local_setup.zsh
[1.418s] -- Up-to-date symlink: /special/ros2_ws/install/crazyflie/share/crazyflie/local_setup.dsv
[1.418s] -- Symlinking: /special/ros2_ws/install/crazyflie/share/crazyflie/package.dsv
[1.424s] -- Up-to-date symlink: /special/ros2_ws/install/crazyflie/share/ament_index/resource_index/packages/crazyflie
[1.424s] -- Up-to-date symlink: /special/ros2_ws/install/crazyflie/share/crazyflie/cmake/crazyflieConfig.cmake
[1.424s] -- Up-to-date symlink: /special/ros2_ws/install/crazyflie/share/crazyflie/cmake/crazyflieConfig-version.cmake
[1.424s] -- Up-to-date symlink: /special/ros2_ws/install/crazyflie/share/crazyflie/package.xml
[1.428s] Invoked command in '/special/ros2_ws/build/crazyflie' returned '0': CMAKE_PREFIX_PATH=/special/ros2_ws/install/motion_capture_tracking_interfaces:/special/ros2_ws/install/crazyflie_interfaces:/special/ros2_ws/install/motion_capture_tracking:/special/ros2_ws/install/crazyflie:/special/ros2_ws/install/crazyflie_sim:/special/ros2_ws/install/crazyflie_examples:/special/ros2_ws/install/tracking_broadcast:/special/ros2_ws/install/crazyflie_py:/opt/ros/humble /usr/bin/cmake --install /special/ros2_ws/build/crazyflie
